[master (root-commit) 77a231a] Make IRCclient
 Committer: CS24000 Account <cs240@data.cs.purdue.edu>
Your name and email address were configured automatically based
on your username and hostname. Please check that they are accurate.
You can suppress this message by setting them explicitly:

    git config --global user.name "Your Name"
    git config --global user.email you@example.com

After doing this, you may fix the identity used for this commit with:

    git commit --amend --reset-author

 15 files changed, 880 insertions(+)
 create mode 100644 .local.git.out
 create mode 100644 Makefile
 create mode 100755 TestIRCServer
 create mode 100644 TestIRCServer.c
 create mode 100755 entry
 create mode 100644 entry.c
 create mode 100755 hello
 create mode 100644 hello.c
 create mode 100755 panned
 create mode 100644 panned.c
 create mode 100755 radio
 create mode 100644 radio.c
 create mode 100644 talk-client.c
 create mode 100755 timer
 create mode 100644 timer.c
[master 9aa14c0] Make IRCclient
 Committer: CS24000 Account <cs240@data.cs.purdue.edu>
Your name and email address were configured automatically based
on your username and hostname. Please check that they are accurate.
You can suppress this message by setting them explicitly:

    git config --global user.name "Your Name"
    git config --global user.email you@example.com

After doing this, you may fix the identity used for this commit with:

    git commit --amend --reset-author

 1 file changed, 29 insertions(+)
[master cb98c5e] Make IRCclient
 Committer: CS24000 Account <cs240@data.cs.purdue.edu>
Your name and email address were configured automatically based
on your username and hostname. Please check that they are accurate.
You can suppress this message by setting them explicitly:

    git config --global user.name "Your Name"
    git config --global user.email you@example.com

After doing this, you may fix the identity used for this commit with:

    git commit --amend --reset-author

 1 file changed, 14 insertions(+)
[master 4267a97] Make IRCclient
 Committer: CS24000 Account <cs240@data.cs.purdue.edu>
Your name and email address were configured automatically based
on your username and hostname. Please check that they are accurate.
You can suppress this message by setting them explicitly:

    git config --global user.name "Your Name"
    git config --global user.email you@example.com

After doing this, you may fix the identity used for this commit with:

    git commit --amend --reset-author

 4 files changed, 167 insertions(+), 2 deletions(-)
 create mode 100755 IRCClient
 create mode 100644 IRCClient.cc
[master 6afcf58] Make IRCclient
 Committer: CS24000 Account <cs240@lore.cs.purdue.edu>
Your name and email address were configured automatically based
on your username and hostname. Please check that they are accurate.
You can suppress this message by setting them explicitly. Run the
following command and follow the instructions in your editor to edit
your configuration file:

    git config --global --edit

After doing this, you may fix the identity used for this commit with:

    git commit --amend --reset-author

 1 file changed, 16 insertions(+)
[master c521ccd] Make IRCclient
 Committer: CS24000 Account <cs240@data.cs.purdue.edu>
Your name and email address were configured automatically based
on your username and hostname. Please check that they are accurate.
You can suppress this message by setting them explicitly:

    git config --global user.name "Your Name"
    git config --global user.email you@example.com

After doing this, you may fix the identity used for this commit with:

    git commit --amend --reset-author

 1 file changed, 15 insertions(+)
[master c99f0a0] Make IRCclient
 Committer: CS24000 Account <cs240@data.cs.purdue.edu>
Your name and email address were configured automatically based
on your username and hostname. Please check that they are accurate.
You can suppress this message by setting them explicitly:

    git config --global user.name "Your Name"
    git config --global user.email you@example.com

After doing this, you may fix the identity used for this commit with:

    git commit --amend --reset-author

 4 files changed, 189 insertions(+), 2 deletions(-)
 create mode 100755 IRCClientTimer
 create mode 100644 IRCClientTimer.cc
[master 01912ca] Make IRCclient
 9 files changed, 16 insertions(+)
 rewrite IRCClient (82%)
 rewrite IRCClientTimer (83%)
 rewrite TestIRCServer (61%)
 rewrite entry (77%)
 rewrite panned (83%)
 rewrite timer (72%)
[master c07c0f3] Make IRCclient
 1 file changed, 8 insertions(+)
[master e498013] Make IRCclient
 1 file changed, 2 insertions(+)
[master d0e543e] Make IRCclient
 4 files changed, 787 insertions(+)
 create mode 100644 IRCServer
 create mode 100644 IRCServer.cpp
 create mode 100644 IRCServer.h
[master af8b91b] Make IRCclient
 1 file changed, 5 insertions(+)
[master b8452d3] Make IRCclient
 4 files changed, 647 insertions(+), 73 deletions(-)
 rewrite IRCClient (96%)
[master 8777fef] Make IRCclient
 1 file changed, 3 insertions(+)
[master ac4fb5a] Make IRCclient
 6 files changed, 402 insertions(+), 720 deletions(-)
 rewrite IRCClient (96%)
 rewrite IRCClient.cc (80%)
 rewrite entry (87%)
 create mode 100644 test.cc
[master 6322221] Make IRCclient
 3 files changed, 7 insertions(+), 1 deletion(-)
[master 7f1a8cb] Make IRCclient
 3 files changed, 3 insertions(+), 1 deletion(-)
[master a0f3073] Make IRCclient
 3 files changed, 9 insertions(+), 1 deletion(-)
[master a445aeb] Make IRCclient
 3 files changed, 3 insertions(+), 1 deletion(-)
[master cb29f7e] Make IRCclient
 3 files changed, 3 insertions(+), 1 deletion(-)
[master 30d2a3c] Make IRCclient
 1 file changed, 2 insertions(+)
[master 608cf8c] Make IRCclient
 3 files changed, 3 insertions(+), 1 deletion(-)
[master 3140241] Make IRCclient
 3 files changed, 3 insertions(+), 1 deletion(-)
[master c9e24fe] Make IRCclient
 3 files changed, 3 insertions(+), 1 deletion(-)
[master c0ec041] Make IRCclient
 3 files changed, 3 insertions(+), 1 deletion(-)
[master 552e531] Make IRCclient
 3 files changed, 33 insertions(+), 4 deletions(-)
 rewrite IRCClient (70%)
[master 5cdb4b1] Make IRCclient
 3 files changed, 4 insertions(+), 1 deletion(-)
[master 256ab47] Make IRCclient
 3 files changed, 3 insertions(+), 1 deletion(-)
[master 6524cde] Make IRCclient
 3 files changed, 3 insertions(+), 1 deletion(-)
[master 6d637b9] Make IRCclient
 3 files changed, 18 insertions(+), 1 deletion(-)
[master cab4d67] Make IRCclient
 3 files changed, 25 insertions(+), 16 deletions(-)
 rewrite IRCClient (60%)
[master 0584c47] Make IRCclient
 3 files changed, 4 insertions(+), 9 deletions(-)
[master 1f2c217] Make IRCclient
 2 files changed, 5 insertions(+), 2 deletions(-)
[master 319ecaa] Make IRCclient
 1 file changed, 2 insertions(+)
[master 5ef0f16] Make IRCclient
 3 files changed, 3 insertions(+), 1 deletion(-)
[master 90ca93d] Make IRCclient
 3 files changed, 3 insertions(+), 1 deletion(-)
[master 09ee0c5] Make IRCclient
 3 files changed, 4 insertions(+), 2 deletions(-)
[master c854705] Make IRCclient
 3 files changed, 3 insertions(+), 1 deletion(-)
[master 6091021] Make IRCclient
 3 files changed, 8 insertions(+), 6 deletions(-)
 rewrite IRCClient (60%)
[master 844dec1] Make IRCclient
 3 files changed, 7 insertions(+), 4 deletions(-)
 rewrite IRCClient (60%)
[master 22af866] Make IRCclient
 3 files changed, 4 insertions(+), 1 deletion(-)
[master a1762bd] Make IRCclient
 3 files changed, 4 insertions(+), 2 deletions(-)
[master 93aeaa3] Make IRCclient
 3 files changed, 5 insertions(+), 3 deletions(-)
 rewrite IRCClient (60%)
[master 460b09a] Make IRCclient
 3 files changed, 4 insertions(+), 1 deletion(-)
[master eaa265c] Make IRCclient
 3 files changed, 3 insertions(+), 1 deletion(-)
[master e663e95] Make IRCclient
 3 files changed, 3 insertions(+), 1 deletion(-)
[master e705f78] Make IRCclient
 3 files changed, 6 insertions(+), 4 deletions(-)
 rewrite IRCClient (60%)
[master bd3602e] Make IRCclient
 3 files changed, 3 insertions(+), 6 deletions(-)
[master ea57993] Make IRCclient
 1 file changed, 2 insertions(+)
[master 731f0c2] Make IRCclient
 2 files changed, 3 insertions(+), 1 deletion(-)
[master 0651ee3] Make IRCclient
 6 files changed, 57 insertions(+), 108 deletions(-)
 rewrite IRCClient (88%)
 create mode 100644 IRCClient.h
 delete mode 100644 test.cc
[master 0e545bf] Make IRCclient
 1 file changed, 5 insertions(+)
[master 8cf9a4c] Make IRCclient
 3 files changed, 3 insertions(+), 1 deletion(-)
[master 9d26a83] Make IRCclient
 1 file changed, 2 insertions(+)
[master 177d04b] Make IRCclient
 3 files changed, 4 insertions(+), 1 deletion(-)
 create mode 100644 talk-client.h
[master cd4e133] Make IRCclient
 3 files changed, 4 insertions(+), 1 deletion(-)
[master ea958d8] Make IRCclient
 3 files changed, 12 insertions(+)
 rewrite IRCClient (64%)
[master 3758aa6] Make IRCclient
 3 files changed, 16 insertions(+), 12 deletions(-)
[master e850e25] Make IRCclient
 3 files changed, 9 insertions(+), 2 deletions(-)
[master f2a7903] Make IRCclient
 3 files changed, 7 insertions(+)
[master 23bf236] Make IRCclient
 3 files changed, 13 insertions(+), 15 deletions(-)
 rewrite IRCClient (64%)
[master 9290ec3] Make IRCclient
 3 files changed, 4 insertions(+), 1 deletion(-)
[master ab6d0a7] Make IRCclient
 3 files changed, 5 insertions(+), 2 deletions(-)
[master 79be405] Make IRCclient
 3 files changed, 4 insertions(+), 1 deletion(-)
[master 0225bc5] Make IRCclient
 5 files changed, 14 insertions(+), 15 deletions(-)
[master c5b5662] Make IRCclient
 3 files changed, 16 insertions(+), 12 deletions(-)
[master dd2b170] Make IRCclient
 4 files changed, 16 insertions(+), 3 deletions(-)
 rewrite IRCClient (71%)
[master aee9949] Make IRCclient
 6 files changed, 95 insertions(+), 13 deletions(-)
 rewrite IRCClient (72%)
[master 1683b2a] Make IRCclient
 3 files changed, 4 insertions(+), 1 deletion(-)
[master c41c1b2] Make IRCclient
 3 files changed, 3 insertions(+), 1 deletion(-)
[master 20cede8] Make IRCclient
 3 files changed, 3 insertions(+), 1 deletion(-)
[master f45fd1c] Make IRCclient
 3 files changed, 3 insertions(+), 1 deletion(-)
[master 99e35ca] Make IRCclient
 3 files changed, 7 insertions(+), 5 deletions(-)
[master 4a3b2dd] Make IRCclient
 3 files changed, 7 insertions(+), 5 deletions(-)
[master 33cee9c] Make IRCclient
 3 files changed, 12 insertions(+), 3 deletions(-)
[master 5bcfa77] Make IRCclient
 1 file changed, 2 insertions(+)
[master e8d9cf4] Make IRCclient
 3 files changed, 4 insertions(+), 2 deletions(-)
[master 849fc27] Make IRCclient
 4 files changed, 27 insertions(+), 8 deletions(-)
 rewrite IRCClient (78%)
[master 41a49ce] Make IRCclient
 5 files changed, 10 insertions(+), 2 deletions(-)
[master 60c30ee] Make IRCclient
 5 files changed, 100 insertions(+), 5 deletions(-)
 rewrite IRCClient (74%)
[master 2ae3fb2] Make IRCclient
 5 files changed, 65 insertions(+), 5 deletions(-)
 rewrite IRCClient (84%)
[master 17feb2f] Make IRCclient
 4 files changed, 9 insertions(+), 4 deletions(-)
[master 94ae8cb] Make IRCclient
 5 files changed, 40 insertions(+), 8 deletions(-)
 rewrite IRCClient (94%)
[master f8d25d5] Make IRCclient
 5 files changed, 30 insertions(+), 6 deletions(-)
 rewrite IRCClient (80%)
[master 27a12a6] Make IRCclient
 3 files changed, 6 insertions(+), 3 deletions(-)
[master efc5020] Make IRCclient
 4 files changed, 6 insertions(+)
[master f80fd5c] Make IRCclient
 1 file changed, 2 insertions(+)
[master 18eae35] Make IRCclient
 3 files changed, 6 insertions(+), 1 deletion(-)
[master bb8207a] Make IRCclient
 3 files changed, 3 insertions(+), 1 deletion(-)
[master af2ec8e] Make IRCclient
 3 files changed, 6 insertions(+)
[master ae8ef51] Make IRCclient
 3 files changed, 4 insertions(+)
[master 713e2fe] Make IRCclient
 3 files changed, 4 insertions(+), 8 deletions(-)
[master d7810f6] Make IRCclient
 4 files changed, 5 insertions(+), 4 deletions(-)
[master 3aea62f] Make IRCclient
 3 files changed, 4 insertions(+), 1 deletion(-)
[master 33a0a60] Make IRCclient
 2 files changed, 8 insertions(+)
[master 30a8d22] Make IRCclient
 1 file changed, 2 insertions(+)
[master 3f25f1a] Make IRCclient
 2 files changed, 3 insertions(+), 1 deletion(-)
[master 3ba88d4] Make IRCclient
 2 files changed, 11 insertions(+), 6 deletions(-)
[master 1c3d160] Make IRCclient
 4 files changed, 6 insertions(+), 10 deletions(-)
[master f0c50bf] Make IRCclient
 4 files changed, 3 insertions(+), 1 deletion(-)
 create mode 100644 .timer.c.swp
[master e253087] Make IRCclient
 2 files changed, 3 insertions(+)
 create mode 100644 .IRCClient.cc.swp
[master 582bd05] Make IRCclient
 4 files changed, 5 insertions(+), 4 deletions(-)
 rename .IRCClient.cc.swp => .IRCClientTimer.cc.swp (60%)
[master 73c465c] Make IRCclient
 3 files changed, 8 insertions(+), 3 deletions(-)
[master f559451] Make IRCclient
 1 file changed, 2 insertions(+)
[master d8ca775] Make IRCclient
 3 files changed, 2 insertions(+)
 delete mode 100644 .IRCClientTimer.cc.swp
 delete mode 100644 .timer.c.swp
[master 2753116] Make IRCclient
 1 file changed, 4 insertions(+)
[master 65125de] Make IRCclient
 3 files changed, 5 insertions(+), 4 deletions(-)
[master a5fe7fd] Make IRCclient
 3 files changed, 3 insertions(+), 1 deletion(-)
[master 0399784] Make IRCclient
 3 files changed, 9 insertions(+), 2 deletions(-)
 rewrite IRCClient (72%)
[master 4340e03] Make IRCclient
 3 files changed, 4 insertions(+), 3 deletions(-)
[master 26c4767] Make IRCclient
 1 file changed, 2 insertions(+)
[master 86e25dd] Make IRCclient
 3 files changed, 5 insertions(+), 3 deletions(-)
 rewrite IRCClient (72%)
[master 370351c] Make IRCclient
 2 files changed, 19 insertions(+), 2 deletions(-)
[master 50e0989] Make IRCclient
 6 files changed, 42 insertions(+), 11 deletions(-)
 rewrite IRCClient (78%)
[master 2938357] Make IRCclient
 1 file changed, 3 insertions(+)
[master 314292e] Make IRCclient
 3 files changed, 5 insertions(+), 2 deletions(-)
[master 63a76ad] Make IRCclient
 2 files changed, 5 insertions(+), 4 deletions(-)
[master f182cac] Make IRCclient
 4 files changed, 5 insertions(+), 4 deletions(-)
[master 1e4a1d8] Make IRCclient
 3 files changed, 4 insertions(+), 2 deletions(-)
[master 0520149] Make IRCclient
 4 files changed, 9 insertions(+), 3 deletions(-)
[master 10ccc06] Make IRCclient
 4 files changed, 4 insertions(+), 2 deletions(-)
[master 3b2dbd2] Make IRCclient
 1 file changed, 2 insertions(+)
[master db831d9] Make IRCclient
 2 files changed, 4 insertions(+), 2 deletions(-)
[master a1147f4] Make IRCclient
 2 files changed, 3 insertions(+), 1 deletion(-)
[master 5387066] Make IRCclient
 2 files changed, 5 insertions(+), 3 deletions(-)
[master 4cb82fc] Make IRCclient
 4 files changed, 5 insertions(+), 2 deletions(-)
[master 644af45] Make IRCclient
 4 files changed, 6 insertions(+), 2 deletions(-)
[master e599844] Make IRCclient
 2 files changed, 4 insertions(+)
[master 3df9bdb] Make IRCclient
 2 files changed, 11 insertions(+), 6 deletions(-)
[master 088d1aa] Make IRCclient
 2 files changed, 8 insertions(+), 11 deletions(-)
[master 306d247] Make IRCclient
 3 files changed, 6 insertions(+), 2 deletions(-)
[master 0ed1d9c] Make IRCclient
 2 files changed, 4 insertions(+), 3 deletions(-)
[master ed740f0] Make IRCclient
 1 file changed, 2 insertions(+)
[master 7616e54] Make IRCclient
 4 files changed, 45 insertions(+), 26 deletions(-)
 rewrite IRCClient (79%)
[master 3c1f5ed] Make IRCclient
 3 files changed, 9 insertions(+), 1 deletion(-)
[master 19c01a7] Make IRCclient
 3 files changed, 21 insertions(+), 7 deletions(-)
 rewrite IRCClient (77%)
[master 6cf498e] Make IRCclient
 1 file changed, 3 insertions(+)
[master 453c9f1] Make IRCclient
 2 files changed, 3 insertions(+), 1 deletion(-)
[master 25386cc] Make IRCclient
 1 file changed, 2 insertions(+)
[master 8452777] Make IRCclient
 4 files changed, 4 insertions(+), 2 deletions(-)
[master e9b03b6] Make IRCclient
 2 files changed, 3 insertions(+), 1 deletion(-)
[master 6d6d13e] Make IRCclient
 1 file changed, 2 insertions(+)
[master 7d041fc] Make IRCclient
 2 files changed, 2 insertions(+)
[master a3fb895] Make IRCclient
 2 files changed, 2 insertions(+), 13 deletions(-)
[master 574f0ab] Make IRCclient
 2 files changed, 2 insertions(+)
 rewrite IRCClient (84%)
[master 8dc9206] Make IRCclient
 2 files changed, 4 insertions(+), 1 deletion(-)
[master 799af86] Make IRCclient
 1 file changed, 2 insertions(+)
[master 82b1f8d] Make IRCclient
 2 files changed, 2 insertions(+)
[master 74bda09] Make IRCclient
 3 files changed, 5 insertions(+), 2 deletions(-)
[master 81e5525] Make IRCclient
 2 files changed, 3 insertions(+), 1 deletion(-)
[master 81bcffb] Make IRCclient
 2 files changed, 2 insertions(+)
[master e7144db] Make IRCclient
 3 files changed, 3 insertions(+), 1 deletion(-)
[master 019a091] Make IRCclient
 3 files changed, 4 insertions(+), 2 deletions(-)
[master 1a57a23] Make IRCclient
 3 files changed, 10 insertions(+), 4 deletions(-)
[master 914a8ae] Make IRCclient
 2 files changed, 4 insertions(+), 1 deletion(-)
[master 06174fa] Make IRCclient
 2 files changed, 2 insertions(+)
[master a7888dc] Make IRCclient
 1 file changed, 2 insertions(+)
[master 5bb7c1b] Make IRCclient
 1 file changed, 2 insertions(+)
[master 6502c74] Make IRCclient
 1 file changed, 2 insertions(+)
[master 99d751a] Make IRCclient
 3 files changed, 31 insertions(+), 2 deletions(-)
 rewrite IRCClient (81%)
[master adc758c] Make IRCclient
 3 files changed, 27 insertions(+), 10 deletions(-)
[master 2df83f3] Make IRCclient
 3 files changed, 5 insertions(+), 3 deletions(-)
[master 82895f0] Make IRCclient
 3 files changed, 14 insertions(+), 53 deletions(-)
 rewrite IRCClient (84%)
[master 3118993] Make IRCclient
 3 files changed, 8 insertions(+), 2 deletions(-)
[master 77522a0] Make IRCclient
 1 file changed, 2 insertions(+)
[master 0714bb2] Make IRCclient
 3 files changed, 5 insertions(+), 3 deletions(-)
 rewrite IRCClient (65%)
[master f8f9dc5] Make IRCclient
 3 files changed, 6 insertions(+), 3 deletions(-)
[master b893761] Make IRCclient
 3 files changed, 3 insertions(+), 1 deletion(-)
[master 17039e0] Make IRCclient
 5 files changed, 20 insertions(+), 11 deletions(-)
 create mode 100755 .nfs0000000007dd6fb210f2c0a9
[master 1388b73] Make IRCclient
 2 files changed, 3 insertions(+)
 delete mode 100755 .nfs0000000007dd6fb210f2c0a9
[master c6cc85c] Make IRCclient
 3 files changed, 26 insertions(+), 26 deletions(-)
[master 3ea3009] Make IRCclient
 3 files changed, 12 insertions(+), 12 deletions(-)
[master 6f53ece] Make IRCclient
 1 file changed, 2 insertions(+)
[master 62ba1a0] Make IRCclient
 3 files changed, 6 insertions(+), 1 deletion(-)
[master 69589bb] Make IRCclient
 1 file changed, 2 insertions(+)
[master ceaee61] Make IRCclient
 3 files changed, 3 insertions(+), 1 deletion(-)
[master a5a9a6a] Make IRCclient
 3 files changed, 3 insertions(+), 1 deletion(-)
[master 3c1feff] Make IRCclient
 4 files changed, 7 insertions(+), 2 deletions(-)
[master d73b524] Make IRCclient
 3 files changed, 3 insertions(+), 1 deletion(-)
[master 8e3ec68] Make IRCclient
 2 files changed, 3 insertions(+), 1 deletion(-)
[master 3223763] Make IRCclient
 1 file changed, 2 insertions(+)
[master 9701000] Make IRCclient
 1 file changed, 2 insertions(+)
[master d8dbe41] Make IRCclient
 3 files changed, 17 insertions(+), 14 deletions(-)
 rewrite IRCClient (61%)
[master bc0b672] Make IRCclient
 3 files changed, 18 insertions(+), 16 deletions(-)
 rewrite IRCClient (60%)
[master e6277c3] Make IRCclient
 1 file changed, 3 insertions(+)
[master f74f540] Make IRCclient
 3 files changed, 5 insertions(+), 3 deletions(-)
 rewrite IRCClient (72%)
[master b0f73e8] Make IRCclient
 1 file changed, 3 insertions(+)
[master a449856] Make IRCclient
 1 file changed, 2 insertions(+)
