

-------------------------------------------------
CS240: lab7. cs240   
Sun Mar 26 14:55:47 EDT 2017
-------------------------------------------------
TestStack test1                     : 0   of 10 
TestMyString test1                  : 0   of 2  
TestMyString test2                  : 0   of 2  
TestMyString test3                  : 0   of 2  
TestMyString test4                  : 3   of 3  
TestMyString test5                  : 0   of 3  
TestMyString test6                  : 0   of 3  
TestMyString test7                  : 0   of 3  
TestMyString test8                  : 0   of 3  
TestMyString test9                  : 0   of 3  
TestMyString test10                 : 0   of 3  
TestMyString test11                 : 0   of 3  
-------------------------------------------------
CS240: lab7. cs240 Sun Mar 26 14:55:47 EDT 2017  Total:  3 of 40



-------------------------------------------------
CS240: lab7. cs240   
Sun Mar 26 15:54:54 EDT 2017
-------------------------------------------------
TestStack test1                     : 0   of 10 
TestMyString test1                  : 0   of 2  
TestMyString test2                  : 0   of 2  
TestMyString test3                  : 0   of 2  
TestMyString test4                  : 3   of 3  
TestMyString test5                  : 0   of 3  
TestMyString test6                  : 0   of 3  
TestMyString test7                  : 0   of 3  
TestMyString test8                  : 0   of 3  
TestMyString test9                  : 0   of 3  
TestMyString test10                 : 0   of 3  
TestMyString test11                 : 0   of 3  
-------------------------------------------------
CS240: lab7. cs240 Sun Mar 26 15:54:54 EDT 2017  Total:  3 of 40



-------------------------------------------------
CS240: lab9. cs240   
Sun Mar 26 15:57:43 EDT 2017
-------------------------------------------------
TestStack test1                     : 0   of 20 
TestMyString test1                  : 0   of 2  
TestMyString test2                  : 0   of 2  
TestMyString test3                  : 0   of 2  
TestMyString test4                  : 3   of 3  
TestMyString test5                  : 0   of 3  
TestMyString test6                  : 0   of 3  
TestMyString test7                  : 0   of 3  
TestMyString test8                  : 0   of 3  
TestMyString test9                  : 0   of 3  
TestMyString test10                 : 0   of 3  
TestMyString test11                 : 0   of 3  
TestDLList test1                    : 0   of 10 
TestDLList test2                    : 0   of 10 
TestDLList test3                    : 0   of 10 
TestDLList test4                    : 0   of 10 
TestDLList test5                    : 0   of 10 
-------------------------------------------------
CS240: lab9. cs240 Sun Mar 26 15:57:43 EDT 2017  Total:  3 of 100



-------------------------------------------------
CS240: lab9. cs240   
Sun Mar 26 16:06:56 EDT 2017
-------------------------------------------------
TestStack test1                     : 0   of 20 
TestMyString test1                  : 0   of 2  
TestMyString test2                  : 0   of 2  
TestMyString test3                  : 0   of 2  
TestMyString test4                  : 3   of 3  
TestMyString test5                  : 0   of 3  
TestMyString test6                  : 0   of 3  
TestMyString test7                  : 0   of 3  
TestMyString test8                  : 0   of 3  
TestMyString test9                  : 0   of 3  
TestMyString test10                 : 0   of 3  
TestMyString test11                 : 0   of 3  
TestDLList test1                    : 0   of 10 
TestDLList test2                    : 0   of 10 
TestDLList test3                    : 0   of 10 
TestDLList test4                    : 0   of 10 
TestDLList test5                    : 0   of 10 
-------------------------------------------------
CS240: lab9. cs240 Sun Mar 26 16:06:56 EDT 2017  Total:  3 of 100



-------------------------------------------------
CS240: lab9. cs240   
Sun Mar 26 16:07:06 EDT 2017
-------------------------------------------------
TestStack test1                     : 0   of 20 
TestMyString test1                  : 0   of 2  
TestMyString test2                  : 0   of 2  
TestMyString test3                  : 0   of 2  
TestMyString test4                  : 3   of 3  
TestMyString test5                  : 0   of 3  
TestMyString test6                  : 0   of 3  
TestMyString test7                  : 0   of 3  
TestMyString test8                  : 0   of 3  
TestMyString test9                  : 0   of 3  
TestMyString test10                 : 0   of 3  
TestMyString test11                 : 0   of 3  
TestDLList test1                    : 0   of 10 
TestDLList test2                    : 0   of 10 
TestDLList test3                    : 0   of 10 
TestDLList test4                    : 0   of 10 
TestDLList test5                    : 0   of 10 
-------------------------------------------------
CS240: lab9. cs240 Sun Mar 26 16:07:06 EDT 2017  Total:  3 of 100



-------------------------------------------------
CS240: lab9. cs240   
Sun Mar 26 16:07:46 EDT 2017
-------------------------------------------------
TestStack test1                     : 0   of 20 
TestMyString test1                  : 0   of 2  
TestMyString test2                  : 0   of 2  
TestMyString test3                  : 0   of 2  
TestMyString test4                  : 3   of 3  
TestMyString test5                  : 0   of 3  
TestMyString test6                  : 0   of 3  
TestMyString test7                  : 0   of 3  
TestMyString test8                  : 0   of 3  
TestMyString test9                  : 0   of 3  
TestMyString test10                 : 0   of 3  
TestMyString test11                 : 0   of 3  
TestDLList test1                    : 0   of 10 
TestDLList test2                    : 0   of 10 
TestDLList test3                    : 0   of 10 
TestDLList test4                    : 0   of 10 
TestDLList test5                    : 0   of 10 
-------------------------------------------------
CS240: lab9. cs240 Sun Mar 26 16:07:46 EDT 2017  Total:  3 of 100



-------------------------------------------------
CS240: lab9. ahn67   
Fri Mar 31 15:38:52 EDT 2017
-------------------------------------------------
TestStack test1                     : 0   of 20 
TestMyString test1                  : 0   of 2  
TestMyString test2                  : 0   of 2  
TestMyString test3                  : 0   of 2  
TestMyString test4                  : 0   of 3  
TestMyString test5                  : 0   of 3  
TestMyString test6                  : 0   of 3  
TestMyString test7                  : 0   of 3  
TestMyString test8                  : 0   of 3  
TestMyString test9                  : 0   of 3  
TestMyString test10                 : 0   of 3  
TestMyString test11                 : 0   of 3  
TestDLList test1                    : 0   of 10 
TestDLList test2                    : 0   of 10 
TestDLList test3                    : 0   of 10 
TestDLList test4                    : 0   of 10 
TestDLList test5                    : 0   of 10 
-------------------------------------------------
CS240: lab9. ahn67 Fri Mar 31 15:38:52 EDT 2017  Total:  0 of 100



-------------------------------------------------
CS240: lab9. ahn67   
Fri Mar 31 15:47:53 EDT 2017
-------------------------------------------------
TestStack test1                     : 0   of 20 
TestMyString test1                  : 0   of 2  
TestMyString test2                  : 0   of 2  
TestMyString test3                  : 0   of 2  
TestMyString test4                  : 0   of 3  
TestMyString test5                  : 0   of 3  
TestMyString test6                  : 0   of 3  
TestMyString test7                  : 0   of 3  
TestMyString test8                  : 0   of 3  
TestMyString test9                  : 0   of 3  
TestMyString test10                 : 0   of 3  
TestMyString test11                 : 0   of 3  
TestDLList test1                    : 0   of 10 
TestDLList test2                    : 0   of 10 
TestDLList test3                    : 0   of 10 
TestDLList test4                    : 0   of 10 
TestDLList test5                    : 0   of 10 
-------------------------------------------------
CS240: lab9. ahn67 Fri Mar 31 15:47:53 EDT 2017  Total:  0 of 100



-------------------------------------------------
CS240: lab9. ahn67   
Fri Mar 31 15:48:22 EDT 2017
-------------------------------------------------
TestStack test1                     : 0   of 20 
TestMyString test1                  : 0   of 2  
TestMyString test2                  : 0   of 2  
TestMyString test3                  : 0   of 2  
TestMyString test4                  : 0   of 3  
TestMyString test5                  : 0   of 3  
TestMyString test6                  : 0   of 3  
TestMyString test7                  : 0   of 3  
TestMyString test8                  : 0   of 3  
TestMyString test9                  : 0   of 3  
TestMyString test10                 : 0   of 3  
TestMyString test11                 : 0   of 3  
TestDLList test1                    : 0   of 10 
TestDLList test2                    : 0   of 10 
TestDLList test3                    : 0   of 10 
TestDLList test4                    : 0   of 10 
TestDLList test5                    : 0   of 10 
-------------------------------------------------
CS240: lab9. ahn67 Fri Mar 31 15:48:22 EDT 2017  Total:  0 of 100



-------------------------------------------------
CS240: lab9. ahn67   
Fri Mar 31 15:49:03 EDT 2017
-------------------------------------------------
TestStack test1                     : 0   of 20 
TestMyString test1                  : 0   of 2  
TestMyString test2                  : 0   of 2  
TestMyString test3                  : 0   of 2  
TestMyString test4                  : 0   of 3  
TestMyString test5                  : 0   of 3  
TestMyString test6                  : 0   of 3  
TestMyString test7                  : 0   of 3  
TestMyString test8                  : 0   of 3  
TestMyString test9                  : 0   of 3  
TestMyString test10                 : 0   of 3  
TestMyString test11                 : 0   of 3  
TestDLList test1                    : 0   of 10 
TestDLList test2                    : 0   of 10 
TestDLList test3                    : 0   of 10 
TestDLList test4                    : 0   of 10 
TestDLList test5                    : 0   of 10 
-------------------------------------------------
CS240: lab9. ahn67 Fri Mar 31 15:49:03 EDT 2017  Total:  0 of 100



-------------------------------------------------
CS240: lab9. ahn67   
Fri Mar 31 15:57:42 EDT 2017
-------------------------------------------------
TestStack test1                     : 0   of 20 
TestMyString test1                  : 0   of 2  
TestMyString test2                  : 0   of 2  
TestMyString test3                  : 0   of 2  
TestMyString test4                  : 0   of 3  
TestMyString test5                  : 0   of 3  
TestMyString test6                  : 0   of 3  
TestMyString test7                  : 0   of 3  
TestMyString test8                  : 0   of 3  
TestMyString test9                  : 0   of 3  
TestMyString test10                 : 0   of 3  
TestMyString test11                 : 0   of 3  
TestDLList test1                    : 0   of 10 
TestDLList test2                    : 0   of 10 
TestDLList test3                    : 0   of 10 
TestDLList test4                    : 0   of 10 
TestDLList test5                    : 0   of 10 
-------------------------------------------------
CS240: lab9. ahn67 Fri Mar 31 15:57:42 EDT 2017  Total:  0 of 100



-------------------------------------------------
CS240: lab9. ahn67   
Fri Mar 31 16:20:47 EDT 2017
-------------------------------------------------
TestStack test1                     : 0   of 20 
TestMyString test1                  : 2   of 2  
TestMyString test2                  : 2   of 2  
TestMyString test3                  : 2   of 2  
TestMyString test4                  : 3   of 3  
TestMyString test5                  : 0   of 3  
TestMyString test6                  : 0   of 3  
TestMyString test7                  : 0   of 3  
TestMyString test8                  : 0   of 3  
TestMyString test9                  : 0   of 3  
TestMyString test10                 : 0   of 3  
TestMyString test11                 : 0   of 3  
TestDLList test1                    : 0   of 10 
TestDLList test2                    : 0   of 10 
TestDLList test3                    : 0   of 10 
TestDLList test4                    : 0   of 10 
TestDLList test5                    : 0   of 10 
-------------------------------------------------
CS240: lab9. ahn67 Fri Mar 31 16:20:47 EDT 2017  Total:  9 of 100



-------------------------------------------------
CS240: lab9. ahn67   
Fri Mar 31 16:24:24 EDT 2017
-------------------------------------------------
TestStack test1                     : 0   of 20 
TestMyString test1                  : 2   of 2  
TestMyString test2                  : 2   of 2  
TestMyString test3                  : 2   of 2  
TestMyString test4                  : 3   of 3  
TestMyString test5                  : 0   of 3  
TestMyString test6                  : 0   of 3  
TestMyString test7                  : 0   of 3  
TestMyString test8                  : 0   of 3  
TestMyString test9                  : 0   of 3  
TestMyString test10                 : 0   of 3  
TestMyString test11                 : 3   of 3  
TestDLList test1                    : 0   of 10 
TestDLList test2                    : 0   of 10 
TestDLList test3                    : 0   of 10 
TestDLList test4                    : 0   of 10 
TestDLList test5                    : 0   of 10 
-------------------------------------------------
CS240: lab9. ahn67 Fri Mar 31 16:24:24 EDT 2017  Total:  12 of 100



-------------------------------------------------
CS240: lab9. ahn67   
Fri Mar 31 16:37:22 EDT 2017
-------------------------------------------------
TestStack test1                     : 0   of 20 
TestMyString test1                  : 2   of 2  
TestMyString test2                  : 2   of 2  
TestMyString test3                  : 2   of 2  
TestMyString test4                  : 3   of 3  
TestMyString test5                  : 0   of 3  
TestMyString test6                  : 0   of 3  
TestMyString test7                  : 0   of 3  
TestMyString test8                  : 0   of 3  
TestMyString test9                  : 0   of 3  
TestMyString test10                 : 0   of 3  
TestMyString test11                 : 3   of 3  
TestDLList test1                    : 0   of 10 
TestDLList test2                    : 0   of 10 
TestDLList test3                    : 0   of 10 
TestDLList test4                    : 0   of 10 
TestDLList test5                    : 0   of 10 
-------------------------------------------------
CS240: lab9. ahn67 Fri Mar 31 16:37:22 EDT 2017  Total:  12 of 100



-------------------------------------------------
CS240: lab9. ahn67   
Fri Mar 31 16:37:48 EDT 2017
-------------------------------------------------
TestStack test1                     : 20  of 20 
TestMyString test1                  : 2   of 2  
TestMyString test2                  : 2   of 2  
TestMyString test3                  : 2   of 2  
TestMyString test4                  : 3   of 3  
TestMyString test5                  : 0   of 3  
TestMyString test6                  : 0   of 3  
TestMyString test7                  : 0   of 3  
TestMyString test8                  : 0   of 3  
TestMyString test9                  : 0   of 3  
TestMyString test10                 : 0   of 3  
TestMyString test11                 : 3   of 3  
TestDLList test1                    : 0   of 10 
TestDLList test2                    : 0   of 10 
TestDLList test3                    : 0   of 10 
TestDLList test4                    : 0   of 10 
TestDLList test5                    : 0   of 10 
-------------------------------------------------
CS240: lab9. ahn67 Fri Mar 31 16:37:48 EDT 2017  Total:  32 of 100



-------------------------------------------------
CS240: lab9. ahn67   
Mon Apr  3 16:38:26 EDT 2017
-------------------------------------------------
TestStack test1                     : 20  of 20 
TestMyString test1                  : 0   of 2  
TestMyString test2                  : 0   of 2  
TestMyString test3                  : 0   of 2  
TestMyString test4                  : 0   of 3  
TestMyString test5                  : 0   of 3  
TestMyString test6                  : 0   of 3  
TestMyString test7                  : 0   of 3  
TestMyString test8                  : 0   of 3  
TestMyString test9                  : 0   of 3  
TestMyString test10                 : 0   of 3  
TestMyString test11                 : 0   of 3  
TestDLList test1                    : 0   of 10 
TestDLList test2                    : 0   of 10 
TestDLList test3                    : 0   of 10 
TestDLList test4                    : 0   of 10 
TestDLList test5                    : 0   of 10 
-------------------------------------------------
CS240: lab9. ahn67 Mon Apr 3 16:38:26 EDT 2017  Total:  20 of 100



-------------------------------------------------
CS240: lab9. ahn67   
Mon Apr  3 17:00:26 EDT 2017
-------------------------------------------------
TestStack test1                     : 20  of 20 
TestMyString test1                  : 0   of 2  
TestMyString test2                  : 0   of 2  
TestMyString test3                  : 0   of 2  
TestMyString test4                  : 0   of 3  
TestMyString test5                  : 0   of 3  
TestMyString test6                  : 0   of 3  
TestMyString test7                  : 0   of 3  
TestMyString test8                  : 0   of 3  
TestMyString test9                  : 0   of 3  
TestMyString test10                 : 0   of 3  
TestMyString test11                 : 0   of 3  
TestDLList test1                    : 0   of 10 
TestDLList test2                    : 0   of 10 
TestDLList test3                    : 0   of 10 
TestDLList test4                    : 0   of 10 
TestDLList test5                    : 0   of 10 
-------------------------------------------------
CS240: lab9. ahn67 Mon Apr 3 17:00:26 EDT 2017  Total:  20 of 100



-------------------------------------------------
CS240: lab9. ahn67   
Mon Apr  3 17:04:44 EDT 2017
-------------------------------------------------
TestStack test1                     : 20  of 20 
TestMyString test1                  : 0   of 2  
TestMyString test2                  : 0   of 2  
TestMyString test3                  : 0   of 2  
TestMyString test4                  : 0   of 3  
TestMyString test5                  : 0   of 3  
TestMyString test6                  : 0   of 3  
TestMyString test7                  : 0   of 3  
TestMyString test8                  : 0   of 3  
TestMyString test9                  : 0   of 3  
TestMyString test10                 : 0   of 3  
TestMyString test11                 : 0   of 3  
TestDLList test1                    : 0   of 10 
TestDLList test2                    : 0   of 10 
TestDLList test3                    : 0   of 10 
TestDLList test4                    : 0   of 10 
TestDLList test5                    : 0   of 10 
-------------------------------------------------
CS240: lab9. ahn67 Mon Apr 3 17:04:44 EDT 2017  Total:  20 of 100



-------------------------------------------------
CS240: lab9. ahn67   
Mon Apr  3 17:07:10 EDT 2017
-------------------------------------------------
TestStack test1                     : 20  of 20 
TestMyString test1                  : 0   of 2  
TestMyString test2                  : 0   of 2  
TestMyString test3                  : 0   of 2  
TestMyString test4                  : 0   of 3  
TestMyString test5                  : 0   of 3  
TestMyString test6                  : 0   of 3  
TestMyString test7                  : 0   of 3  
TestMyString test8                  : 0   of 3  
TestMyString test9                  : 0   of 3  
TestMyString test10                 : 0   of 3  
TestMyString test11                 : 0   of 3  
TestDLList test1                    : 0   of 10 
TestDLList test2                    : 0   of 10 
TestDLList test3                    : 0   of 10 
TestDLList test4                    : 0   of 10 
TestDLList test5                    : 0   of 10 
-------------------------------------------------
CS240: lab9. ahn67 Mon Apr 3 17:07:10 EDT 2017  Total:  20 of 100



-------------------------------------------------
CS240: lab9. ahn67   
Mon Apr  3 17:50:51 EDT 2017
-------------------------------------------------
TestStack test1                     : 20  of 20 
TestMyString test1                  : 2   of 2  
TestMyString test2                  : 2   of 2  
TestMyString test3                  : 2   of 2  
TestMyString test4                  : 3   of 3  
TestMyString test5                  : 0   of 3  
TestMyString test6                  : 0   of 3  
TestMyString test7                  : 0   of 3  
TestMyString test8                  : 0   of 3  
TestMyString test9                  : 0   of 3  
TestMyString test10                 : 0   of 3  
TestMyString test11                 : 3   of 3  
TestDLList test1                    : 0   of 10 
TestDLList test2                    : 0   of 10 
TestDLList test3                    : 0   of 10 
TestDLList test4                    : 0   of 10 
TestDLList test5                    : 0   of 10 
-------------------------------------------------
CS240: lab9. ahn67 Mon Apr 3 17:50:51 EDT 2017  Total:  32 of 100



-------------------------------------------------
CS240: lab9. ahn67   
Mon Apr  3 18:08:30 EDT 2017
-------------------------------------------------
TestStack test1                     : 20  of 20 
TestMyString test1                  : 2   of 2  
TestMyString test2                  : 2   of 2  
TestMyString test3                  : 2   of 2  
TestMyString test4                  : 3   of 3  
TestMyString test5                  : 0   of 3  
TestMyString test6                  : 0   of 3  
TestMyString test7                  : 0   of 3  
TestMyString test8                  : 0   of 3  
TestMyString test9                  : 0   of 3  
TestMyString test10                 : 0   of 3  
TestMyString test11                 : 3   of 3  
TestDLList test1                    : 0   of 10 
TestDLList test2                    : 0   of 10 
TestDLList test3                    : 0   of 10 
TestDLList test4                    : 0   of 10 
TestDLList test5                    : 0   of 10 
-------------------------------------------------
CS240: lab9. ahn67 Mon Apr 3 18:08:30 EDT 2017  Total:  32 of 100



-------------------------------------------------
CS240: lab9. ahn67   
Mon Apr  3 18:09:10 EDT 2017
-------------------------------------------------
TestStack test1                     : 20  of 20 
TestMyString test1                  : 0   of 2  
TestMyString test2                  : 0   of 2  
TestMyString test3                  : 0   of 2  
TestMyString test4                  : 0   of 3  
TestMyString test5                  : 0   of 3  
TestMyString test6                  : 0   of 3  
TestMyString test7                  : 0   of 3  
TestMyString test8                  : 0   of 3  
TestMyString test9                  : 0   of 3  
TestMyString test10                 : 0   of 3  
TestMyString test11                 : 0   of 3  
TestDLList test1                    : 0   of 10 
TestDLList test2                    : 0   of 10 
TestDLList test3                    : 0   of 10 
TestDLList test4                    : 0   of 10 
TestDLList test5                    : 0   of 10 
-------------------------------------------------
CS240: lab9. ahn67 Mon Apr 3 18:09:10 EDT 2017  Total:  20 of 100



-------------------------------------------------
CS240: lab9. ahn67   
Mon Apr  3 18:09:44 EDT 2017
-------------------------------------------------
TestStack test1                     : 20  of 20 
TestMyString test1                  : 0   of 2  
TestMyString test2                  : 0   of 2  
TestMyString test3                  : 0   of 2  
TestMyString test4                  : 0   of 3  
TestMyString test5                  : 0   of 3  
TestMyString test6                  : 0   of 3  
TestMyString test7                  : 0   of 3  
TestMyString test8                  : 0   of 3  
TestMyString test9                  : 0   of 3  
TestMyString test10                 : 0   of 3  
TestMyString test11                 : 0   of 3  
TestDLList test1                    : 0   of 10 
TestDLList test2                    : 0   of 10 
TestDLList test3                    : 0   of 10 
TestDLList test4                    : 0   of 10 
TestDLList test5                    : 0   of 10 
-------------------------------------------------
CS240: lab9. ahn67 Mon Apr 3 18:09:44 EDT 2017  Total:  20 of 100



-------------------------------------------------
CS240: lab9. ahn67   
Mon Apr  3 18:09:48 EDT 2017
-------------------------------------------------
TestStack test1                     : 20  of 20 
TestMyString test1                  : 0   of 2  
TestMyString test2                  : 0   of 2  
TestMyString test3                  : 0   of 2  
TestMyString test4                  : 0   of 3  
TestMyString test5                  : 0   of 3  
TestMyString test6                  : 0   of 3  
TestMyString test7                  : 0   of 3  
TestMyString test8                  : 0   of 3  
TestMyString test9                  : 0   of 3  
TestMyString test10                 : 0   of 3  
TestMyString test11                 : 0   of 3  
TestDLList test1                    : 0   of 10 
TestDLList test2                    : 0   of 10 
TestDLList test3                    : 0   of 10 
TestDLList test4                    : 0   of 10 
TestDLList test5                    : 0   of 10 
-------------------------------------------------
CS240: lab9. ahn67 Mon Apr 3 18:09:48 EDT 2017  Total:  20 of 100



-------------------------------------------------
CS240: lab9. ahn67   
Mon Apr  3 18:10:15 EDT 2017
-------------------------------------------------
TestStack test1                     : 20  of 20 
TestMyString test1                  : 2   of 2  
TestMyString test2                  : 2   of 2  
TestMyString test3                  : 2   of 2  
TestMyString test4                  : 3   of 3  
TestMyString test5                  : 3   of 3  
TestMyString test6                  : 3   of 3  
TestMyString test7                  : 0   of 3  
TestMyString test8                  : 0   of 3  
TestMyString test9                  : 0   of 3  
TestMyString test10                 : 0   of 3  
TestMyString test11                 : 3   of 3  
TestDLList test1                    : 0   of 10 
TestDLList test2                    : 0   of 10 
TestDLList test3                    : 0   of 10 
TestDLList test4                    : 0   of 10 
TestDLList test5                    : 0   of 10 
-------------------------------------------------
CS240: lab9. ahn67 Mon Apr 3 18:10:15 EDT 2017  Total:  38 of 100



-------------------------------------------------
CS240: lab9. ahn67   
Mon Apr  3 18:12:52 EDT 2017
-------------------------------------------------
TestStack test1                     : 20  of 20 
TestMyString test1                  : 0   of 2  
TestMyString test2                  : 0   of 2  
TestMyString test3                  : 0   of 2  
TestMyString test4                  : 0   of 3  
TestMyString test5                  : 0   of 3  
TestMyString test6                  : 0   of 3  
TestMyString test7                  : 0   of 3  
TestMyString test8                  : 0   of 3  
TestMyString test9                  : 0   of 3  
TestMyString test10                 : 0   of 3  
TestMyString test11                 : 0   of 3  
TestDLList test1                    : 0   of 10 
TestDLList test2                    : 0   of 10 
TestDLList test3                    : 0   of 10 
TestDLList test4                    : 0   of 10 
TestDLList test5                    : 0   of 10 
-------------------------------------------------
CS240: lab9. ahn67 Mon Apr 3 18:12:52 EDT 2017  Total:  20 of 100



-------------------------------------------------
CS240: lab9. ahn67   
Mon Apr  3 18:13:03 EDT 2017
-------------------------------------------------
TestStack test1                     : 20  of 20 
TestMyString test1                  : 0   of 2  
TestMyString test2                  : 0   of 2  
TestMyString test3                  : 0   of 2  
TestMyString test4                  : 0   of 3  
TestMyString test5                  : 0   of 3  
TestMyString test6                  : 0   of 3  
TestMyString test7                  : 0   of 3  
TestMyString test8                  : 0   of 3  
TestMyString test9                  : 0   of 3  
TestMyString test10                 : 0   of 3  
TestMyString test11                 : 0   of 3  
TestDLList test1                    : 0   of 10 
TestDLList test2                    : 0   of 10 
TestDLList test3                    : 0   of 10 
TestDLList test4                    : 0   of 10 
TestDLList test5                    : 0   of 10 
-------------------------------------------------
CS240: lab9. ahn67 Mon Apr 3 18:13:03 EDT 2017  Total:  20 of 100



-------------------------------------------------
CS240: lab9. ahn67   
Mon Apr  3 18:13:28 EDT 2017
-------------------------------------------------
TestStack test1                     : 20  of 20 
TestMyString test1                  : 2   of 2  
TestMyString test2                  : 2   of 2  
TestMyString test3                  : 2   of 2  
TestMyString test4                  : 3   of 3  
TestMyString test5                  : 3   of 3  
TestMyString test6                  : 3   of 3  
TestMyString test7                  : 0   of 3  
TestMyString test8                  : 0   of 3  
TestMyString test9                  : 0   of 3  
TestMyString test10                 : 0   of 3  
TestMyString test11                 : 3   of 3  
TestDLList test1                    : 0   of 10 
TestDLList test2                    : 0   of 10 
TestDLList test3                    : 0   of 10 
TestDLList test4                    : 0   of 10 
TestDLList test5                    : 0   of 10 
-------------------------------------------------
CS240: lab9. ahn67 Mon Apr 3 18:13:28 EDT 2017  Total:  38 of 100



-------------------------------------------------
CS240: lab9. ahn67   
Mon Apr  3 18:18:32 EDT 2017
-------------------------------------------------
TestStack test1                     : 20  of 20 
TestMyString test1                  : 2   of 2  
TestMyString test2                  : 2   of 2  
TestMyString test3                  : 2   of 2  
TestMyString test4                  : 3   of 3  
TestMyString test5                  : 3   of 3  
TestMyString test6                  : 3   of 3  
TestMyString test7                  : 0   of 3  
TestMyString test8                  : 0   of 3  
TestMyString test9                  : 0   of 3  
TestMyString test10                 : 0   of 3  
TestMyString test11                 : 3   of 3  
TestDLList test1                    : 0   of 10 
TestDLList test2                    : 0   of 10 
TestDLList test3                    : 0   of 10 
TestDLList test4                    : 0   of 10 
TestDLList test5                    : 0   of 10 
-------------------------------------------------
CS240: lab9. ahn67 Mon Apr 3 18:18:32 EDT 2017  Total:  38 of 100



-------------------------------------------------
CS240: lab9. ahn67   
Mon Apr  3 18:21:52 EDT 2017
-------------------------------------------------
TestStack test1                     : 20  of 20 
TestMyString test1                  : 2   of 2  
TestMyString test2                  : 2   of 2  
TestMyString test3                  : 2   of 2  
TestMyString test4                  : 3   of 3  
TestMyString test5                  : 3   of 3  
TestMyString test6                  : 3   of 3  
TestMyString test7                  : 0   of 3  
TestMyString test8                  : 0   of 3  
TestMyString test9                  : 0   of 3  
TestMyString test10                 : 0   of 3  
TestMyString test11                 : 3   of 3  
TestDLList test1                    : 0   of 10 
TestDLList test2                    : 0   of 10 
TestDLList test3                    : 0   of 10 
TestDLList test4                    : 0   of 10 
TestDLList test5                    : 0   of 10 
-------------------------------------------------
CS240: lab9. ahn67 Mon Apr 3 18:21:52 EDT 2017  Total:  38 of 100



-------------------------------------------------
CS240: lab9. ahn67   
Mon Apr  3 18:22:13 EDT 2017
-------------------------------------------------
TestStack test1                     : 20  of 20 
TestMyString test1                  : 2   of 2  
TestMyString test2                  : 2   of 2  
TestMyString test3                  : 2   of 2  
TestMyString test4                  : 3   of 3  
TestMyString test5                  : 3   of 3  
TestMyString test6                  : 3   of 3  
TestMyString test7                  : 0   of 3  
TestMyString test8                  : 0   of 3  
TestMyString test9                  : 0   of 3  
TestMyString test10                 : 0   of 3  
TestMyString test11                 : 3   of 3  
TestDLList test1                    : 0   of 10 
TestDLList test2                    : 0   of 10 
TestDLList test3                    : 0   of 10 
TestDLList test4                    : 0   of 10 
TestDLList test5                    : 0   of 10 
-------------------------------------------------
CS240: lab9. ahn67 Mon Apr 3 18:22:13 EDT 2017  Total:  38 of 100



-------------------------------------------------
CS240: lab9. ahn67   
Mon Apr  3 18:22:34 EDT 2017
-------------------------------------------------
TestStack test1                     : 20  of 20 
TestMyString test1                  : 2   of 2  
TestMyString test2                  : 2   of 2  
TestMyString test3                  : 2   of 2  
TestMyString test4                  : 3   of 3  
TestMyString test5                  : 3   of 3  
TestMyString test6                  : 3   of 3  
TestMyString test7                  : 3   of 3  
TestMyString test8                  : 0   of 3  
TestMyString test9                  : 0   of 3  
TestMyString test10                 : 0   of 3  
TestMyString test11                 : 3   of 3  
TestDLList test1                    : 0   of 10 
TestDLList test2                    : 0   of 10 
TestDLList test3                    : 0   of 10 
TestDLList test4                    : 0   of 10 
TestDLList test5                    : 0   of 10 
-------------------------------------------------
CS240: lab9. ahn67 Mon Apr 3 18:22:34 EDT 2017  Total:  41 of 100



-------------------------------------------------
CS240: lab9. ahn67   
Mon Apr  3 18:23:44 EDT 2017
-------------------------------------------------
TestStack test1                     : 20  of 20 
TestMyString test1                  : 0   of 2  
TestMyString test2                  : 0   of 2  
TestMyString test3                  : 0   of 2  
TestMyString test4                  : 0   of 3  
TestMyString test5                  : 0   of 3  
TestMyString test6                  : 0   of 3  
TestMyString test7                  : 0   of 3  
TestMyString test8                  : 0   of 3  
TestMyString test9                  : 0   of 3  
TestMyString test10                 : 0   of 3  
TestMyString test11                 : 0   of 3  
TestDLList test1                    : 0   of 10 
TestDLList test2                    : 0   of 10 
TestDLList test3                    : 0   of 10 
TestDLList test4                    : 0   of 10 
TestDLList test5                    : 0   of 10 
-------------------------------------------------
CS240: lab9. ahn67 Mon Apr 3 18:23:44 EDT 2017  Total:  20 of 100



-------------------------------------------------
CS240: lab9. ahn67   
Mon Apr  3 18:24:21 EDT 2017
-------------------------------------------------
TestStack test1                     : 20  of 20 
TestMyString test1                  : 2   of 2  
TestMyString test2                  : 2   of 2  
TestMyString test3                  : 2   of 2  
TestMyString test4                  : 3   of 3  
TestMyString test5                  : 3   of 3  
TestMyString test6                  : 3   of 3  
TestMyString test7                  : 3   of 3  
TestMyString test8                  : 0   of 3  
TestMyString test9                  : 0   of 3  
TestMyString test10                 : 0   of 3  
TestMyString test11                 : 3   of 3  
TestDLList test1                    : 0   of 10 
TestDLList test2                    : 0   of 10 
TestDLList test3                    : 0   of 10 
TestDLList test4                    : 0   of 10 
TestDLList test5                    : 0   of 10 
-------------------------------------------------
CS240: lab9. ahn67 Mon Apr 3 18:24:21 EDT 2017  Total:  41 of 100



-------------------------------------------------
CS240: lab9. ahn67   
Mon Apr  3 18:27:25 EDT 2017
-------------------------------------------------
TestStack test1                     : 20  of 20 
TestMyString test1                  : 2   of 2  
TestMyString test2                  : 2   of 2  
TestMyString test3                  : 2   of 2  
TestMyString test4                  : 3   of 3  
TestMyString test5                  : 3   of 3  
TestMyString test6                  : 3   of 3  
TestMyString test7                  : 3   of 3  
TestMyString test8                  : 3   of 3  
TestMyString test9                  : 0   of 3  
TestMyString test10                 : 0   of 3  
TestMyString test11                 : 3   of 3  
TestDLList test1                    : 0   of 10 
TestDLList test2                    : 0   of 10 
TestDLList test3                    : 0   of 10 
TestDLList test4                    : 0   of 10 
TestDLList test5                    : 0   of 10 
-------------------------------------------------
CS240: lab9. ahn67 Mon Apr 3 18:27:25 EDT 2017  Total:  44 of 100



-------------------------------------------------
CS240: lab9. ahn67   
Mon Apr  3 18:27:56 EDT 2017
-------------------------------------------------
TestStack test1                     : 20  of 20 
TestMyString test1                  : 2   of 2  
TestMyString test2                  : 2   of 2  
TestMyString test3                  : 2   of 2  
TestMyString test4                  : 3   of 3  
TestMyString test5                  : 3   of 3  
TestMyString test6                  : 3   of 3  
TestMyString test7                  : 3   of 3  
TestMyString test8                  : 3   of 3  
TestMyString test9                  : 0   of 3  
TestMyString test10                 : 0   of 3  
TestMyString test11                 : 3   of 3  
TestDLList test1                    : 0   of 10 
TestDLList test2                    : 0   of 10 
TestDLList test3                    : 0   of 10 
TestDLList test4                    : 0   of 10 
TestDLList test5                    : 0   of 10 
-------------------------------------------------
CS240: lab9. ahn67 Mon Apr 3 18:27:56 EDT 2017  Total:  44 of 100



-------------------------------------------------
CS240: lab9. ahn67   
Mon Apr  3 18:28:27 EDT 2017
-------------------------------------------------
TestStack test1                     : 20  of 20 
TestMyString test1                  : 2   of 2  
TestMyString test2                  : 2   of 2  
TestMyString test3                  : 2   of 2  
TestMyString test4                  : 3   of 3  
TestMyString test5                  : 3   of 3  
TestMyString test6                  : 3   of 3  
TestMyString test7                  : 3   of 3  
TestMyString test8                  : 0   of 3  
TestMyString test9                  : 0   of 3  
TestMyString test10                 : 0   of 3  
TestMyString test11                 : 3   of 3  
TestDLList test1                    : 0   of 10 
TestDLList test2                    : 0   of 10 
TestDLList test3                    : 0   of 10 
TestDLList test4                    : 0   of 10 
TestDLList test5                    : 0   of 10 
-------------------------------------------------
CS240: lab9. ahn67 Mon Apr 3 18:28:27 EDT 2017  Total:  41 of 100



-------------------------------------------------
CS240: lab9. ahn67   
Mon Apr  3 18:28:59 EDT 2017
-------------------------------------------------
TestStack test1                     : 20  of 20 
TestMyString test1                  : 0   of 2  
TestMyString test2                  : 0   of 2  
TestMyString test3                  : 0   of 2  
TestMyString test4                  : 0   of 3  
TestMyString test5                  : 0   of 3  
TestMyString test6                  : 0   of 3  
TestMyString test7                  : 0   of 3  
TestMyString test8                  : 0   of 3  
TestMyString test9                  : 0   of 3  
TestMyString test10                 : 0   of 3  
TestMyString test11                 : 0   of 3  
TestDLList test1                    : 0   of 10 
TestDLList test2                    : 0   of 10 
TestDLList test3                    : 0   of 10 
TestDLList test4                    : 0   of 10 
TestDLList test5                    : 0   of 10 
-------------------------------------------------
CS240: lab9. ahn67 Mon Apr 3 18:28:59 EDT 2017  Total:  20 of 100



-------------------------------------------------
CS240: lab9. ahn67   
Mon Apr  3 18:29:10 EDT 2017
-------------------------------------------------
TestStack test1                     : 20  of 20 
TestMyString test1                  : 2   of 2  
TestMyString test2                  : 2   of 2  
TestMyString test3                  : 2   of 2  
TestMyString test4                  : 3   of 3  
TestMyString test5                  : 3   of 3  
TestMyString test6                  : 3   of 3  
TestMyString test7                  : 3   of 3  
TestMyString test8                  : 3   of 3  
TestMyString test9                  : 0   of 3  
TestMyString test10                 : 0   of 3  
TestMyString test11                 : 3   of 3  
TestDLList test1                    : 0   of 10 
TestDLList test2                    : 0   of 10 
TestDLList test3                    : 0   of 10 
TestDLList test4                    : 0   of 10 
TestDLList test5                    : 0   of 10 
-------------------------------------------------
CS240: lab9. ahn67 Mon Apr 3 18:29:10 EDT 2017  Total:  44 of 100



-------------------------------------------------
CS240: lab9. ahn67   
Mon Apr  3 18:35:13 EDT 2017
-------------------------------------------------
TestStack test1                     : 20  of 20 
TestMyString test1                  : 2   of 2  
TestMyString test2                  : 2   of 2  
TestMyString test3                  : 2   of 2  
TestMyString test4                  : 3   of 3  
TestMyString test5                  : 3   of 3  
TestMyString test6                  : 3   of 3  
TestMyString test7                  : 3   of 3  
TestMyString test8                  : 3   of 3  
TestMyString test9                  : 0   of 3  
TestMyString test10                 : 0   of 3  
TestMyString test11                 : 3   of 3  
TestDLList test1                    : 0   of 10 
TestDLList test2                    : 0   of 10 
TestDLList test3                    : 0   of 10 
TestDLList test4                    : 0   of 10 
TestDLList test5                    : 0   of 10 
-------------------------------------------------
CS240: lab9. ahn67 Mon Apr 3 18:35:13 EDT 2017  Total:  44 of 100



-------------------------------------------------
CS240: lab9. ahn67   
Mon Apr  3 18:38:54 EDT 2017
-------------------------------------------------
TestStack test1                     : 20  of 20 
TestMyString test1                  : 2   of 2  
TestMyString test2                  : 2   of 2  
TestMyString test3                  : 2   of 2  
TestMyString test4                  : 3   of 3  
TestMyString test5                  : 3   of 3  
TestMyString test6                  : 3   of 3  
TestMyString test7                  : 3   of 3  
TestMyString test8                  : 0   of 3  
TestMyString test9                  : 0   of 3  
TestMyString test10                 : 0   of 3  
TestMyString test11                 : 3   of 3  
TestDLList test1                    : 0   of 10 
TestDLList test2                    : 0   of 10 
TestDLList test3                    : 0   of 10 
TestDLList test4                    : 0   of 10 
TestDLList test5                    : 0   of 10 
-------------------------------------------------
CS240: lab9. ahn67 Mon Apr 3 18:38:54 EDT 2017  Total:  41 of 100



-------------------------------------------------
CS240: lab9. ahn67   
Mon Apr  3 18:39:26 EDT 2017
-------------------------------------------------
TestStack test1                     : 20  of 20 
TestMyString test1                  : 2   of 2  
TestMyString test2                  : 2   of 2  
TestMyString test3                  : 2   of 2  
TestMyString test4                  : 3   of 3  
TestMyString test5                  : 3   of 3  
TestMyString test6                  : 3   of 3  
TestMyString test7                  : 3   of 3  
TestMyString test8                  : 3   of 3  
TestMyString test9                  : 0   of 3  
TestMyString test10                 : 0   of 3  
TestMyString test11                 : 3   of 3  
TestDLList test1                    : 0   of 10 
TestDLList test2                    : 0   of 10 
TestDLList test3                    : 0   of 10 
TestDLList test4                    : 0   of 10 
TestDLList test5                    : 0   of 10 
-------------------------------------------------
CS240: lab9. ahn67 Mon Apr 3 18:39:26 EDT 2017  Total:  44 of 100



-------------------------------------------------
CS240: lab9. ahn67   
Mon Apr  3 18:39:51 EDT 2017
-------------------------------------------------
TestStack test1                     : 20  of 20 
TestMyString test1                  : 2   of 2  
TestMyString test2                  : 2   of 2  
TestMyString test3                  : 2   of 2  
TestMyString test4                  : 3   of 3  
TestMyString test5                  : 3   of 3  
TestMyString test6                  : 3   of 3  
TestMyString test7                  : 3   of 3  
TestMyString test8                  : 3   of 3  
TestMyString test9                  : 0   of 3  
TestMyString test10                 : 0   of 3  
TestMyString test11                 : 3   of 3  
TestDLList test1                    : 0   of 10 
TestDLList test2                    : 0   of 10 
TestDLList test3                    : 0   of 10 
TestDLList test4                    : 0   of 10 
TestDLList test5                    : 0   of 10 
-------------------------------------------------
CS240: lab9. ahn67 Mon Apr 3 18:39:51 EDT 2017  Total:  44 of 100



-------------------------------------------------
CS240: lab9. ahn67   
Mon Apr  3 18:40:09 EDT 2017
-------------------------------------------------
TestStack test1                     : 20  of 20 
TestMyString test1                  : 2   of 2  
TestMyString test2                  : 2   of 2  
TestMyString test3                  : 2   of 2  
TestMyString test4                  : 3   of 3  
TestMyString test5                  : 3   of 3  
TestMyString test6                  : 3   of 3  
TestMyString test7                  : 3   of 3  
TestMyString test8                  : 3   of 3  
TestMyString test9                  : 0   of 3  
TestMyString test10                 : 0   of 3  
TestMyString test11                 : 3   of 3  
TestDLList test1                    : 0   of 10 
TestDLList test2                    : 0   of 10 
TestDLList test3                    : 0   of 10 
TestDLList test4                    : 0   of 10 
TestDLList test5                    : 0   of 10 
-------------------------------------------------
CS240: lab9. ahn67 Mon Apr 3 18:40:09 EDT 2017  Total:  44 of 100



-------------------------------------------------
CS240: lab9. ahn67   
Mon Apr  3 18:40:44 EDT 2017
-------------------------------------------------
TestStack test1                     : 20  of 20 
TestMyString test1                  : 2   of 2  
TestMyString test2                  : 2   of 2  
TestMyString test3                  : 2   of 2  
TestMyString test4                  : 3   of 3  
TestMyString test5                  : 3   of 3  
TestMyString test6                  : 3   of 3  
TestMyString test7                  : 3   of 3  
TestMyString test8                  : 3   of 3  
TestMyString test9                  : 0   of 3  
TestMyString test10                 : 0   of 3  
TestMyString test11                 : 3   of 3  
TestDLList test1                    : 0   of 10 
TestDLList test2                    : 0   of 10 
TestDLList test3                    : 0   of 10 
TestDLList test4                    : 0   of 10 
TestDLList test5                    : 0   of 10 
-------------------------------------------------
CS240: lab9. ahn67 Mon Apr 3 18:40:44 EDT 2017  Total:  44 of 100



-------------------------------------------------
CS240: lab9. ahn67   
Mon Apr  3 19:06:01 EDT 2017
-------------------------------------------------
TestStack test1                     : 20  of 20 
TestMyString test1                  : 2   of 2  
TestMyString test2                  : 2   of 2  
TestMyString test3                  : 2   of 2  
TestMyString test4                  : 3   of 3  
TestMyString test5                  : 3   of 3  
TestMyString test6                  : 3   of 3  
TestMyString test7                  : 3   of 3  
TestMyString test8                  : 3   of 3  
TestMyString test9                  : 0   of 3  
TestMyString test10                 : 0   of 3  
TestMyString test11                 : 3   of 3  
TestDLList test1                    : 0   of 10 
TestDLList test2                    : 0   of 10 
TestDLList test3                    : 0   of 10 
TestDLList test4                    : 0   of 10 
TestDLList test5                    : 0   of 10 
-------------------------------------------------
CS240: lab9. ahn67 Mon Apr 3 19:06:01 EDT 2017  Total:  44 of 100



-------------------------------------------------
CS240: lab9. ahn67   
Mon Apr  3 19:14:30 EDT 2017
-------------------------------------------------
TestStack test1                     : 20  of 20 
TestMyString test1                  : 2   of 2  
TestMyString test2                  : 2   of 2  
TestMyString test3                  : 2   of 2  
TestMyString test4                  : 3   of 3  
TestMyString test5                  : 3   of 3  
TestMyString test6                  : 3   of 3  
TestMyString test7                  : 3   of 3  
TestMyString test8                  : 3   of 3  
TestMyString test9                  : 0   of 3  
TestMyString test10                 : 0   of 3  
TestMyString test11                 : 3   of 3  
TestDLList test1                    : 0   of 10 
TestDLList test2                    : 0   of 10 
TestDLList test3                    : 0   of 10 
TestDLList test4                    : 0   of 10 
TestDLList test5                    : 0   of 10 
-------------------------------------------------
CS240: lab9. ahn67 Mon Apr 3 19:14:30 EDT 2017  Total:  44 of 100



-------------------------------------------------
CS240: lab9. ahn67   
Mon Apr  3 19:21:12 EDT 2017
-------------------------------------------------
TestStack test1                     : 20  of 20 
TestMyString test1                  : 2   of 2  
TestMyString test2                  : 2   of 2  
TestMyString test3                  : 2   of 2  
TestMyString test4                  : 3   of 3  
TestMyString test5                  : 3   of 3  
TestMyString test6                  : 3   of 3  
TestMyString test7                  : 3   of 3  
TestMyString test8                  : 3   of 3  
TestMyString test9                  : 0   of 3  
TestMyString test10                 : 0   of 3  
TestMyString test11                 : 3   of 3  
TestDLList test1                    : 0   of 10 
TestDLList test2                    : 0   of 10 
TestDLList test3                    : 0   of 10 
TestDLList test4                    : 0   of 10 
TestDLList test5                    : 0   of 10 
-------------------------------------------------
CS240: lab9. ahn67 Mon Apr 3 19:21:12 EDT 2017  Total:  44 of 100



-------------------------------------------------
CS240: lab9. ahn67   
Mon Apr  3 19:43:22 EDT 2017
-------------------------------------------------
TestStack test1                     : 20  of 20 
TestMyString test1                  : 2   of 2  
TestMyString test2                  : 2   of 2  
TestMyString test3                  : 2   of 2  
TestMyString test4                  : 3   of 3  
TestMyString test5                  : 3   of 3  
TestMyString test6                  : 3   of 3  
TestMyString test7                  : 3   of 3  
TestMyString test8                  : 3   of 3  
TestMyString test9                  : 3   of 3  
TestMyString test10                 : 0   of 3  
TestMyString test11                 : 3   of 3  
TestDLList test1                    : 0   of 10 
TestDLList test2                    : 0   of 10 
TestDLList test3                    : 0   of 10 
TestDLList test4                    : 0   of 10 
TestDLList test5                    : 0   of 10 
-------------------------------------------------
CS240: lab9. ahn67 Mon Apr 3 19:43:22 EDT 2017  Total:  47 of 100



-------------------------------------------------
CS240: lab9. ahn67   
Mon Apr  3 19:50:09 EDT 2017
-------------------------------------------------
TestStack test1                     : 20  of 20 
TestMyString test1                  : 2   of 2  
TestMyString test2                  : 2   of 2  
TestMyString test3                  : 2   of 2  
TestMyString test4                  : 3   of 3  
TestMyString test5                  : 3   of 3  
TestMyString test6                  : 3   of 3  
TestMyString test7                  : 3   of 3  
TestMyString test8                  : 3   of 3  
TestMyString test9                  : 3   of 3  
TestMyString test10                 : 3   of 3  
TestMyString test11                 : 3   of 3  
TestDLList test1                    : 0   of 10 
TestDLList test2                    : 0   of 10 
TestDLList test3                    : 0   of 10 
TestDLList test4                    : 0   of 10 
TestDLList test5                    : 0   of 10 
-------------------------------------------------
CS240: lab9. ahn67 Mon Apr 3 19:50:09 EDT 2017  Total:  50 of 100



-------------------------------------------------
CS240: lab9. ahn67   
Mon Apr  3 19:55:29 EDT 2017
-------------------------------------------------
TestStack test1                     : 20  of 20 
TestMyString test1                  : 2   of 2  
TestMyString test2                  : 2   of 2  
TestMyString test3                  : 2   of 2  
TestMyString test4                  : 3   of 3  
TestMyString test5                  : 3   of 3  
TestMyString test6                  : 3   of 3  
TestMyString test7                  : 3   of 3  
TestMyString test8                  : 3   of 3  
TestMyString test9                  : 3   of 3  
TestMyString test10                 : 3   of 3  
TestMyString test11                 : 3   of 3  
TestDLList test1                    : 0   of 10 
TestDLList test2                    : 0   of 10 
TestDLList test3                    : 0   of 10 
TestDLList test4                    : 0   of 10 
TestDLList test5                    : 0   of 10 
-------------------------------------------------
CS240: lab9. ahn67 Mon Apr 3 19:55:29 EDT 2017  Total:  50 of 100



-------------------------------------------------
CS240: lab9. ahn67   
Mon Apr  3 20:03:16 EDT 2017
-------------------------------------------------
TestStack test1                     : 20  of 20 
TestMyString test1                  : 2   of 2  
TestMyString test2                  : 2   of 2  
TestMyString test3                  : 2   of 2  
TestMyString test4                  : 3   of 3  
TestMyString test5                  : 3   of 3  
TestMyString test6                  : 3   of 3  
TestMyString test7                  : 3   of 3  
TestMyString test8                  : 3   of 3  
TestMyString test9                  : 3   of 3  
TestMyString test10                 : 3   of 3  
TestMyString test11                 : 3   of 3  
TestDLList test1                    : 0   of 10 
TestDLList test2                    : 0   of 10 
TestDLList test3                    : 0   of 10 
TestDLList test4                    : 0   of 10 
TestDLList test5                    : 0   of 10 
-------------------------------------------------
CS240: lab9. ahn67 Mon Apr 3 20:03:16 EDT 2017  Total:  50 of 100



-------------------------------------------------
CS240: lab9. ahn67   
Mon Apr  3 20:09:36 EDT 2017
-------------------------------------------------
TestStack test1                     : 20  of 20 
TestMyString test1                  : 2   of 2  
TestMyString test2                  : 2   of 2  
TestMyString test3                  : 2   of 2  
TestMyString test4                  : 3   of 3  
TestMyString test5                  : 3   of 3  
TestMyString test6                  : 3   of 3  
TestMyString test7                  : 3   of 3  
TestMyString test8                  : 3   of 3  
TestMyString test9                  : 3   of 3  
TestMyString test10                 : 3   of 3  
TestMyString test11                 : 3   of 3  
TestDLList test1                    : 10  of 10 
TestDLList test2                    : 0   of 10 
TestDLList test3                    : 0   of 10 
TestDLList test4                    : 0   of 10 
TestDLList test5                    : 0   of 10 
-------------------------------------------------
CS240: lab9. ahn67 Mon Apr 3 20:09:36 EDT 2017  Total:  60 of 100



-------------------------------------------------
CS240: lab9. ahn67   
Tue Apr  4 13:34:02 EDT 2017
-------------------------------------------------
TestStack test1                     : 20  of 20 
TestMyString test1                  : 2   of 2  
TestMyString test2                  : 2   of 2  
TestMyString test3                  : 2   of 2  
TestMyString test4                  : 3   of 3  
TestMyString test5                  : 3   of 3  
TestMyString test6                  : 3   of 3  
TestMyString test7                  : 3   of 3  
TestMyString test8                  : 3   of 3  
TestMyString test9                  : 3   of 3  
TestMyString test10                 : 3   of 3  
TestMyString test11                 : 3   of 3  
TestDLList test1                    : 10  of 10 
TestDLList test2                    : 0   of 10 
TestDLList test3                    : 0   of 10 
TestDLList test4                    : 0   of 10 
TestDLList test5                    : 0   of 10 
-------------------------------------------------
CS240: lab9. ahn67 Tue Apr 4 13:34:02 EDT 2017  Total:  60 of 100



-------------------------------------------------
CS240: lab9. ahn67   
Tue Apr  4 13:37:24 EDT 2017
-------------------------------------------------
TestStack test1                     : 20  of 20 
TestMyString test1                  : 2   of 2  
TestMyString test2                  : 2   of 2  
TestMyString test3                  : 2   of 2  
TestMyString test4                  : 3   of 3  
TestMyString test5                  : 3   of 3  
TestMyString test6                  : 3   of 3  
TestMyString test7                  : 3   of 3  
TestMyString test8                  : 3   of 3  
TestMyString test9                  : 3   of 3  
TestMyString test10                 : 3   of 3  
TestMyString test11                 : 3   of 3  
TestDLList test1                    : 10  of 10 
TestDLList test2                    : 0   of 10 
TestDLList test3                    : 0   of 10 
TestDLList test4                    : 0   of 10 
TestDLList test5                    : 0   of 10 
-------------------------------------------------
CS240: lab9. ahn67 Tue Apr 4 13:37:24 EDT 2017  Total:  60 of 100



-------------------------------------------------
CS240: lab9. ahn67   
Tue Apr  4 13:50:50 EDT 2017
-------------------------------------------------
TestStack test1                     : 20  of 20 
TestMyString test1                  : 2   of 2  
TestMyString test2                  : 2   of 2  
TestMyString test3                  : 2   of 2  
TestMyString test4                  : 3   of 3  
TestMyString test5                  : 3   of 3  
TestMyString test6                  : 3   of 3  
TestMyString test7                  : 3   of 3  
TestMyString test8                  : 3   of 3  
TestMyString test9                  : 3   of 3  
TestMyString test10                 : 3   of 3  
TestMyString test11                 : 3   of 3  
TestDLList test1                    : 0   of 10 
TestDLList test2                    : 0   of 10 
TestDLList test3                    : 0   of 10 
TestDLList test4                    : 0   of 10 
TestDLList test5                    : 0   of 10 
-------------------------------------------------
CS240: lab9. ahn67 Tue Apr 4 13:50:50 EDT 2017  Total:  50 of 100



-------------------------------------------------
CS240: lab9. ahn67   
Tue Apr  4 14:03:46 EDT 2017
-------------------------------------------------
TestStack test1                     : 20  of 20 
TestMyString test1                  : 2   of 2  
TestMyString test2                  : 2   of 2  
TestMyString test3                  : 2   of 2  
TestMyString test4                  : 3   of 3  
TestMyString test5                  : 3   of 3  
TestMyString test6                  : 3   of 3  
TestMyString test7                  : 3   of 3  
TestMyString test8                  : 3   of 3  
TestMyString test9                  : 3   of 3  
TestMyString test10                 : 3   of 3  
TestMyString test11                 : 3   of 3  
TestDLList test1                    : 10  of 10 
TestDLList test2                    : 0   of 10 
TestDLList test3                    : 0   of 10 
TestDLList test4                    : 0   of 10 
TestDLList test5                    : 0   of 10 
-------------------------------------------------
CS240: lab9. ahn67 Tue Apr 4 14:03:46 EDT 2017  Total:  60 of 100



-------------------------------------------------
CS240: lab9. ahn67   
Tue Apr  4 14:06:54 EDT 2017
-------------------------------------------------
TestStack test1                     : 20  of 20 
TestMyString test1                  : 2   of 2  
TestMyString test2                  : 2   of 2  
TestMyString test3                  : 2   of 2  
TestMyString test4                  : 3   of 3  
TestMyString test5                  : 3   of 3  
TestMyString test6                  : 3   of 3  
TestMyString test7                  : 3   of 3  
TestMyString test8                  : 3   of 3  
TestMyString test9                  : 3   of 3  
TestMyString test10                 : 3   of 3  
TestMyString test11                 : 3   of 3  
TestDLList test1                    : 10  of 10 
TestDLList test2                    : 0   of 10 
TestDLList test3                    : 0   of 10 
TestDLList test4                    : 0   of 10 
TestDLList test5                    : 0   of 10 
-------------------------------------------------
CS240: lab9. ahn67 Tue Apr 4 14:06:54 EDT 2017  Total:  60 of 100



-------------------------------------------------
CS240: lab9. ahn67   
Tue Apr  4 14:07:14 EDT 2017
-------------------------------------------------
TestStack test1                     : 20  of 20 
TestMyString test1                  : 2   of 2  
TestMyString test2                  : 2   of 2  
TestMyString test3                  : 2   of 2  
TestMyString test4                  : 3   of 3  
TestMyString test5                  : 3   of 3  
TestMyString test6                  : 3   of 3  
TestMyString test7                  : 3   of 3  
TestMyString test8                  : 3   of 3  
TestMyString test9                  : 3   of 3  
TestMyString test10                 : 3   of 3  
TestMyString test11                 : 3   of 3  
TestDLList test1                    : 10  of 10 
TestDLList test2                    : 0   of 10 
TestDLList test3                    : 0   of 10 
TestDLList test4                    : 0   of 10 
TestDLList test5                    : 0   of 10 
-------------------------------------------------
CS240: lab9. ahn67 Tue Apr 4 14:07:14 EDT 2017  Total:  60 of 100



-------------------------------------------------
CS240: lab9. ahn67   
Tue Apr  4 14:08:09 EDT 2017
-------------------------------------------------
TestStack test1                     : 20  of 20 
TestMyString test1                  : 2   of 2  
TestMyString test2                  : 2   of 2  
TestMyString test3                  : 2   of 2  
TestMyString test4                  : 3   of 3  
TestMyString test5                  : 3   of 3  
TestMyString test6                  : 3   of 3  
TestMyString test7                  : 3   of 3  
TestMyString test8                  : 3   of 3  
TestMyString test9                  : 3   of 3  
TestMyString test10                 : 3   of 3  
TestMyString test11                 : 3   of 3  
TestDLList test1                    : 10  of 10 
TestDLList test2                    : 0   of 10 
TestDLList test3                    : 0   of 10 
TestDLList test4                    : 0   of 10 
TestDLList test5                    : 0   of 10 
-------------------------------------------------
CS240: lab9. ahn67 Tue Apr 4 14:08:09 EDT 2017  Total:  60 of 100



-------------------------------------------------
CS240: lab9. ahn67   
Tue Apr  4 14:08:49 EDT 2017
-------------------------------------------------
TestStack test1                     : 20  of 20 
TestMyString test1                  : 2   of 2  
TestMyString test2                  : 2   of 2  
TestMyString test3                  : 2   of 2  
TestMyString test4                  : 3   of 3  
TestMyString test5                  : 3   of 3  
TestMyString test6                  : 3   of 3  
TestMyString test7                  : 3   of 3  
TestMyString test8                  : 3   of 3  
TestMyString test9                  : 3   of 3  
TestMyString test10                 : 3   of 3  
TestMyString test11                 : 3   of 3  
TestDLList test1                    : 10  of 10 
TestDLList test2                    : 0   of 10 
TestDLList test3                    : 0   of 10 
TestDLList test4                    : 0   of 10 
TestDLList test5                    : 0   of 10 
-------------------------------------------------
CS240: lab9. ahn67 Tue Apr 4 14:08:49 EDT 2017  Total:  60 of 100



-------------------------------------------------
CS240: lab9. ahn67   
Tue Apr  4 14:09:33 EDT 2017
-------------------------------------------------
TestStack test1                     : 20  of 20 
TestMyString test1                  : 2   of 2  
TestMyString test2                  : 2   of 2  
TestMyString test3                  : 2   of 2  
TestMyString test4                  : 3   of 3  
TestMyString test5                  : 3   of 3  
TestMyString test6                  : 3   of 3  
TestMyString test7                  : 3   of 3  
TestMyString test8                  : 3   of 3  
TestMyString test9                  : 3   of 3  
TestMyString test10                 : 3   of 3  
TestMyString test11                 : 3   of 3  
TestDLList test1                    : 10  of 10 
TestDLList test2                    : 0   of 10 
TestDLList test3                    : 0   of 10 
TestDLList test4                    : 0   of 10 
TestDLList test5                    : 0   of 10 
-------------------------------------------------
CS240: lab9. ahn67 Tue Apr 4 14:09:33 EDT 2017  Total:  60 of 100



-------------------------------------------------
CS240: lab9. ahn67   
Tue Apr  4 14:10:07 EDT 2017
-------------------------------------------------
TestStack test1                     : 20  of 20 
TestMyString test1                  : 2   of 2  
TestMyString test2                  : 2   of 2  
TestMyString test3                  : 2   of 2  
TestMyString test4                  : 3   of 3  
TestMyString test5                  : 3   of 3  
TestMyString test6                  : 3   of 3  
TestMyString test7                  : 3   of 3  
TestMyString test8                  : 3   of 3  
TestMyString test9                  : 3   of 3  
TestMyString test10                 : 3   of 3  
TestMyString test11                 : 3   of 3  
TestDLList test1                    : 10  of 10 
TestDLList test2                    : 0   of 10 
TestDLList test3                    : 0   of 10 
TestDLList test4                    : 0   of 10 
TestDLList test5                    : 0   of 10 
-------------------------------------------------
CS240: lab9. ahn67 Tue Apr 4 14:10:07 EDT 2017  Total:  60 of 100



-------------------------------------------------
CS240: lab9. ahn67   
Tue Apr  4 14:13:06 EDT 2017
-------------------------------------------------
TestStack test1                     : 20  of 20 
TestMyString test1                  : 2   of 2  
TestMyString test2                  : 2   of 2  
TestMyString test3                  : 2   of 2  
TestMyString test4                  : 3   of 3  
TestMyString test5                  : 3   of 3  
TestMyString test6                  : 3   of 3  
TestMyString test7                  : 3   of 3  
TestMyString test8                  : 3   of 3  
TestMyString test9                  : 3   of 3  
TestMyString test10                 : 3   of 3  
TestMyString test11                 : 3   of 3  
TestDLList test1                    : 10  of 10 
TestDLList test2                    : 0   of 10 
TestDLList test3                    : 0   of 10 
TestDLList test4                    : 0   of 10 
TestDLList test5                    : 0   of 10 
-------------------------------------------------
CS240: lab9. ahn67 Tue Apr 4 14:13:06 EDT 2017  Total:  60 of 100



-------------------------------------------------
CS240: lab9. ahn67   
Tue Apr  4 14:13:34 EDT 2017
-------------------------------------------------
TestStack test1                     : 20  of 20 
TestMyString test1                  : 2   of 2  
TestMyString test2                  : 2   of 2  
TestMyString test3                  : 2   of 2  
TestMyString test4                  : 3   of 3  
TestMyString test5                  : 3   of 3  
TestMyString test6                  : 3   of 3  
TestMyString test7                  : 3   of 3  
TestMyString test8                  : 3   of 3  
TestMyString test9                  : 3   of 3  
TestMyString test10                 : 3   of 3  
TestMyString test11                 : 3   of 3  
TestDLList test1                    : 10  of 10 
TestDLList test2                    : 0   of 10 
TestDLList test3                    : 10  of 10 
TestDLList test4                    : 0   of 10 
TestDLList test5                    : 0   of 10 
-------------------------------------------------
CS240: lab9. ahn67 Tue Apr 4 14:13:34 EDT 2017  Total:  70 of 100



-------------------------------------------------
CS240: lab9. ahn67   
Tue Apr  4 14:16:03 EDT 2017
-------------------------------------------------
TestStack test1                     : 20  of 20 
TestMyString test1                  : 2   of 2  
TestMyString test2                  : 2   of 2  
TestMyString test3                  : 2   of 2  
TestMyString test4                  : 3   of 3  
TestMyString test5                  : 3   of 3  
TestMyString test6                  : 3   of 3  
TestMyString test7                  : 3   of 3  
TestMyString test8                  : 3   of 3  
TestMyString test9                  : 3   of 3  
TestMyString test10                 : 3   of 3  
TestMyString test11                 : 3   of 3  
TestDLList test1                    : 10  of 10 
TestDLList test2                    : 0   of 10 
TestDLList test3                    : 10  of 10 
TestDLList test4                    : 0   of 10 
TestDLList test5                    : 0   of 10 
-------------------------------------------------
CS240: lab9. ahn67 Tue Apr 4 14:16:03 EDT 2017  Total:  70 of 100



-------------------------------------------------
CS240: lab9. ahn67   
Wed Apr  5 16:01:17 EDT 2017
-------------------------------------------------
TestStack test1                     : 20  of 20 
TestMyString test1                  : 2   of 2  
TestMyString test2                  : 2   of 2  
TestMyString test3                  : 2   of 2  
TestMyString test4                  : 3   of 3  
TestMyString test5                  : 3   of 3  
TestMyString test6                  : 3   of 3  
TestMyString test7                  : 3   of 3  
TestMyString test8                  : 3   of 3  
TestMyString test9                  : 3   of 3  
TestMyString test10                 : 3   of 3  
TestMyString test11                 : 3   of 3  
TestDLList test1                    : 10  of 10 
TestDLList test2                    : 0   of 10 
TestDLList test3                    : 10  of 10 
TestDLList test4                    : 0   of 10 
TestDLList test5                    : 0   of 10 
-------------------------------------------------
CS240: lab9. ahn67 Wed Apr 5 16:01:17 EDT 2017  Total:  70 of 100



-------------------------------------------------
CS240: lab9. ahn67   
Wed Apr  5 16:06:05 EDT 2017
-------------------------------------------------
TestStack test1                     : 20  of 20 
TestMyString test1                  : 2   of 2  
TestMyString test2                  : 2   of 2  
TestMyString test3                  : 2   of 2  
TestMyString test4                  : 3   of 3  
TestMyString test5                  : 3   of 3  
TestMyString test6                  : 3   of 3  
TestMyString test7                  : 3   of 3  
TestMyString test8                  : 3   of 3  
TestMyString test9                  : 3   of 3  
TestMyString test10                 : 3   of 3  
TestMyString test11                 : 3   of 3  
TestDLList test1                    : 10  of 10 
TestDLList test2                    : 0   of 10 
TestDLList test3                    : 10  of 10 
TestDLList test4                    : 0   of 10 
TestDLList test5                    : 0   of 10 
-------------------------------------------------
CS240: lab9. ahn67 Wed Apr 5 16:06:05 EDT 2017  Total:  70 of 100



-------------------------------------------------
CS240: lab9. ahn67   
Wed Apr  5 16:06:58 EDT 2017
-------------------------------------------------
TestStack test1                     : 20  of 20 
TestMyString test1                  : 2   of 2  
TestMyString test2                  : 2   of 2  
TestMyString test3                  : 2   of 2  
TestMyString test4                  : 3   of 3  
TestMyString test5                  : 3   of 3  
TestMyString test6                  : 3   of 3  
TestMyString test7                  : 3   of 3  
TestMyString test8                  : 3   of 3  
TestMyString test9                  : 3   of 3  
TestMyString test10                 : 3   of 3  
TestMyString test11                 : 3   of 3  
TestDLList test1                    : 10  of 10 
TestDLList test2                    : 0   of 10 
TestDLList test3                    : 10  of 10 
TestDLList test4                    : 10  of 10 
TestDLList test5                    : 0   of 10 
-------------------------------------------------
CS240: lab9. ahn67 Wed Apr 5 16:06:58 EDT 2017  Total:  80 of 100



-------------------------------------------------
CS240: lab9. ahn67   
Wed Apr  5 16:10:00 EDT 2017
-------------------------------------------------
TestStack test1                     : 20  of 20 
TestMyString test1                  : 2   of 2  
TestMyString test2                  : 2   of 2  
TestMyString test3                  : 2   of 2  
TestMyString test4                  : 3   of 3  
TestMyString test5                  : 3   of 3  
TestMyString test6                  : 3   of 3  
TestMyString test7                  : 3   of 3  
TestMyString test8                  : 3   of 3  
TestMyString test9                  : 3   of 3  
TestMyString test10                 : 3   of 3  
TestMyString test11                 : 3   of 3  
TestDLList test1                    : 0   of 10 
TestDLList test2                    : 0   of 10 
TestDLList test3                    : 0   of 10 
TestDLList test4                    : 0   of 10 
TestDLList test5                    : 0   of 10 
-------------------------------------------------
CS240: lab9. ahn67 Wed Apr 5 16:10:00 EDT 2017  Total:  50 of 100



-------------------------------------------------
CS240: lab9. ahn67   
Wed Apr  5 16:24:31 EDT 2017
-------------------------------------------------
TestStack test1                     : 20  of 20 
TestMyString test1                  : 2   of 2  
TestMyString test2                  : 2   of 2  
TestMyString test3                  : 2   of 2  
TestMyString test4                  : 3   of 3  
TestMyString test5                  : 3   of 3  
TestMyString test6                  : 3   of 3  
TestMyString test7                  : 3   of 3  
TestMyString test8                  : 3   of 3  
TestMyString test9                  : 3   of 3  
TestMyString test10                 : 3   of 3  
TestMyString test11                 : 3   of 3  
TestDLList test1                    : 0   of 10 
TestDLList test2                    : 0   of 10 
TestDLList test3                    : 0   of 10 
TestDLList test4                    : 0   of 10 
TestDLList test5                    : 0   of 10 
-------------------------------------------------
CS240: lab9. ahn67 Wed Apr 5 16:24:31 EDT 2017  Total:  50 of 100



-------------------------------------------------
CS240: lab9. ahn67   
Wed Apr  5 16:26:37 EDT 2017
-------------------------------------------------
TestStack test1                     : 20  of 20 
TestMyString test1                  : 2   of 2  
TestMyString test2                  : 2   of 2  
TestMyString test3                  : 2   of 2  
TestMyString test4                  : 3   of 3  
TestMyString test5                  : 3   of 3  
TestMyString test6                  : 3   of 3  
TestMyString test7                  : 3   of 3  
TestMyString test8                  : 3   of 3  
TestMyString test9                  : 3   of 3  
TestMyString test10                 : 3   of 3  
TestMyString test11                 : 3   of 3  
TestDLList test1                    : 10  of 10 
TestDLList test2                    : 0   of 10 
TestDLList test3                    : 10  of 10 
TestDLList test4                    : 10  of 10 
TestDLList test5                    : 10  of 10 
-------------------------------------------------
CS240: lab9. ahn67 Wed Apr 5 16:26:37 EDT 2017  Total:  90 of 100



-------------------------------------------------
CS240: lab9. ahn67   
Wed Apr  5 16:29:51 EDT 2017
-------------------------------------------------
TestStack test1                     : 20  of 20 
TestMyString test1                  : 2   of 2  
TestMyString test2                  : 2   of 2  
TestMyString test3                  : 2   of 2  
TestMyString test4                  : 3   of 3  
TestMyString test5                  : 3   of 3  
TestMyString test6                  : 3   of 3  
TestMyString test7                  : 3   of 3  
TestMyString test8                  : 3   of 3  
TestMyString test9                  : 3   of 3  
TestMyString test10                 : 3   of 3  
TestMyString test11                 : 3   of 3  
TestDLList test1                    : 0   of 10 
TestDLList test2                    : 0   of 10 
TestDLList test3                    : 0   of 10 
TestDLList test4                    : 0   of 10 
TestDLList test5                    : 0   of 10 
-------------------------------------------------
CS240: lab9. ahn67 Wed Apr 5 16:29:51 EDT 2017  Total:  50 of 100



-------------------------------------------------
CS240: lab9. ahn67   
Wed Apr  5 16:30:34 EDT 2017
-------------------------------------------------
TestStack test1                     : 20  of 20 
TestMyString test1                  : 2   of 2  
TestMyString test2                  : 2   of 2  
TestMyString test3                  : 2   of 2  
TestMyString test4                  : 3   of 3  
TestMyString test5                  : 3   of 3  
TestMyString test6                  : 3   of 3  
TestMyString test7                  : 3   of 3  
TestMyString test8                  : 3   of 3  
TestMyString test9                  : 3   of 3  
TestMyString test10                 : 3   of 3  
TestMyString test11                 : 3   of 3  
TestDLList test1                    : 0   of 10 
TestDLList test2                    : 0   of 10 
TestDLList test3                    : 0   of 10 
TestDLList test4                    : 0   of 10 
TestDLList test5                    : 0   of 10 
-------------------------------------------------
CS240: lab9. ahn67 Wed Apr 5 16:30:34 EDT 2017  Total:  50 of 100



-------------------------------------------------
CS240: lab9. ahn67   
Wed Apr  5 16:36:56 EDT 2017
-------------------------------------------------
TestStack test1                     : 20  of 20 
TestMyString test1                  : 2   of 2  
TestMyString test2                  : 2   of 2  
TestMyString test3                  : 2   of 2  
TestMyString test4                  : 3   of 3  
TestMyString test5                  : 3   of 3  
TestMyString test6                  : 3   of 3  
TestMyString test7                  : 3   of 3  
TestMyString test8                  : 3   of 3  
TestMyString test9                  : 3   of 3  
TestMyString test10                 : 3   of 3  
TestMyString test11                 : 3   of 3  
TestDLList test1                    : 0   of 10 
TestDLList test2                    : 0   of 10 
TestDLList test3                    : 0   of 10 
TestDLList test4                    : 0   of 10 
TestDLList test5                    : 0   of 10 
-------------------------------------------------
CS240: lab9. ahn67 Wed Apr 5 16:36:56 EDT 2017  Total:  50 of 100



-------------------------------------------------
CS240: lab9. ahn67   
Wed Apr  5 16:38:16 EDT 2017
-------------------------------------------------
TestStack test1                     : 20  of 20 
TestMyString test1                  : 2   of 2  
TestMyString test2                  : 2   of 2  
TestMyString test3                  : 2   of 2  
TestMyString test4                  : 3   of 3  
TestMyString test5                  : 3   of 3  
TestMyString test6                  : 3   of 3  
TestMyString test7                  : 3   of 3  
TestMyString test8                  : 3   of 3  
TestMyString test9                  : 3   of 3  
TestMyString test10                 : 3   of 3  
TestMyString test11                 : 3   of 3  
TestDLList test1                    : 10  of 10 
TestDLList test2                    : 10  of 10 
TestDLList test3                    : 10  of 10 
TestDLList test4                    : 10  of 10 
TestDLList test5                    : 10  of 10 
-------------------------------------------------
CS240: lab9. ahn67 Wed Apr 5 16:38:16 EDT 2017  Total:  100 of 100



-------------------------------------------------
CS240: lab9. ahn67   
Wed Apr  5 16:41:13 EDT 2017
-------------------------------------------------
TestStack test1                     : 20  of 20 
TestMyString test1                  : 2   of 2  
TestMyString test2                  : 2   of 2  
TestMyString test3                  : 2   of 2  
TestMyString test4                  : 3   of 3  
TestMyString test5                  : 3   of 3  
TestMyString test6                  : 3   of 3  
TestMyString test7                  : 3   of 3  
TestMyString test8                  : 3   of 3  
TestMyString test9                  : 3   of 3  
TestMyString test10                 : 3   of 3  
TestMyString test11                 : 3   of 3  
TestDLList test1                    : 0   of 10 
TestDLList test2                    : 0   of 10 
TestDLList test3                    : 0   of 10 
TestDLList test4                    : 0   of 10 
TestDLList test5                    : 0   of 10 
-------------------------------------------------
CS240: lab9. ahn67 Wed Apr 5 16:41:13 EDT 2017  Total:  50 of 100



-------------------------------------------------
CS240: lab9. ahn67   
Wed Apr  5 16:41:38 EDT 2017
-------------------------------------------------
TestStack test1                     : 20  of 20 
TestMyString test1                  : 2   of 2  
TestMyString test2                  : 2   of 2  
TestMyString test3                  : 2   of 2  
TestMyString test4                  : 3   of 3  
TestMyString test5                  : 3   of 3  
TestMyString test6                  : 3   of 3  
TestMyString test7                  : 3   of 3  
TestMyString test8                  : 3   of 3  
TestMyString test9                  : 3   of 3  
TestMyString test10                 : 3   of 3  
TestMyString test11                 : 3   of 3  
TestDLList test1                    : 10  of 10 
TestDLList test2                    : 10  of 10 
TestDLList test3                    : 10  of 10 
TestDLList test4                    : 10  of 10 
TestDLList test5                    : 10  of 10 
-------------------------------------------------
CS240: lab9. ahn67 Wed Apr 5 16:41:38 EDT 2017  Total:  100 of 100



-------------------------------------------------
CS240: lab9. ahn67   
Fri Apr  7 15:28:21 EDT 2017
-------------------------------------------------
TestStack test1                     : 20  of 20 
TestMyString test1                  : 2   of 2  
TestMyString test2                  : 2   of 2  
TestMyString test3                  : 2   of 2  
TestMyString test4                  : 3   of 3  
TestMyString test5                  : 3   of 3  
TestMyString test6                  : 3   of 3  
TestMyString test7                  : 3   of 3  
TestMyString test8                  : 3   of 3  
TestMyString test9                  : 3   of 3  
TestMyString test10                 : 3   of 3  
TestMyString test11                 : 3   of 3  
TestDLList test1                    : 10  of 10 
TestDLList test2                    : 10  of 10 
TestDLList test3                    : 10  of 10 
TestDLList test4                    : 10  of 10 
TestDLList test5                    : 10  of 10 
-------------------------------------------------
CS240: lab9. ahn67 Fri Apr 7 15:28:21 EDT 2017  Total:  100 of 100



-------------------------------------------------
CS240: lab9. ahn67   
Fri Apr  7 15:47:27 EDT 2017
-------------------------------------------------
TestStack test1                     : 20  of 20 
TestMyString test1                  : 2   of 2  
TestMyString test2                  : 2   of 2  
TestMyString test3                  : 2   of 2  
TestMyString test4                  : 3   of 3  
TestMyString test5                  : 3   of 3  
TestMyString test6                  : 3   of 3  
TestMyString test7                  : 3   of 3  
TestMyString test8                  : 3   of 3  
TestMyString test9                  : 3   of 3  
TestMyString test10                 : 3   of 3  
TestMyString test11                 : 3   of 3  
TestDLList test1                    : 10  of 10 
TestDLList test2                    : 10  of 10 
TestDLList test3                    : 10  of 10 
TestDLList test4                    : 10  of 10 
TestDLList test5                    : 10  of 10 
-------------------------------------------------
CS240: lab9. ahn67 Fri Apr 7 15:47:27 EDT 2017  Total:  100 of 100

