

-------------------------------------------------
CS240 Midterm 1: mystrcmp. ifransig   
Tue Feb 23 16:21:05 EST 2016
-------------------------------------------------
task22 abcde abcd                   : 5   of 5  
task22 hello hellO                  : 5   of 5  
task22 "abc abc" " abc abc"         : 5   of 5  
task22 "abcabc" "abcabc "           : 5   of 5  
task22 " " " "                      : 5   of 5  
task22 "" " "                       : 0   of 5  
-------------------------------------------------
CS240 - Midterm 1: mystrcmp. ifransig Tue Feb 23 16:21:05 EST 2016  Total:  25 of 30



-------------------------------------------------
CS240 Midterm 1: mystrcmp. ifransig   
Tue Feb 23 16:37:56 EST 2016
-------------------------------------------------
task22 abcde abcd                   : 5   of 5  
task22 hello hellO                  : 5   of 5  
task22 "abc abc" " abc abc"         : 0   of 5  
task22 "abcabc" "abcabc "           : 5   of 5  
task22 " " " "                      : 5   of 5  
task22 "" " "                       : 0   of 5  
-------------------------------------------------
CS240 - Midterm 1: mystrcmp. ifransig Tue Feb 23 16:37:56 EST 2016  Total:  20 of 30



-------------------------------------------------
CS240 Midterm 1: mystrcmp. ifransig   
Tue Feb 23 16:39:01 EST 2016
-------------------------------------------------
task22 abcde abcd                   : 5   of 5  
task22 hello hellO                  : 5   of 5  
task22 "abc abc" " abc abc"         : 0   of 5  
task22 "abcabc" "abcabc "           : 5   of 5  
task22 " " " "                      : 5   of 5  
task22 "" " "                       : 0   of 5  
-------------------------------------------------
CS240 - Midterm 1: mystrcmp. ifransig Tue Feb 23 16:39:01 EST 2016  Total:  20 of 30



-------------------------------------------------
CS240 Midterm 1: mystrcmp. cs240   
Mon Jan 30 22:26:59 EST 2017
-------------------------------------------------
task22 abcde abcd                   : 0   of 5  
task22 hello hellO                  : 0   of 5  
task22 "abc abc" " abc abc"         : 0   of 5  
task22 "abcabc" "abcabc "           : 0   of 5  
task22 " " " "                      : 5   of 5  
task22 "" " "                       : 0   of 5  
-------------------------------------------------
CS240 - Midterm 1: mystrcmp. cs240 Mon Jan 30 22:26:59 EST 2017  Total:  5 of 30



-------------------------------------------------
CS240 Midterm 1: mystrcmp. cs240   
Mon Jan 30 22:27:44 EST 2017
-------------------------------------------------
task22 abcde abcd                   : 0   of 5  
task22 hello hellO                  : 0   of 5  
task22 "abc abc" " abc abc"         : 0   of 5  
task22 "abcabc" "abcabc "           : 0   of 5  
task22 " " " "                      : 5   of 5  
task22 "" " "                       : 0   of 5  
-------------------------------------------------
CS240 - Midterm 1: mystrcmp. cs240 Mon Jan 30 22:27:44 EST 2017  Total:  5 of 30



-------------------------------------------------
CS240 Midterm 1: mystrcmp. cs240   
Mon Jan 30 22:30:34 EST 2017
-------------------------------------------------
task22 abcde abcd                   : 0   of 5  
task22 hello hellO                  : 0   of 5  
task22 "abc abc" " abc abc"         : 0   of 5  
task22 "abcabc" "abcabc "           : 0   of 5  
task22 " " " "                      : 5   of 5  
task22 "" " "                       : 0   of 5  
-------------------------------------------------
CS240 - Midterm 1: mystrcmp. cs240 Mon Jan 30 22:30:34 EST 2017  Total:  5 of 30



-------------------------------------------------
CS240 Midterm 1: mystrcmp. cs240   
Mon Jan 30 22:37:46 EST 2017
-------------------------------------------------
task22 abcde abcd                   : 0   of 5  
task22 hello hellO                  : 0   of 5  
task22 "abc abc" " abc abc"         : 0   of 5  
task22 "abcabc" "abcabc "           : 0   of 5  
task22 " " " "                      : 5   of 5  
task22 "" " "                       : 0   of 5  
-------------------------------------------------
CS240 - Midterm 1: mystrcmp. cs240 Mon Jan 30 22:37:46 EST 2017  Total:  5 of 30



-------------------------------------------------
CS240 Midterm 1: mystrcmp. cs240   
Mon Jan 30 22:40:43 EST 2017
-------------------------------------------------
task22 abcde abcd                   : 0   of 5  
task22 hello hellO                  : 0   of 5  
task22 "abc abc" " abc abc"         : 0   of 5  
task22 "abcabc" "abcabc "           : 0   of 5  
task22 " " " "                      : 5   of 5  
task22 "" " "                       : 0   of 5  
-------------------------------------------------
CS240 - Midterm 1: mystrcmp. cs240 Mon Jan 30 22:40:43 EST 2017  Total:  5 of 30



-------------------------------------------------
CS240 Midterm 1: mystrcmp. cs240   
Mon Jan 30 22:41:11 EST 2017
-------------------------------------------------
task22 abcde abcd                   : 0   of 5  
task22 hello hellO                  : 0   of 5  
task22 "abc abc" " abc abc"         : 0   of 5  
task22 "abcabc" "abcabc "           : 0   of 5  
task22 " " " "                      : 5   of 5  
task22 "" " "                       : 0   of 5  
-------------------------------------------------
CS240 - Midterm 1: mystrcmp. cs240 Mon Jan 30 22:41:11 EST 2017  Total:  5 of 30



-------------------------------------------------
CS240 Midterm 1: mystrcmp. cs240   
Mon Jan 30 22:41:45 EST 2017
-------------------------------------------------
task22 abcde abcd                   : 0   of 5  
task22 hello hellO                  : 0   of 5  
task22 "abc abc" " abc abc"         : 0   of 5  
task22 "abcabc" "abcabc "           : 0   of 5  
task22 " " " "                      : 5   of 5  
task22 "" " "                       : 0   of 5  
-------------------------------------------------
CS240 - Midterm 1: mystrcmp. cs240 Mon Jan 30 22:41:45 EST 2017  Total:  5 of 30



-------------------------------------------------
CS240 Midterm 1: mystrcmp. cs240   
Mon Jan 30 22:42:29 EST 2017
-------------------------------------------------
task22 abcde abcd                   : 0   of 5  
task22 hello hellO                  : 0   of 5  
task22 "abc abc" " abc abc"         : 0   of 5  
task22 "abcabc" "abcabc "           : 0   of 5  
task22 " " " "                      : 5   of 5  
task22 "" " "                       : 0   of 5  
-------------------------------------------------
CS240 - Midterm 1: mystrcmp. cs240 Mon Jan 30 22:42:29 EST 2017  Total:  5 of 30



-------------------------------------------------
CS240 Midterm 1: mystrcmp. cs240   
Mon Jan 30 22:42:49 EST 2017
-------------------------------------------------
task22 abcde abcd                   : 0   of 5  
task22 hello hellO                  : 0   of 5  
task22 "abc abc" " abc abc"         : 0   of 5  
task22 "abcabc" "abcabc "           : 0   of 5  
task22 " " " "                      : 5   of 5  
task22 "" " "                       : 0   of 5  
-------------------------------------------------
CS240 - Midterm 1: mystrcmp. cs240 Mon Jan 30 22:42:49 EST 2017  Total:  5 of 30



-------------------------------------------------
CS240 Midterm 1: mystrcmp. ahn67   
Thu Feb  2 22:16:17 EST 2017
-------------------------------------------------
task22 abcde abcd                   : 5   of 5  
task22 hello hellO                  : 5   of 5  
task22 "abc abc" " abc abc"         : 5   of 5  
task22 "abcabc" "abcabc "           : 5   of 5  
task22 " " " "                      : 5   of 5  
task22 "" " "                       : 5   of 5  
-------------------------------------------------
CS240 - Midterm 1: mystrcmp. ahn67 Thu Feb 2 22:16:17 EST 2017  Total:  30 of 30



-------------------------------------------------
CS240 Midterm 1: mystrcmp. ahn67   
Wed Feb  8 20:10:44 EST 2017
-------------------------------------------------
task22 abcde abcd                   : 5   of 5  
task22 hello hellO                  : 5   of 5  
task22 "abc abc" " abc abc"         : 5   of 5  
task22 "abcabc" "abcabc "           : 5   of 5  
task22 " " " "                      : 5   of 5  
task22 "" " "                       : 5   of 5  
-------------------------------------------------
CS240 - Midterm 1: mystrcmp. ahn67 Wed Feb 8 20:10:44 EST 2017  Total:  30 of 30



-------------------------------------------------
CS240 Midterm 1: mystrcmp. ahn67   
Wed Feb  8 21:26:13 EST 2017
-------------------------------------------------
task22 abcde abcd                   : 5   of 5  
task22 hello hellO                  : 5   of 5  
task22 "abc abc" " abc abc"         : 5   of 5  
task22 "abcabc" "abcabc "           : 5   of 5  
task22 " " " "                      : 5   of 5  
task22 "" " "                       : 5   of 5  
-------------------------------------------------
CS240 - Midterm 1: mystrcmp. ahn67 Wed Feb 8 21:26:13 EST 2017  Total:  30 of 30



-------------------------------------------------
CS240 Midterm 1: mystrcmp. ahn67   
Fri Feb 10 15:03:48 EST 2017
-------------------------------------------------
task22 abcde abcd                   : 5   of 5  
task22 hello hellO                  : 5   of 5  
task22 "abc abc" " abc abc"         : 5   of 5  
task22 "abcabc" "abcabc "           : 5   of 5  
task22 " " " "                      : 5   of 5  
task22 "" " "                       : 5   of 5  
-------------------------------------------------
CS240 - Midterm 1: mystrcmp. ahn67 Fri Feb 10 15:03:48 EST 2017  Total:  30 of 30

