CS240: Exam2. pheldrin Wed Dec 2 02:49:44 EST 2015  Total:  0 of 24
0
24
CS240: Exam2. pheldrin Wed Dec 2 02:49:53 EST 2015  Total:  0 of 24
0
24
CS240: Exam2. pheldrin Wed Dec 2 03:11:50 EST 2015  Total:  0 of 24
0
24
CS240: Exam3. pheldrin Fri Dec 4 10:38:15 EST 2015  Total:  0 of 24
0
24
CS240: Exam3. pheldrin Fri Dec 4 10:55:39 EST 2015  Total:  12 of 12
12
12
CS240: Exam3. pheldrin Fri Dec 4 10:55:54 EST 2015  Total:  24 of 24
24
24
CS240: Exam3. pheldrin Fri Dec 4 10:56:00 EST 2015  Total:  24 of 24
24
24
CS240: Exam3. pheldrin Fri Dec 4 10:57:02 EST 2015  Total:  25 of 25
25
25
CS240: Exam3. pheldrin Sun Dec 6 22:33:54 EST 2015  Total:  25 of 25
25
25
CS240: Exam3. pheldrin Sun Dec 6 23:21:14 EST 2015  Total:  25 of 25
25
25
CS240: Exam3. pheldrin Mon Dec 7 16:22:18 EST 2015  Total:  25 of 25
25
25
CS240: Exam3. page38 Wed Dec 9 18:01:15 EST 2015  Total:  25 of 25
25
25
CS240: Exam3. page38 Wed Dec 9 18:02:08 EST 2015  Total:  25 of 25
25
25
CS240: Exam3. page38 Wed Dec 9 18:06:19 EST 2015  Total:  25 of 25
25
25
CS240: Exam3. page38 Wed Dec 9 18:11:55 EST 2015  Total:  25 of 25
25
25
CS240: Exam3. page38 Wed Dec 9 18:12:48 EST 2015  Total:  25 of 25
25
25
CS240: Exam3. page38 Wed Dec 9 18:12:58 EST 2015  Total:  25 of 25
25
25
CS240: Exam3. pheldrin Sun Dec 13 21:12:15 EST 2015  Total:  25 of 25
25
25
CS240: Exam3. pheldrin Sun Dec 13 21:13:20 EST 2015  Total:  25 of 25
25
25
CS240: Exam3. pheldrin Sun Dec 13 21:19:36 EST 2015  Total:  25 of 25
25
25
CS240: Exam3. pheldrin Sun Dec 13 21:20:12 EST 2015  Total:  25 of 25
25
25
CS240: Exam3. pheldrin Sun Dec 13 21:20:32 EST 2015  Total:  25 of 25
25
25
CS240: Exam3. ahn67 Thu May 4 00:04:07 EDT 2017  Total:  25 of 25
25
25
CS240: Exam3. ahn67 Thu May 4 00:11:26 EDT 2017  Total:  25 of 25
25
25
CS240: Exam3. ahn67 Thu May 4 00:11:37 EDT 2017  Total:  25 of 25
25
25
