CS240: lab5. cs240 Mon Sep 28 22:37:35 EDT 2015  Total:  0 of 126

CS240: lab5. cs240 Mon Sep 28 22:39:53 EDT 2015  Total:  59 of 126

CS240: lab5. cs240 Mon Sep 28 22:43:06 EDT 2015  Total:  64 of 126

CS240: lab5. cs240 Mon Sep 28 22:44:48 EDT 2015  Total:  64 of 126

CS240: lab5. cs240 Mon Sep 28 22:46:21 EDT 2015  Total:  64 of 126

CS240: lab5. cs240 Mon Sep 28 22:48:52 EDT 2015  Total:  39 of 126

CS240: lab5. cs240 Mon Sep 28 22:50:29 EDT 2015  Total:  3 of 126

CS240: lab5. cs240 Mon Sep 28 22:51:48 EDT 2015  Total:  3 of 126

CS240: lab4. cs240 Mon Sep 28 22:52:08 EDT 2015  Total:  3 of 126

CS240: lab4. cs240 Mon Sep 28 22:52:21 EDT 2015  Total:  3 of 126

CS240: lab4. cs240 Mon Sep 28 22:55:01 EDT 2015  Total:  3 of 126

CS240: lab4. cs240 Mon Sep 28 22:55:05 EDT 2015  Total:  3 of 126

CS240: lab4. cs240 Mon Sep 28 22:58:06 EDT 2015  Total:  3 of 116

CS240: lab4. cs240 Mon Sep 28 22:59:19 EDT 2015  Total:  3 of 102

CS240: lab4. cs240 Mon Sep 28 22:59:48 EDT 2015  Total:  3 of 100

CS240: lab4. cs240 Sat Jan 28 23:09:32 EST 2017  Total:  0 of 43

CS240: lab4. ahn67 Thu Feb 16 01:06:41 EST 2017  Total:  0 of 43

CS240: lab4. ahn67 Thu Feb 16 01:07:16 EST 2017  Total:  0 of 43

CS240: lab4. ahn67 Thu Feb 16 01:08:04 EST 2017  Total:  0 of 43

CS240: lab4. ahn67 Thu Feb 16 16:33:32 EST 2017  Total:  0 of 28

CS240: lab4. ahn67 Thu Feb 16 16:36:36 EST 2017  Total:  8 of 28

CS240: lab4. ahn67 Thu Feb 16 16:37:38 EST 2017  Total:  8 of 28

CS240: lab4. ahn67 Thu Feb 16 16:38:13 EST 2017  Total:  8 of 28

CS240: lab4. ahn67 Thu Feb 16 16:39:51 EST 2017  Total:  8 of 28

CS240: lab4. ahn67 Thu Feb 16 16:40:47 EST 2017  Total:  8 of 28

CS240: lab4. ahn67 Thu Feb 16 16:41:56 EST 2017  Total:  8 of 28

CS240: lab4. ahn67 Thu Feb 16 16:42:41 EST 2017  Total:  8 of 28

CS240: lab4. ahn67 Thu Feb 16 16:43:30 EST 2017  Total:  8 of 28

CS240: lab4. ahn67 Thu Feb 16 16:44:09 EST 2017  Total:  8 of 28

CS240: lab4. ahn67 Thu Feb 16 16:44:29 EST 2017  Total:  8 of 28

CS240: lab4. ahn67 Thu Feb 16 16:44:41 EST 2017  Total:  8 of 28

CS240: lab4. ahn67 Thu Feb 16 16:44:57 EST 2017  Total:  8 of 28

CS240: lab4. ahn67 Thu Feb 16 16:45:05 EST 2017  Total:  8 of 28

CS240: lab4. ahn67 Thu Feb 16 16:45:37 EST 2017  Total:  8 of 28

CS240: lab4. ahn67 Thu Feb 16 16:50:07 EST 2017  Total:  10 of 28

CS240: lab4. ahn67 Thu Feb 16 16:51:17 EST 2017  Total:  10 of 28

CS240: lab4. ahn67 Thu Feb 16 16:52:34 EST 2017  Total:  10 of 28

CS240: lab4. ahn67 Thu Feb 16 16:53:27 EST 2017  Total:  10 of 28

CS240: lab4. ahn67 Thu Feb 16 16:54:43 EST 2017  Total:  10 of 28

CS240: lab4. ahn67 Thu Feb 16 16:55:03 EST 2017  Total:  10 of 28

CS240: lab4. ahn67 Thu Feb 16 16:59:43 EST 2017  Total:  10 of 28

CS240: lab4. ahn67 Thu Feb 16 17:01:11 EST 2017  Total:  8 of 28

CS240: lab4. ahn67 Thu Feb 16 17:01:29 EST 2017  Total:  10 of 28

CS240: lab4. ahn67 Thu Feb 16 17:02:06 EST 2017  Total:  10 of 28

CS240: lab4. ahn67 Thu Feb 16 17:02:52 EST 2017  Total:  10 of 28

CS240: lab4. ahn67 Thu Feb 16 17:06:17 EST 2017  Total:  10 of 28

CS240: lab4. ahn67 Thu Feb 16 17:06:54 EST 2017  Total:  10 of 28

CS240: lab4. ahn67 Thu Feb 16 17:06:57 EST 2017  Total:  8 of 28

CS240: lab4. ahn67 Thu Feb 16 17:07:57 EST 2017  Total:  10 of 28

CS240: lab4. ahn67 Thu Feb 16 17:09:24 EST 2017  Total:  10 of 28

CS240: lab4. ahn67 Thu Feb 16 17:10:11 EST 2017  Total:  10 of 28

CS240: lab4. ahn67 Thu Feb 16 17:12:02 EST 2017  Total:  10 of 28

CS240: lab4. ahn67 Thu Feb 16 17:16:22 EST 2017  Total:  10 of 28

CS240: lab4. ahn67 Thu Feb 16 17:16:40 EST 2017  Total:  10 of 28

CS240: lab4. ahn67 Thu Feb 16 17:18:09 EST 2017  Total:  10 of 28

CS240: lab4. ahn67 Thu Feb 16 17:18:23 EST 2017  Total:  12 of 28

CS240: lab4. ahn67 Thu Feb 16 17:18:47 EST 2017  Total:  18 of 28

CS240: lab4. ahn67 Thu Feb 16 17:24:00 EST 2017  Total:  18 of 28

CS240: lab4. ahn67 Thu Feb 16 17:25:39 EST 2017  Total:  18 of 28

CS240: lab4. ahn67 Thu Feb 16 17:26:26 EST 2017  Total:  18 of 28

CS240: lab4. ahn67 Thu Feb 16 17:31:00 EST 2017  Total:  18 of 28

CS240: lab4. ahn67 Thu Feb 16 17:33:24 EST 2017  Total:  18 of 28

CS240: lab4. ahn67 Thu Feb 16 17:33:47 EST 2017  Total:  18 of 28

CS240: lab4. ahn67 Thu Feb 16 17:34:13 EST 2017  Total:  18 of 28

CS240: lab4. ahn67 Thu Feb 16 17:34:51 EST 2017  Total:  18 of 28

CS240: lab4. ahn67 Thu Feb 16 17:35:34 EST 2017  Total:  18 of 28

CS240: lab4. ahn67 Thu Feb 16 17:39:21 EST 2017  Total:  18 of 28

CS240: lab4. ahn67 Thu Feb 16 17:41:37 EST 2017  Total:  18 of 28

CS240: lab4. ahn67 Thu Feb 16 17:42:40 EST 2017  Total:  18 of 28

CS240: lab4. ahn67 Thu Feb 16 17:46:09 EST 2017  Total:  18 of 28

CS240: lab4. ahn67 Thu Feb 16 17:47:39 EST 2017  Total:  18 of 28

CS240: lab4. ahn67 Thu Feb 16 17:51:14 EST 2017  Total:  18 of 28

CS240: lab4. ahn67 Thu Feb 16 17:53:14 EST 2017  Total:  18 of 43

CS240: lab4. ahn67 Thu Feb 16 18:07:10 EST 2017  Total:  18 of 43

CS240: lab4. ahn67 Thu Feb 16 18:07:50 EST 2017  Total:  18 of 43

CS240: lab4. ahn67 Thu Feb 16 18:10:41 EST 2017  Total:  18 of 43

CS240: lab4. ahn67 Thu Feb 16 18:11:30 EST 2017  Total:  18 of 43

CS240: lab4. ahn67 Thu Feb 16 18:15:10 EST 2017  Total:  18 of 43

CS240: lab4. ahn67 Thu Feb 16 18:16:28 EST 2017  Total:  18 of 43

CS240: lab4. ahn67 Thu Feb 16 18:16:43 EST 2017  Total:  18 of 43

CS240: lab4. ahn67 Thu Feb 16 18:17:14 EST 2017  Total:  18 of 43

CS240: lab4. ahn67 Thu Feb 16 18:28:13 EST 2017  Total:  18 of 43

CS240: lab4. ahn67 Thu Feb 16 18:29:06 EST 2017  Total:  18 of 43

CS240: lab4. ahn67 Thu Feb 16 18:29:16 EST 2017  Total:  18 of 43

CS240: lab4. ahn67 Thu Feb 16 18:29:52 EST 2017  Total:  18 of 43

CS240: lab4. ahn67 Thu Feb 16 18:30:14 EST 2017  Total:  18 of 43

CS240: lab4. ahn67 Thu Feb 16 18:30:33 EST 2017  Total:  18 of 43

CS240: lab4. ahn67 Thu Feb 16 18:32:21 EST 2017  Total:  10 of 43

CS240: lab4. ahn67 Thu Feb 16 18:36:59 EST 2017  Total:  10 of 43

CS240: lab4. ahn67 Thu Feb 16 18:37:14 EST 2017  Total:  10 of 43

CS240: lab4. ahn67 Thu Feb 16 18:37:28 EST 2017  Total:  28 of 43

CS240: lab4. ahn67 Thu Feb 16 18:47:02 EST 2017  Total:  43 of 43

CS240: lab4. ahn67 Thu Feb 16 18:49:44 EST 2017  Total:  43 of 43

CS240: lab4. ahn67 Thu Feb 16 18:51:19 EST 2017  Total:  40 of 43

CS240: lab4. ahn67 Thu Feb 16 18:51:53 EST 2017  Total:  43 of 43

CS240: lab4. ahn67 Thu Feb 16 18:52:20 EST 2017  Total:  43 of 43

CS240: lab4. ahn67 Fri Feb 17 00:52:14 EST 2017  Total:  43 of 43

CS240: lab4. ahn67 Fri Feb 17 15:35:18 EST 2017  Total:  43 of 43

CS240: lab4. ahn67 Fri Feb 17 15:37:14 EST 2017  Total:  43 of 43

CS240: lab4. ahn67 Thu Mar 23 23:00:06 EDT 2017  Total:  40 of 43

CS240: lab4. ahn67 Thu Mar 23 23:00:36 EDT 2017  Total:  40 of 43

