CS240: Exam2. cs240 Sun Oct 18 21:19:21 EDT 2015  Total:  0 of 20
0
20
CS240: Exam2. cs240 Sun Oct 18 21:20:20 EDT 2015  Total:  20 of 20
20
20
CS240: Exam2. cs240 Sun Oct 18 21:20:42 EDT 2015  Total:  20 of 20
20
20
CS240: Exam2. cs240 Mon Oct 19 02:25:22 EDT 2015  Total:  20 of 20
20
20
CS240: Exam2. cs240 Mon Oct 19 02:28:29 EDT 2015  Total:  20 of 20
20
20
CS240: Exam2. cs240 Mon Oct 19 04:44:10 EDT 2015  Total:  0 of 20
0
20
CS240: Exam2. cs240 Mon Oct 19 04:44:20 EDT 2015  Total:  0 of 20
0
20
CS240: Exam2. cs240 Mon Oct 19 04:48:00 EDT 2015  Total:  0 of 20
0
20
CS240: Exam2. cs240 Mon Oct 19 04:53:57 EDT 2015  Total:  0 of 20
0
20
CS240: Exam2. cs240 Mon Oct 19 12:58:22 EDT 2015  Total:  0 of 20
0
20
CS240: Exam2. cs240 Mon Mar 6 22:13:35 EST 2017  Total:  0 of 20
0
20
CS240: Exam2. ahn67 Fri Mar 10 16:00:06 EST 2017  Total:  0 of 20
0
20
CS240: Exam2. ahn67 Fri Mar 10 16:00:53 EST 2017  Total:  0 of 20
0
20
CS240: Exam2. ahn67 Fri Mar 17 00:39:11 EDT 2017  Total:  0 of 20
0
20
CS240: Exam2. ahn67 Fri Mar 17 00:40:00 EDT 2017  Total:  0 of 20
0
20
CS240: Exam2. ahn67 Fri Mar 17 00:40:56 EDT 2017  Total:  0 of 20
0
20
CS240: Exam2. ahn67 Fri Mar 17 00:41:26 EDT 2017  Total:  0 of 20
0
20
CS240: Exam2. ahn67 Fri Mar 17 00:42:05 EDT 2017  Total:  0 of 20
0
20
CS240: Exam2. ahn67 Fri Mar 17 00:43:29 EDT 2017  Total:  0 of 20
0
20
CS240: Exam2. ahn67 Fri Mar 17 00:43:48 EDT 2017  Total:  0 of 20
0
20
CS240: Exam2. ahn67 Fri Mar 17 00:44:00 EDT 2017  Total:  7 of 20
7
20
CS240: Exam2. ahn67 Fri Mar 17 00:49:20 EDT 2017  Total:  7 of 20
7
20
CS240: Exam2. ahn67 Fri Mar 17 00:49:35 EDT 2017  Total:  7 of 20
7
20
CS240: Exam2. ahn67 Fri Mar 17 00:50:46 EDT 2017  Total:  7 of 20
7
20
CS240: Exam2. ahn67 Fri Mar 17 00:51:43 EDT 2017  Total:  7 of 20
7
20
CS240: Exam2. ahn67 Fri Mar 17 00:51:58 EDT 2017  Total:  7 of 20
7
20
CS240: Exam2. ahn67 Fri Mar 17 00:53:19 EDT 2017  Total:  7 of 20
7
20
CS240: Exam2. ahn67 Fri Mar 17 00:54:36 EDT 2017  Total:  7 of 20
7
20
CS240: Exam2. ahn67 Fri Mar 17 00:54:41 EDT 2017  Total:  7 of 20
7
20
CS240: Exam2. ahn67 Fri Mar 17 00:55:08 EDT 2017  Total:  7 of 20
7
20
CS240: Exam2. ahn67 Fri Mar 17 00:56:27 EDT 2017  Total:  7 of 20
7
20
CS240: Exam2. ahn67 Fri Mar 17 00:56:52 EDT 2017  Total:  7 of 20
7
20
CS240: Exam2. ahn67 Fri Mar 17 00:57:36 EDT 2017  Total:  7 of 20
7
20
CS240: Exam2. ahn67 Fri Mar 17 00:58:02 EDT 2017  Total:  7 of 20
7
20
CS240: Exam2. ahn67 Fri Mar 17 00:58:14 EDT 2017  Total:  7 of 20
7
20
CS240: Exam2. ahn67 Fri Mar 17 00:58:29 EDT 2017  Total:  7 of 20
7
20
CS240: Exam2. ahn67 Fri Mar 17 01:01:55 EDT 2017  Total:  7 of 20
7
20
CS240: Exam2. ahn67 Fri Mar 17 01:02:01 EDT 2017  Total:  7 of 20
7
20
CS240: Exam2. ahn67 Fri Mar 17 01:03:17 EDT 2017  Total:  7 of 20
7
20
CS240: Exam2. ahn67 Fri Mar 17 01:04:32 EDT 2017  Total:  7 of 20
7
20
CS240: Exam2. ahn67 Fri Mar 17 01:05:16 EDT 2017  Total:  7 of 20
7
20
CS240: Exam2. ahn67 Fri Mar 17 01:05:43 EDT 2017  Total:  7 of 20
7
20
CS240: Exam2. ahn67 Fri Mar 17 01:05:49 EDT 2017  Total:  7 of 20
7
20
CS240: Exam2. ahn67 Fri Mar 17 01:06:10 EDT 2017  Total:  7 of 20
7
20
CS240: Exam2. ahn67 Fri Mar 17 01:06:27 EDT 2017  Total:  7 of 20
7
20
CS240: Exam2. ahn67 Fri Mar 17 01:07:11 EDT 2017  Total:  7 of 20
7
20
CS240: Exam2. ahn67 Fri Mar 17 01:07:29 EDT 2017  Total:  7 of 20
7
20
CS240: Exam2. ahn67 Fri Mar 17 01:08:14 EDT 2017  Total:  7 of 20
7
20
CS240: Exam2. ahn67 Fri Mar 17 01:09:19 EDT 2017  Total:  7 of 20
7
20
CS240: Exam2. ahn67 Fri Mar 17 01:10:19 EDT 2017  Total:  7 of 20
7
20
CS240: Exam2. ahn67 Fri Mar 17 01:11:31 EDT 2017  Total:  7 of 20
7
20
CS240: Exam2. ahn67 Fri Mar 17 01:12:14 EDT 2017  Total:  7 of 20
7
20
CS240: Exam2. ahn67 Fri Mar 17 01:12:37 EDT 2017  Total:  7 of 20
7
20
CS240: Exam2. ahn67 Fri Mar 17 01:13:11 EDT 2017  Total:  7 of 20
7
20
CS240: Exam2. ahn67 Fri Mar 17 01:13:59 EDT 2017  Total:  7 of 20
7
20
CS240: Exam2. ahn67 Fri Mar 17 01:14:48 EDT 2017  Total:  7 of 20
7
20
CS240: Exam2. ahn67 Fri Mar 17 01:16:08 EDT 2017  Total:  7 of 20
7
20
CS240: Exam2. ahn67 Fri Mar 17 01:16:31 EDT 2017  Total:  7 of 20
7
20
CS240: Exam2. ahn67 Fri Mar 17 01:18:44 EDT 2017  Total:  7 of 20
7
20
CS240: Exam2. ahn67 Fri Mar 17 01:18:54 EDT 2017  Total:  7 of 20
7
20
CS240: Exam2. ahn67 Fri Mar 17 01:19:01 EDT 2017  Total:  7 of 20
7
20
CS240: Exam2. ahn67 Fri Mar 17 01:19:29 EDT 2017  Total:  7 of 20
7
20
CS240: Exam2. ahn67 Fri Mar 17 01:19:45 EDT 2017  Total:  7 of 20
7
20
CS240: Exam2. ahn67 Fri Mar 17 01:19:49 EDT 2017  Total:  7 of 20
7
20
CS240: Exam2. ahn67 Fri Mar 17 01:19:58 EDT 2017  Total:  7 of 20
7
20
CS240: Exam2. ahn67 Fri Mar 17 01:20:20 EDT 2017  Total:  7 of 20
7
20
CS240: Exam2. ahn67 Fri Mar 17 01:20:30 EDT 2017  Total:  7 of 20
7
20
CS240: Exam2. ahn67 Fri Mar 17 01:20:36 EDT 2017  Total:  7 of 20
7
20
CS240: Exam2. ahn67 Fri Mar 17 01:20:55 EDT 2017  Total:  7 of 20
7
20
CS240: Exam2. ahn67 Fri Mar 17 01:21:03 EDT 2017  Total:  7 of 20
7
20
CS240: Exam2. ahn67 Fri Mar 17 01:21:12 EDT 2017  Total:  7 of 20
7
20
CS240: Exam2. ahn67 Fri Mar 17 01:21:22 EDT 2017  Total:  7 of 20
7
20
CS240: Exam2. ahn67 Fri Mar 17 01:22:02 EDT 2017  Total:  7 of 20
7
20
CS240: Exam2. ahn67 Fri Mar 17 01:22:05 EDT 2017  Total:  7 of 20
7
20
CS240: Exam2. ahn67 Sun Mar 19 22:27:16 EDT 2017  Total:  7 of 20
7
20
CS240: Exam2. ahn67 Sun Mar 19 22:27:32 EDT 2017  Total:  7 of 20
7
20
CS240: Exam2. ahn67 Sun Mar 19 22:28:17 EDT 2017  Total:  7 of 20
7
20
CS240: Exam2. ahn67 Sun Mar 19 22:28:34 EDT 2017  Total:  7 of 20
7
20
CS240: Exam2. ahn67 Sun Mar 19 22:28:43 EDT 2017  Total:  7 of 20
7
20
CS240: Exam2. ahn67 Mon Mar 20 16:25:19 EDT 2017  Total:  7 of 20
7
20
CS240: Exam2. ahn67 Mon Mar 20 16:35:38 EDT 2017  Total:  7 of 20
7
20
CS240: Exam2. ahn67 Mon Mar 20 16:38:46 EDT 2017  Total:  7 of 20
7
20
CS240: Exam2. ahn67 Mon Mar 20 16:41:37 EDT 2017  Total:  7 of 20
7
20
CS240: Exam2. ahn67 Mon Mar 20 16:41:54 EDT 2017  Total:  20 of 20
20
20
CS240: Exam2. ahn67 Tue Mar 21 19:32:21 EDT 2017  Total:  20 of 20
20
20
CS240: Exam2. ahn67 Fri Mar 24 01:36:41 EDT 2017  Total:  20 of 20
20
20
