

-------------------------------------------------
CS240 Midterm 1: task35. nguye225   
Tue Feb 23 15:56:30 EST 2016
-------------------------------------------------
task35 t                            : 5   of 5  
task35 ttt                          : 5   of 5  
task35 tight                        : 5   of 5  
task35 racecar                      : 5   of 5  
task35 are we not drawn onward we few drawn onward to new era : 5   of 5  
task35 armadillo ollidamra          : 5   of 5  
task35 t hiht                       : 5   of 5  
task35 tig                          : 5   of 5  
task35 t	igit                       : 5   of 5  
task35 asdfasdfasdfasdfasdffdsafdsafdsafdsafdsaG : 5   of 5  
-------------------------------------------------
CS240 - Midterm 1: task35. nguye225 Tue Feb 23 15:56:30 EST 2016  Total:  50 of 50



-------------------------------------------------
CS240 Midterm 1: task35. nguye225   
Tue Feb 23 16:27:01 EST 2016
-------------------------------------------------
task35 t                            : 5   of 5  
task35 ttt                          : 5   of 5  
task35 tight                        : 5   of 5  
task35 racecar                      : 5   of 5  
task35 are we not drawn onward we few drawn onward to new era : 5   of 5  
task35 armadillo ollidamra          : 5   of 5  
task35 t hiht                       : 5   of 5  
task35 tig                          : 5   of 5  
task35 t	igit                       : 5   of 5  
task35 asdfasdfasdfasdfasdffdsafdsafdsafdsafdsaG : 5   of 5  
-------------------------------------------------
CS240 - Midterm 1: task35. nguye225 Tue Feb 23 16:27:01 EST 2016  Total:  50 of 50



-------------------------------------------------
CS240 Midterm 1: task35. cs240   
Mon Jan 30 22:35:57 EST 2017
-------------------------------------------------
task35 t                            : 5   of 5  
task35 ttt                          : 5   of 5  
task35 tight                        : 5   of 5  
task35 racecar                      : 5   of 5  
task35 are we not drawn onward we few drawn onward to new era : 5   of 5  
task35 armadillo ollidamra          : 5   of 5  
task35 t hiht                       : 5   of 5  
task35 tig                          : 5   of 5  
task35 t	igit                       : 5   of 5  
task35 asdfasdfasdfasdfasdffdsafdsafdsafdsafdsaG : 5   of 5  
-------------------------------------------------
CS240 - Midterm 1: task35. cs240 Mon Jan 30 22:35:57 EST 2017  Total:  50 of 50



-------------------------------------------------
CS240 Midterm 1: task35. cs240   
Mon Jan 30 22:37:46 EST 2017
-------------------------------------------------
task35 t                            : 5   of 5  
task35 ttt                          : 5   of 5  
task35 tight                        : 5   of 5  
task35 racecar                      : 5   of 5  
task35 are we not drawn onward we few drawn onward to new era : 5   of 5  
task35 armadillo ollidamra          : 5   of 5  
task35 t hiht                       : 5   of 5  
task35 tig                          : 5   of 5  
task35 t	igit                       : 5   of 5  
task35 asdfasdfasdfasdfasdffdsafdsafdsafdsafdsaG : 5   of 5  
-------------------------------------------------
CS240 - Midterm 1: task35. cs240 Mon Jan 30 22:37:46 EST 2017  Total:  50 of 50



-------------------------------------------------
CS240 Midterm 1: task35. cs240   
Mon Jan 30 22:39:17 EST 2017
-------------------------------------------------
task35 t                            : 5   of 5  
task35 ttt                          : 5   of 5  
task35 tight                        : 5   of 5  
task35 racecar                      : 5   of 5  
task35 are we not drawn onward we few drawn onward to new era : 5   of 5  
task35 armadillo ollidamra          : 5   of 5  
task35 t hiht                       : 5   of 5  
task35 tig                          : 5   of 5  
task35 t	igit                       : 5   of 5  
task35 asdfasdfasdfasdfasdffdsafdsafdsafdsafdsaG : 5   of 5  
-------------------------------------------------
CS240 - Midterm 1: task35. cs240 Mon Jan 30 22:39:17 EST 2017  Total:  50 of 50



-------------------------------------------------
CS240 Midterm 1: task35. cs240   
Mon Jan 30 22:40:06 EST 2017
-------------------------------------------------
task35 t                            : 0   of 5  
task35 ttt                          : 0   of 5  
task35 tight                        : 5   of 5  
task35 racecar                      : 0   of 5  
task35 are we not drawn onward we few drawn onward to new era : 0   of 5  
task35 armadillo ollidamra          : 0   of 5  
task35 t hiht                       : 0   of 5  
task35 tig                          : 5   of 5  
task35 t	igit                       : 0   of 5  
task35 asdfasdfasdfasdfasdffdsafdsafdsafdsafdsaG : 5   of 5  
-------------------------------------------------
CS240 - Midterm 1: task35. cs240 Mon Jan 30 22:40:06 EST 2017  Total:  15 of 50



-------------------------------------------------
CS240 Midterm 1: task35. cs240   
Mon Jan 30 22:40:30 EST 2017
-------------------------------------------------
task35 t                            : 0   of 5  
task35 ttt                          : 0   of 5  
task35 tight                        : 5   of 5  
task35 racecar                      : 0   of 5  
task35 are we not drawn onward we few drawn onward to new era : 0   of 5  
task35 armadillo ollidamra          : 0   of 5  
task35 t hiht                       : 0   of 5  
task35 tig                          : 5   of 5  
task35 t	igit                       : 0   of 5  
task35 asdfasdfasdfasdfasdffdsafdsafdsafdsafdsaG : 5   of 5  
-------------------------------------------------
CS240 - Midterm 1: task35. cs240 Mon Jan 30 22:40:30 EST 2017  Total:  15 of 50



-------------------------------------------------
CS240 Midterm 1: task35. cs240   
Mon Jan 30 22:40:44 EST 2017
-------------------------------------------------
task35 t                            : 0   of 5  
task35 ttt                          : 0   of 5  
task35 tight                        : 5   of 5  
task35 racecar                      : 0   of 5  
task35 are we not drawn onward we few drawn onward to new era : 0   of 5  
task35 armadillo ollidamra          : 0   of 5  
task35 t hiht                       : 0   of 5  
task35 tig                          : 5   of 5  
task35 t	igit                       : 0   of 5  
task35 asdfasdfasdfasdfasdffdsafdsafdsafdsafdsaG : 5   of 5  
-------------------------------------------------
CS240 - Midterm 1: task35. cs240 Mon Jan 30 22:40:44 EST 2017  Total:  15 of 50



-------------------------------------------------
CS240 Midterm 1: task35. cs240   
Mon Jan 30 22:41:12 EST 2017
-------------------------------------------------
task35 t                            : 0   of 5  
task35 ttt                          : 0   of 5  
task35 tight                        : 5   of 5  
task35 racecar                      : 0   of 5  
task35 are we not drawn onward we few drawn onward to new era : 0   of 5  
task35 armadillo ollidamra          : 0   of 5  
task35 t hiht                       : 0   of 5  
task35 tig                          : 5   of 5  
task35 t	igit                       : 0   of 5  
task35 asdfasdfasdfasdfasdffdsafdsafdsafdsafdsaG : 5   of 5  
-------------------------------------------------
CS240 - Midterm 1: task35. cs240 Mon Jan 30 22:41:12 EST 2017  Total:  15 of 50



-------------------------------------------------
CS240 Midterm 1: task35. cs240   
Mon Jan 30 22:41:45 EST 2017
-------------------------------------------------
task35 t                            : 0   of 5  
task35 ttt                          : 0   of 5  
task35 tight                        : 5   of 5  
task35 racecar                      : 0   of 5  
task35 are we not drawn onward we few drawn onward to new era : 0   of 5  
task35 armadillo ollidamra          : 0   of 5  
task35 t hiht                       : 0   of 5  
task35 tig                          : 5   of 5  
task35 t	igit                       : 0   of 5  
task35 asdfasdfasdfasdfasdffdsafdsafdsafdsafdsaG : 5   of 5  
-------------------------------------------------
CS240 - Midterm 1: task35. cs240 Mon Jan 30 22:41:45 EST 2017  Total:  15 of 50



-------------------------------------------------
CS240 Midterm 1: task35. cs240   
Mon Jan 30 22:42:29 EST 2017
-------------------------------------------------
task35 t                            : 0   of 5  
task35 ttt                          : 0   of 5  
task35 tight                        : 5   of 5  
task35 racecar                      : 0   of 5  
task35 are we not drawn onward we few drawn onward to new era : 0   of 5  
task35 armadillo ollidamra          : 0   of 5  
task35 t hiht                       : 0   of 5  
task35 tig                          : 5   of 5  
task35 t	igit                       : 0   of 5  
task35 asdfasdfasdfasdfasdffdsafdsafdsafdsafdsaG : 5   of 5  
-------------------------------------------------
CS240 - Midterm 1: task35. cs240 Mon Jan 30 22:42:29 EST 2017  Total:  15 of 50



-------------------------------------------------
CS240 Midterm 1: task35. cs240   
Mon Jan 30 22:42:49 EST 2017
-------------------------------------------------
task35 t                            : 0   of 5  
task35 ttt                          : 0   of 5  
task35 tight                        : 5   of 5  
task35 racecar                      : 0   of 5  
task35 are we not drawn onward we few drawn onward to new era : 0   of 5  
task35 armadillo ollidamra          : 0   of 5  
task35 t hiht                       : 0   of 5  
task35 tig                          : 5   of 5  
task35 t	igit                       : 0   of 5  
task35 asdfasdfasdfasdfasdffdsafdsafdsafdsafdsaG : 5   of 5  
-------------------------------------------------
CS240 - Midterm 1: task35. cs240 Mon Jan 30 22:42:49 EST 2017  Total:  15 of 50



-------------------------------------------------
CS240 Midterm 1: task35. ahn67   
Fri Feb  3 16:04:35 EST 2017
-------------------------------------------------
task35 t                            : 0   of 5  
task35 ttt                          : 0   of 5  
task35 tight                        : 5   of 5  
task35 racecar                      : 0   of 5  
task35 are we not drawn onward we few drawn onward to new era : 0   of 5  
task35 armadillo ollidamra          : 0   of 5  
task35 t hiht                       : 0   of 5  
task35 tig                          : 5   of 5  
task35 t	igit                       : 0   of 5  
task35 asdfasdfasdfasdfasdffdsafdsafdsafdsafdsaG : 5   of 5  
-------------------------------------------------
CS240 - Midterm 1: task35. ahn67 Fri Feb 3 16:04:35 EST 2017  Total:  15 of 50



-------------------------------------------------
CS240 Midterm 1: task35. ahn67   
Fri Feb  3 16:11:07 EST 2017
-------------------------------------------------
task35 t                            : 0   of 5  
task35 ttt                          : 0   of 5  
task35 tight                        : 5   of 5  
task35 racecar                      : 0   of 5  
task35 are we not drawn onward we few drawn onward to new era : 0   of 5  
task35 armadillo ollidamra          : 0   of 5  
task35 t hiht                       : 0   of 5  
task35 tig                          : 5   of 5  
task35 t	igit                       : 0   of 5  
task35 asdfasdfasdfasdfasdffdsafdsafdsafdsafdsaG : 5   of 5  
-------------------------------------------------
CS240 - Midterm 1: task35. ahn67 Fri Feb 3 16:11:07 EST 2017  Total:  15 of 50



-------------------------------------------------
CS240 Midterm 1: task35. ahn67   
Fri Feb  3 16:12:58 EST 2017
-------------------------------------------------
task35 t                            : 0   of 5  
task35 ttt                          : 0   of 5  
task35 tight                        : 5   of 5  
task35 racecar                      : 0   of 5  
task35 are we not drawn onward we few drawn onward to new era : 0   of 5  
task35 armadillo ollidamra          : 0   of 5  
task35 t hiht                       : 0   of 5  
task35 tig                          : 5   of 5  
task35 t	igit                       : 0   of 5  
task35 asdfasdfasdfasdfasdffdsafdsafdsafdsafdsaG : 5   of 5  
-------------------------------------------------
CS240 - Midterm 1: task35. ahn67 Fri Feb 3 16:12:58 EST 2017  Total:  15 of 50



-------------------------------------------------
CS240 Midterm 1: task35. ahn67   
Fri Feb  3 16:13:07 EST 2017
-------------------------------------------------
task35 t                            : 0   of 5  
task35 ttt                          : 0   of 5  
task35 tight                        : 5   of 5  
task35 racecar                      : 0   of 5  
task35 are we not drawn onward we few drawn onward to new era : 0   of 5  
task35 armadillo ollidamra          : 0   of 5  
task35 t hiht                       : 0   of 5  
task35 tig                          : 5   of 5  
task35 t	igit                       : 0   of 5  
task35 asdfasdfasdfasdfasdffdsafdsafdsafdsafdsaG : 5   of 5  
-------------------------------------------------
CS240 - Midterm 1: task35. ahn67 Fri Feb 3 16:13:07 EST 2017  Total:  15 of 50



-------------------------------------------------
CS240 Midterm 1: task35. ahn67   
Fri Feb  3 16:14:59 EST 2017
-------------------------------------------------
task35 t                            : 0   of 5  
task35 ttt                          : 0   of 5  
task35 tight                        : 5   of 5  
task35 racecar                      : 0   of 5  
task35 are we not drawn onward we few drawn onward to new era : 0   of 5  
task35 armadillo ollidamra          : 0   of 5  
task35 t hiht                       : 0   of 5  
task35 tig                          : 5   of 5  
task35 t	igit                       : 0   of 5  
task35 asdfasdfasdfasdfasdffdsafdsafdsafdsafdsaG : 5   of 5  
-------------------------------------------------
CS240 - Midterm 1: task35. ahn67 Fri Feb 3 16:14:59 EST 2017  Total:  15 of 50



-------------------------------------------------
CS240 Midterm 1: task35. ahn67   
Fri Feb  3 16:15:03 EST 2017
-------------------------------------------------
task35 t                            : 0   of 5  
task35 ttt                          : 0   of 5  
task35 tight                        : 5   of 5  
task35 racecar                      : 0   of 5  
task35 are we not drawn onward we few drawn onward to new era : 0   of 5  
task35 armadillo ollidamra          : 0   of 5  
task35 t hiht                       : 0   of 5  
task35 tig                          : 5   of 5  
task35 t	igit                       : 0   of 5  
task35 asdfasdfasdfasdfasdffdsafdsafdsafdsafdsaG : 5   of 5  
-------------------------------------------------
CS240 - Midterm 1: task35. ahn67 Fri Feb 3 16:15:03 EST 2017  Total:  15 of 50



-------------------------------------------------
CS240 Midterm 1: task35. ahn67   
Fri Feb  3 16:21:58 EST 2017
-------------------------------------------------
task35 t                            : 5   of 5  
task35 ttt                          : 5   of 5  
task35 tight                        : 0   of 5  
task35 racecar                      : 5   of 5  
task35 are we not drawn onward we few drawn onward to new era : 5   of 5  
task35 armadillo ollidamra          : 5   of 5  
task35 t hiht                       : 5   of 5  
task35 tig                          : 0   of 5  
task35 t	igit                       : 5   of 5  
task35 asdfasdfasdfasdfasdffdsafdsafdsafdsafdsaG : 0   of 5  
-------------------------------------------------
CS240 - Midterm 1: task35. ahn67 Fri Feb 3 16:21:58 EST 2017  Total:  35 of 50



-------------------------------------------------
CS240 Midterm 1: task35. ahn67   
Fri Feb  3 16:22:57 EST 2017
-------------------------------------------------
task35 t                            : 5   of 5  
task35 ttt                          : 5   of 5  
task35 tight                        : 0   of 5  
task35 racecar                      : 5   of 5  
task35 are we not drawn onward we few drawn onward to new era : 5   of 5  
task35 armadillo ollidamra          : 5   of 5  
task35 t hiht                       : 5   of 5  
task35 tig                          : 0   of 5  
task35 t	igit                       : 5   of 5  
task35 asdfasdfasdfasdfasdffdsafdsafdsafdsafdsaG : 0   of 5  
-------------------------------------------------
CS240 - Midterm 1: task35. ahn67 Fri Feb 3 16:22:57 EST 2017  Total:  35 of 50



-------------------------------------------------
CS240 Midterm 1: task35. ahn67   
Fri Feb  3 16:23:01 EST 2017
-------------------------------------------------
task35 t                            : 5   of 5  
task35 ttt                          : 5   of 5  
task35 tight                        : 0   of 5  
task35 racecar                      : 5   of 5  
task35 are we not drawn onward we few drawn onward to new era : 5   of 5  
task35 armadillo ollidamra          : 5   of 5  
task35 t hiht                       : 5   of 5  
task35 tig                          : 0   of 5  
task35 t	igit                       : 5   of 5  
task35 asdfasdfasdfasdfasdffdsafdsafdsafdsafdsaG : 0   of 5  
-------------------------------------------------
CS240 - Midterm 1: task35. ahn67 Fri Feb 3 16:23:01 EST 2017  Total:  35 of 50



-------------------------------------------------
CS240 Midterm 1: task35. ahn67   
Fri Feb  3 16:23:12 EST 2017
-------------------------------------------------
task35 t                            : 5   of 5  
task35 ttt                          : 5   of 5  
task35 tight                        : 0   of 5  
task35 racecar                      : 5   of 5  
task35 are we not drawn onward we few drawn onward to new era : 5   of 5  
task35 armadillo ollidamra          : 5   of 5  
task35 t hiht                       : 5   of 5  
task35 tig                          : 0   of 5  
task35 t	igit                       : 5   of 5  
task35 asdfasdfasdfasdfasdffdsafdsafdsafdsafdsaG : 0   of 5  
-------------------------------------------------
CS240 - Midterm 1: task35. ahn67 Fri Feb 3 16:23:12 EST 2017  Total:  35 of 50



-------------------------------------------------
CS240 Midterm 1: task35. ahn67   
Fri Feb  3 16:23:47 EST 2017
-------------------------------------------------
task35 t                            : 0   of 5  
task35 ttt                          : 0   of 5  
task35 tight                        : 5   of 5  
task35 racecar                      : 0   of 5  
task35 are we not drawn onward we few drawn onward to new era : 0   of 5  
task35 armadillo ollidamra          : 0   of 5  
task35 t hiht                       : 0   of 5  
task35 tig                          : 5   of 5  
task35 t	igit                       : 0   of 5  
task35 asdfasdfasdfasdfasdffdsafdsafdsafdsafdsaG : 5   of 5  
-------------------------------------------------
CS240 - Midterm 1: task35. ahn67 Fri Feb 3 16:23:47 EST 2017  Total:  15 of 50



-------------------------------------------------
CS240 Midterm 1: task35. ahn67   
Fri Feb  3 16:25:26 EST 2017
-------------------------------------------------
task35 t                            : 5   of 5  
task35 ttt                          : 5   of 5  
task35 tight                        : 0   of 5  
task35 racecar                      : 5   of 5  
task35 are we not drawn onward we few drawn onward to new era : 5   of 5  
task35 armadillo ollidamra          : 5   of 5  
task35 t hiht                       : 5   of 5  
task35 tig                          : 0   of 5  
task35 t	igit                       : 5   of 5  
task35 asdfasdfasdfasdfasdffdsafdsafdsafdsafdsaG : 0   of 5  
-------------------------------------------------
CS240 - Midterm 1: task35. ahn67 Fri Feb 3 16:25:26 EST 2017  Total:  35 of 50



-------------------------------------------------
CS240 Midterm 1: task35. ahn67   
Fri Feb  3 16:31:58 EST 2017
-------------------------------------------------
task35 t                            : 5   of 5  
task35 ttt                          : 5   of 5  
task35 tight                        : 0   of 5  
task35 racecar                      : 5   of 5  
task35 are we not drawn onward we few drawn onward to new era : 5   of 5  
task35 armadillo ollidamra          : 5   of 5  
task35 t hiht                       : 5   of 5  
task35 tig                          : 0   of 5  
task35 t	igit                       : 5   of 5  
task35 asdfasdfasdfasdfasdffdsafdsafdsafdsafdsaG : 0   of 5  
-------------------------------------------------
CS240 - Midterm 1: task35. ahn67 Fri Feb 3 16:31:58 EST 2017  Total:  35 of 50



-------------------------------------------------
CS240 Midterm 1: task35. ahn67   
Fri Feb  3 16:32:04 EST 2017
-------------------------------------------------
task35 t                            : 5   of 5  
task35 ttt                          : 5   of 5  
task35 tight                        : 0   of 5  
task35 racecar                      : 5   of 5  
task35 are we not drawn onward we few drawn onward to new era : 5   of 5  
task35 armadillo ollidamra          : 5   of 5  
task35 t hiht                       : 5   of 5  
task35 tig                          : 0   of 5  
task35 t	igit                       : 5   of 5  
task35 asdfasdfasdfasdfasdffdsafdsafdsafdsafdsaG : 0   of 5  
-------------------------------------------------
CS240 - Midterm 1: task35. ahn67 Fri Feb 3 16:32:04 EST 2017  Total:  35 of 50



-------------------------------------------------
CS240 Midterm 1: task35. ahn67   
Fri Feb  3 16:32:13 EST 2017
-------------------------------------------------
task35 t                            : 5   of 5  
task35 ttt                          : 5   of 5  
task35 tight                        : 0   of 5  
task35 racecar                      : 5   of 5  
task35 are we not drawn onward we few drawn onward to new era : 5   of 5  
task35 armadillo ollidamra          : 5   of 5  
task35 t hiht                       : 5   of 5  
task35 tig                          : 0   of 5  
task35 t	igit                       : 5   of 5  
task35 asdfasdfasdfasdfasdffdsafdsafdsafdsafdsaG : 0   of 5  
-------------------------------------------------
CS240 - Midterm 1: task35. ahn67 Fri Feb 3 16:32:13 EST 2017  Total:  35 of 50



-------------------------------------------------
CS240 Midterm 1: task35. ahn67   
Fri Feb  3 16:45:27 EST 2017
-------------------------------------------------
task35 t                            : 5   of 5  
task35 ttt                          : 5   of 5  
task35 tight                        : 0   of 5  
task35 racecar                      : 5   of 5  
task35 are we not drawn onward we few drawn onward to new era : 5   of 5  
task35 armadillo ollidamra          : 5   of 5  
task35 t hiht                       : 5   of 5  
task35 tig                          : 0   of 5  
task35 t	igit                       : 5   of 5  
task35 asdfasdfasdfasdfasdffdsafdsafdsafdsafdsaG : 0   of 5  
-------------------------------------------------
CS240 - Midterm 1: task35. ahn67 Fri Feb 3 16:45:27 EST 2017  Total:  35 of 50



-------------------------------------------------
CS240 Midterm 1: task35. ahn67   
Fri Feb  3 16:49:17 EST 2017
-------------------------------------------------
task35 t                            : 5   of 5  
task35 ttt                          : 5   of 5  
task35 tight                        : 0   of 5  
task35 racecar                      : 5   of 5  
task35 are we not drawn onward we few drawn onward to new era : 5   of 5  
task35 armadillo ollidamra          : 5   of 5  
task35 t hiht                       : 5   of 5  
task35 tig                          : 0   of 5  
task35 t	igit                       : 5   of 5  
task35 asdfasdfasdfasdfasdffdsafdsafdsafdsafdsaG : 0   of 5  
-------------------------------------------------
CS240 - Midterm 1: task35. ahn67 Fri Feb 3 16:49:17 EST 2017  Total:  35 of 50



-------------------------------------------------
CS240 Midterm 1: task35. ahn67   
Fri Feb  3 16:50:18 EST 2017
-------------------------------------------------
task35 t                            : 5   of 5  
task35 ttt                          : 5   of 5  
task35 tight                        : 0   of 5  
task35 racecar                      : 5   of 5  
task35 are we not drawn onward we few drawn onward to new era : 5   of 5  
task35 armadillo ollidamra          : 5   of 5  
task35 t hiht                       : 5   of 5  
task35 tig                          : 0   of 5  
task35 t	igit                       : 5   of 5  
task35 asdfasdfasdfasdfasdffdsafdsafdsafdsafdsaG : 0   of 5  
-------------------------------------------------
CS240 - Midterm 1: task35. ahn67 Fri Feb 3 16:50:18 EST 2017  Total:  35 of 50



-------------------------------------------------
CS240 Midterm 1: task35. ahn67   
Fri Feb  3 17:22:45 EST 2017
-------------------------------------------------
task35 t                            : 0   of 5  
task35 ttt                          : 5   of 5  
task35 tight                        : 0   of 5  
task35 racecar                      : 5   of 5  
task35 are we not drawn onward we few drawn onward to new era : 5   of 5  
task35 armadillo ollidamra          : 5   of 5  
task35 t hiht                       : 5   of 5  
task35 tig                          : 0   of 5  
task35 t	igit                       : 5   of 5  
task35 asdfasdfasdfasdfasdffdsafdsafdsafdsafdsaG : 0   of 5  
!!!!! Don't use string library functions !!!!!
-------------------------------------------------
CS240 - Midterm 1: task35. ahn67 Fri Feb 3 17:22:45 EST 2017  Total:  0 of 50



-------------------------------------------------
CS240 Midterm 1: task35. ahn67   
Fri Feb  3 17:32:13 EST 2017
-------------------------------------------------
task35 t                            : 0   of 5  
task35 ttt                          : 5   of 5  
task35 tight                        : 0   of 5  
task35 racecar                      : 5   of 5  
task35 are we not drawn onward we few drawn onward to new era : 5   of 5  
task35 armadillo ollidamra          : 5   of 5  
task35 t hiht                       : 5   of 5  
task35 tig                          : 0   of 5  
task35 t	igit                       : 5   of 5  
task35 asdfasdfasdfasdfasdffdsafdsafdsafdsafdsaG : 0   of 5  
!!!!! Don't use string library functions !!!!!
-------------------------------------------------
CS240 - Midterm 1: task35. ahn67 Fri Feb 3 17:32:13 EST 2017  Total:  0 of 50



-------------------------------------------------
CS240 Midterm 1: task35. ahn67   
Fri Feb  3 17:37:07 EST 2017
-------------------------------------------------
task35 t                            : 5   of 5  
task35 ttt                          : 5   of 5  
task35 tight                        : 0   of 5  
task35 racecar                      : 5   of 5  
task35 are we not drawn onward we few drawn onward to new era : 5   of 5  
task35 armadillo ollidamra          : 5   of 5  
task35 t hiht                       : 5   of 5  
task35 tig                          : 0   of 5  
task35 t	igit                       : 5   of 5  
task35 asdfasdfasdfasdfasdffdsafdsafdsafdsafdsaG : 0   of 5  
!!!!! Don't use string library functions !!!!!
-------------------------------------------------
CS240 - Midterm 1: task35. ahn67 Fri Feb 3 17:37:07 EST 2017  Total:  0 of 50



-------------------------------------------------
CS240 Midterm 1: task35. ahn67   
Fri Feb  3 17:37:28 EST 2017
-------------------------------------------------
task35 t                            : 5   of 5  
task35 ttt                          : 5   of 5  
task35 tight                        : 0   of 5  
task35 racecar                      : 5   of 5  
task35 are we not drawn onward we few drawn onward to new era : 5   of 5  
task35 armadillo ollidamra          : 5   of 5  
task35 t hiht                       : 5   of 5  
task35 tig                          : 0   of 5  
task35 t	igit                       : 5   of 5  
task35 asdfasdfasdfasdfasdffdsafdsafdsafdsafdsaG : 0   of 5  
-------------------------------------------------
CS240 - Midterm 1: task35. ahn67 Fri Feb 3 17:37:28 EST 2017  Total:  35 of 50



-------------------------------------------------
CS240 Midterm 1: task35. ahn67   
Sat Feb  4 17:40:28 EST 2017
-------------------------------------------------
task35 t                            : 5   of 5  
task35 ttt                          : 5   of 5  
task35 tight                        : 0   of 5  
task35 racecar                      : 5   of 5  
task35 are we not drawn onward we few drawn onward to new era : 5   of 5  
task35 armadillo ollidamra          : 5   of 5  
task35 t hiht                       : 5   of 5  
task35 tig                          : 0   of 5  
task35 t	igit                       : 5   of 5  
task35 asdfasdfasdfasdfasdffdsafdsafdsafdsafdsaG : 0   of 5  
-------------------------------------------------
CS240 - Midterm 1: task35. ahn67 Sat Feb 4 17:40:28 EST 2017  Total:  35 of 50



-------------------------------------------------
CS240 Midterm 1: task35. ahn67   
Sat Feb  4 17:41:18 EST 2017
-------------------------------------------------
task35 t                            : 5   of 5  
task35 ttt                          : 5   of 5  
task35 tight                        : 5   of 5  
task35 racecar                      : 0   of 5  
task35 are we not drawn onward we few drawn onward to new era : 0   of 5  
task35 armadillo ollidamra          : 0   of 5  
task35 t hiht                       : 0   of 5  
task35 tig                          : 0   of 5  
task35 t	igit                       : 0   of 5  
task35 asdfasdfasdfasdfasdffdsafdsafdsafdsafdsaG : 5   of 5  
-------------------------------------------------
CS240 - Midterm 1: task35. ahn67 Sat Feb 4 17:41:18 EST 2017  Total:  20 of 50



-------------------------------------------------
CS240 Midterm 1: task35. ahn67   
Sat Feb  4 17:42:04 EST 2017
-------------------------------------------------
task35 t                            : 5   of 5  
task35 ttt                          : 5   of 5  
task35 tight                        : 5   of 5  
task35 racecar                      : 0   of 5  
task35 are we not drawn onward we few drawn onward to new era : 0   of 5  
task35 armadillo ollidamra          : 0   of 5  
task35 t hiht                       : 0   of 5  
task35 tig                          : 0   of 5  
task35 t	igit                       : 0   of 5  
task35 asdfasdfasdfasdfasdffdsafdsafdsafdsafdsaG : 5   of 5  
-------------------------------------------------
CS240 - Midterm 1: task35. ahn67 Sat Feb 4 17:42:04 EST 2017  Total:  20 of 50



-------------------------------------------------
CS240 Midterm 1: task35. ahn67   
Sat Feb  4 17:42:09 EST 2017
-------------------------------------------------
task35 t                            : 5   of 5  
task35 ttt                          : 5   of 5  
task35 tight                        : 5   of 5  
task35 racecar                      : 0   of 5  
task35 are we not drawn onward we few drawn onward to new era : 0   of 5  
task35 armadillo ollidamra          : 0   of 5  
task35 t hiht                       : 0   of 5  
task35 tig                          : 0   of 5  
task35 t	igit                       : 0   of 5  
task35 asdfasdfasdfasdfasdffdsafdsafdsafdsafdsaG : 5   of 5  
-------------------------------------------------
CS240 - Midterm 1: task35. ahn67 Sat Feb 4 17:42:09 EST 2017  Total:  20 of 50



-------------------------------------------------
CS240 Midterm 1: task35. ahn67   
Sat Feb  4 17:42:19 EST 2017
-------------------------------------------------
task35 t                            : 5   of 5  
task35 ttt                          : 5   of 5  
task35 tight                        : 5   of 5  
task35 racecar                      : 0   of 5  
task35 are we not drawn onward we few drawn onward to new era : 0   of 5  
task35 armadillo ollidamra          : 0   of 5  
task35 t hiht                       : 0   of 5  
task35 tig                          : 0   of 5  
task35 t	igit                       : 0   of 5  
task35 asdfasdfasdfasdfasdffdsafdsafdsafdsafdsaG : 5   of 5  
-------------------------------------------------
CS240 - Midterm 1: task35. ahn67 Sat Feb 4 17:42:19 EST 2017  Total:  20 of 50



-------------------------------------------------
CS240 Midterm 1: task35. ahn67   
Sat Feb  4 17:43:19 EST 2017
-------------------------------------------------
task35 t                            : 5   of 5  
task35 ttt                          : 5   of 5  
task35 tight                        : 0   of 5  
task35 racecar                      : 5   of 5  
task35 are we not drawn onward we few drawn onward to new era : 5   of 5  
task35 armadillo ollidamra          : 5   of 5  
task35 t hiht                       : 5   of 5  
task35 tig                          : 0   of 5  
task35 t	igit                       : 5   of 5  
task35 asdfasdfasdfasdfasdffdsafdsafdsafdsafdsaG : 0   of 5  
-------------------------------------------------
CS240 - Midterm 1: task35. ahn67 Sat Feb 4 17:43:19 EST 2017  Total:  35 of 50



-------------------------------------------------
CS240 Midterm 1: task35. ahn67   
Sat Feb  4 17:43:49 EST 2017
-------------------------------------------------
task35 t                            : 5   of 5  
task35 ttt                          : 5   of 5  
task35 tight                        : 0   of 5  
task35 racecar                      : 5   of 5  
task35 are we not drawn onward we few drawn onward to new era : 5   of 5  
task35 armadillo ollidamra          : 5   of 5  
task35 t hiht                       : 5   of 5  
task35 tig                          : 0   of 5  
task35 t	igit                       : 5   of 5  
task35 asdfasdfasdfasdfasdffdsafdsafdsafdsafdsaG : 0   of 5  
-------------------------------------------------
CS240 - Midterm 1: task35. ahn67 Sat Feb 4 17:43:49 EST 2017  Total:  35 of 50



-------------------------------------------------
CS240 Midterm 1: task35. ahn67   
Sat Feb  4 17:45:31 EST 2017
-------------------------------------------------
task35 t                            : 5   of 5  
task35 ttt                          : 5   of 5  
task35 tight                        : 0   of 5  
task35 racecar                      : 5   of 5  
task35 are we not drawn onward we few drawn onward to new era : 5   of 5  
task35 armadillo ollidamra          : 5   of 5  
task35 t hiht                       : 5   of 5  
task35 tig                          : 0   of 5  
task35 t	igit                       : 5   of 5  
task35 asdfasdfasdfasdfasdffdsafdsafdsafdsafdsaG : 0   of 5  
-------------------------------------------------
CS240 - Midterm 1: task35. ahn67 Sat Feb 4 17:45:31 EST 2017  Total:  35 of 50



-------------------------------------------------
CS240 Midterm 1: task35. ahn67   
Sat Feb  4 17:46:00 EST 2017
-------------------------------------------------
task35 t                            : 5   of 5  
task35 ttt                          : 5   of 5  
task35 tight                        : 0   of 5  
task35 racecar                      : 5   of 5  
task35 are we not drawn onward we few drawn onward to new era : 5   of 5  
task35 armadillo ollidamra          : 5   of 5  
task35 t hiht                       : 5   of 5  
task35 tig                          : 0   of 5  
task35 t	igit                       : 5   of 5  
task35 asdfasdfasdfasdfasdffdsafdsafdsafdsafdsaG : 0   of 5  
-------------------------------------------------
CS240 - Midterm 1: task35. ahn67 Sat Feb 4 17:46:00 EST 2017  Total:  35 of 50



-------------------------------------------------
CS240 Midterm 1: task35. ahn67   
Sat Feb  4 17:49:06 EST 2017
-------------------------------------------------
task35 t                            : 5   of 5  
task35 ttt                          : 5   of 5  
task35 tight                        : 0   of 5  
task35 racecar                      : 5   of 5  
task35 are we not drawn onward we few drawn onward to new era : 5   of 5  
task35 armadillo ollidamra          : 5   of 5  
task35 t hiht                       : 5   of 5  
task35 tig                          : 0   of 5  
task35 t	igit                       : 5   of 5  
task35 asdfasdfasdfasdfasdffdsafdsafdsafdsafdsaG : 0   of 5  
-------------------------------------------------
CS240 - Midterm 1: task35. ahn67 Sat Feb 4 17:49:06 EST 2017  Total:  35 of 50



-------------------------------------------------
CS240 Midterm 1: task35. ahn67   
Sat Feb  4 17:49:12 EST 2017
-------------------------------------------------
task35 t                            : 5   of 5  
task35 ttt                          : 5   of 5  
task35 tight                        : 0   of 5  
task35 racecar                      : 5   of 5  
task35 are we not drawn onward we few drawn onward to new era : 5   of 5  
task35 armadillo ollidamra          : 5   of 5  
task35 t hiht                       : 5   of 5  
task35 tig                          : 0   of 5  
task35 t	igit                       : 5   of 5  
task35 asdfasdfasdfasdfasdffdsafdsafdsafdsafdsaG : 0   of 5  
-------------------------------------------------
CS240 - Midterm 1: task35. ahn67 Sat Feb 4 17:49:12 EST 2017  Total:  35 of 50



-------------------------------------------------
CS240 Midterm 1: task35. ahn67   
Sat Feb  4 17:50:20 EST 2017
-------------------------------------------------
task35 t                            : 5   of 5  
task35 ttt                          : 5   of 5  
task35 tight                        : 0   of 5  
task35 racecar                      : 5   of 5  
task35 are we not drawn onward we few drawn onward to new era : 5   of 5  
task35 armadillo ollidamra          : 5   of 5  
task35 t hiht                       : 5   of 5  
task35 tig                          : 0   of 5  
task35 t	igit                       : 5   of 5  
task35 asdfasdfasdfasdfasdffdsafdsafdsafdsafdsaG : 0   of 5  
-------------------------------------------------
CS240 - Midterm 1: task35. ahn67 Sat Feb 4 17:50:20 EST 2017  Total:  35 of 50



-------------------------------------------------
CS240 Midterm 1: task35. ahn67   
Sat Feb  4 17:53:34 EST 2017
-------------------------------------------------
task35 t                            : 0   of 5  
task35 ttt                          : 5   of 5  
task35 tight                        : 0   of 5  
task35 racecar                      : 5   of 5  
task35 are we not drawn onward we few drawn onward to new era : 5   of 5  
task35 armadillo ollidamra          : 5   of 5  
task35 t hiht                       : 5   of 5  
task35 tig                          : 0   of 5  
task35 t	igit                       : 5   of 5  
task35 asdfasdfasdfasdfasdffdsafdsafdsafdsafdsaG : 0   of 5  
-------------------------------------------------
CS240 - Midterm 1: task35. ahn67 Sat Feb 4 17:53:34 EST 2017  Total:  30 of 50



-------------------------------------------------
CS240 Midterm 1: task35. ahn67   
Sat Feb  4 17:54:08 EST 2017
-------------------------------------------------
task35 t                            : 0   of 5  
task35 ttt                          : 5   of 5  
task35 tight                        : 0   of 5  
task35 racecar                      : 5   of 5  
task35 are we not drawn onward we few drawn onward to new era : 5   of 5  
task35 armadillo ollidamra          : 5   of 5  
task35 t hiht                       : 5   of 5  
task35 tig                          : 0   of 5  
task35 t	igit                       : 5   of 5  
task35 asdfasdfasdfasdfasdffdsafdsafdsafdsafdsaG : 0   of 5  
-------------------------------------------------
CS240 - Midterm 1: task35. ahn67 Sat Feb 4 17:54:08 EST 2017  Total:  30 of 50



-------------------------------------------------
CS240 Midterm 1: task35. ahn67   
Sat Feb  4 17:54:26 EST 2017
-------------------------------------------------
task35 t                            : 5   of 5  
task35 ttt                          : 5   of 5  
task35 tight                        : 0   of 5  
task35 racecar                      : 5   of 5  
task35 are we not drawn onward we few drawn onward to new era : 5   of 5  
task35 armadillo ollidamra          : 5   of 5  
task35 t hiht                       : 5   of 5  
task35 tig                          : 0   of 5  
task35 t	igit                       : 5   of 5  
task35 asdfasdfasdfasdfasdffdsafdsafdsafdsafdsaG : 0   of 5  
-------------------------------------------------
CS240 - Midterm 1: task35. ahn67 Sat Feb 4 17:54:26 EST 2017  Total:  35 of 50



-------------------------------------------------
CS240 Midterm 1: task35. ahn67   
Sun Feb  5 19:06:10 EST 2017
-------------------------------------------------
task35 t                            : 5   of 5  
task35 ttt                          : 5   of 5  
task35 tight                        : 0   of 5  
task35 racecar                      : 5   of 5  
task35 are we not drawn onward we few drawn onward to new era : 5   of 5  
task35 armadillo ollidamra          : 5   of 5  
task35 t hiht                       : 5   of 5  
task35 tig                          : 0   of 5  
task35 t	igit                       : 5   of 5  
task35 asdfasdfasdfasdfasdffdsafdsafdsafdsafdsaG : 0   of 5  
-------------------------------------------------
CS240 - Midterm 1: task35. ahn67 Sun Feb 5 19:06:10 EST 2017  Total:  35 of 50



-------------------------------------------------
CS240 Midterm 1: task35. ahn67   
Sun Feb  5 19:16:01 EST 2017
-------------------------------------------------
task35 t                            : 5   of 5  
task35 ttt                          : 5   of 5  
task35 tight                        : 0   of 5  
task35 racecar                      : 5   of 5  
task35 are we not drawn onward we few drawn onward to new era : 5   of 5  
task35 armadillo ollidamra          : 5   of 5  
task35 t hiht                       : 5   of 5  
task35 tig                          : 0   of 5  
task35 t	igit                       : 5   of 5  
task35 asdfasdfasdfasdfasdffdsafdsafdsafdsafdsaG : 0   of 5  
-------------------------------------------------
CS240 - Midterm 1: task35. ahn67 Sun Feb 5 19:16:01 EST 2017  Total:  35 of 50



-------------------------------------------------
CS240 Midterm 1: task35. ahn67   
Wed Feb  8 00:30:13 EST 2017
-------------------------------------------------
task35 t                            : 5   of 5  
task35 ttt                          : 0   of 5  
task35 tight                        : 5   of 5  
task35 racecar                      : 5   of 5  
task35 are we not drawn onward we few drawn onward to new era : 0   of 5  
task35 armadillo ollidamra          : 0   of 5  
task35 t hiht                       : 0   of 5  
task35 tig                          : 5   of 5  
task35 t	igit                       : 0   of 5  
task35 asdfasdfasdfasdfasdffdsafdsafdsafdsafdsaG : 5   of 5  
-------------------------------------------------
CS240 - Midterm 1: task35. ahn67 Wed Feb 8 00:30:13 EST 2017  Total:  25 of 50



-------------------------------------------------
CS240 Midterm 1: task35. ahn67   
Wed Feb  8 00:31:27 EST 2017
-------------------------------------------------
task35 t                            : 5   of 5  
task35 ttt                          : 0   of 5  
task35 tight                        : 5   of 5  
task35 racecar                      : 0   of 5  
task35 are we not drawn onward we few drawn onward to new era : 0   of 5  
task35 armadillo ollidamra          : 0   of 5  
task35 t hiht                       : 0   of 5  
task35 tig                          : 5   of 5  
task35 t	igit                       : 0   of 5  
task35 asdfasdfasdfasdfasdffdsafdsafdsafdsafdsaG : 5   of 5  
-------------------------------------------------
CS240 - Midterm 1: task35. ahn67 Wed Feb 8 00:31:27 EST 2017  Total:  20 of 50



-------------------------------------------------
CS240 Midterm 1: task35. ahn67   
Wed Feb  8 00:31:45 EST 2017
-------------------------------------------------
task35 t                            : 5   of 5  
task35 ttt                          : 0   of 5  
task35 tight                        : 5   of 5  
task35 racecar                      : 5   of 5  
task35 are we not drawn onward we few drawn onward to new era : 0   of 5  
task35 armadillo ollidamra          : 0   of 5  
task35 t hiht                       : 0   of 5  
task35 tig                          : 5   of 5  
task35 t	igit                       : 0   of 5  
task35 asdfasdfasdfasdfasdffdsafdsafdsafdsafdsaG : 5   of 5  
-------------------------------------------------
CS240 - Midterm 1: task35. ahn67 Wed Feb 8 00:31:45 EST 2017  Total:  25 of 50



-------------------------------------------------
CS240 Midterm 1: task35. ahn67   
Wed Feb  8 00:34:32 EST 2017
-------------------------------------------------
task35 t                            : 5   of 5  
task35 ttt                          : 0   of 5  
task35 tight                        : 5   of 5  
task35 racecar                      : 5   of 5  
task35 are we not drawn onward we few drawn onward to new era : 0   of 5  
task35 armadillo ollidamra          : 0   of 5  
task35 t hiht                       : 0   of 5  
task35 tig                          : 5   of 5  
task35 t	igit                       : 0   of 5  
task35 asdfasdfasdfasdfasdffdsafdsafdsafdsafdsaG : 5   of 5  
-------------------------------------------------
CS240 - Midterm 1: task35. ahn67 Wed Feb 8 00:34:32 EST 2017  Total:  25 of 50



-------------------------------------------------
CS240 Midterm 1: task35. ahn67   
Wed Feb  8 00:43:22 EST 2017
-------------------------------------------------
task35 t                            : 0   of 5  
task35 ttt                          : 0   of 5  
task35 tight                        : 5   of 5  
task35 racecar                      : 0   of 5  
task35 are we not drawn onward we few drawn onward to new era : 0   of 5  
task35 armadillo ollidamra          : 0   of 5  
task35 t hiht                       : 0   of 5  
task35 tig                          : 5   of 5  
task35 t	igit                       : 0   of 5  
task35 asdfasdfasdfasdfasdffdsafdsafdsafdsafdsaG : 5   of 5  
-------------------------------------------------
CS240 - Midterm 1: task35. ahn67 Wed Feb 8 00:43:22 EST 2017  Total:  15 of 50



-------------------------------------------------
CS240 Midterm 1: task35. ahn67   
Wed Feb  8 00:47:10 EST 2017
-------------------------------------------------
task35 t                            : 5   of 5  
task35 ttt                          : 0   of 5  
task35 tight                        : 5   of 5  
task35 racecar                      : 5   of 5  
task35 are we not drawn onward we few drawn onward to new era : 0   of 5  
task35 armadillo ollidamra          : 0   of 5  
task35 t hiht                       : 0   of 5  
task35 tig                          : 5   of 5  
task35 t	igit                       : 0   of 5  
task35 asdfasdfasdfasdfasdffdsafdsafdsafdsafdsaG : 5   of 5  
-------------------------------------------------
CS240 - Midterm 1: task35. ahn67 Wed Feb 8 00:47:10 EST 2017  Total:  25 of 50



-------------------------------------------------
CS240 Midterm 1: task35. ahn67   
Wed Feb  8 00:51:14 EST 2017
-------------------------------------------------
task35 t                            : 5   of 5  
task35 ttt                          : 5   of 5  
task35 tight                        : 5   of 5  
task35 racecar                      : 5   of 5  
task35 are we not drawn onward we few drawn onward to new era : 0   of 5  
task35 armadillo ollidamra          : 5   of 5  
task35 t hiht                       : 0   of 5  
task35 tig                          : 5   of 5  
task35 t	igit                       : 0   of 5  
task35 asdfasdfasdfasdfasdffdsafdsafdsafdsafdsaG : 5   of 5  
-------------------------------------------------
CS240 - Midterm 1: task35. ahn67 Wed Feb 8 00:51:14 EST 2017  Total:  35 of 50



-------------------------------------------------
CS240 Midterm 1: task35. ahn67   
Wed Feb  8 00:52:59 EST 2017
-------------------------------------------------
task35 t                            : 5   of 5  
task35 ttt                          : 0   of 5  
task35 tight                        : 5   of 5  
task35 racecar                      : 0   of 5  
task35 are we not drawn onward we few drawn onward to new era : 0   of 5  
task35 armadillo ollidamra          : 0   of 5  
task35 t hiht                       : 0   of 5  
task35 tig                          : 5   of 5  
task35 t	igit                       : 0   of 5  
task35 asdfasdfasdfasdfasdffdsafdsafdsafdsafdsaG : 5   of 5  
-------------------------------------------------
CS240 - Midterm 1: task35. ahn67 Wed Feb 8 00:52:59 EST 2017  Total:  20 of 50



-------------------------------------------------
CS240 Midterm 1: task35. ahn67   
Wed Feb  8 00:53:11 EST 2017
-------------------------------------------------
task35 t                            : 5   of 5  
task35 ttt                          : 0   of 5  
task35 tight                        : 5   of 5  
task35 racecar                      : 5   of 5  
task35 are we not drawn onward we few drawn onward to new era : 0   of 5  
task35 armadillo ollidamra          : 0   of 5  
task35 t hiht                       : 0   of 5  
task35 tig                          : 5   of 5  
task35 t	igit                       : 0   of 5  
task35 asdfasdfasdfasdfasdffdsafdsafdsafdsafdsaG : 5   of 5  
-------------------------------------------------
CS240 - Midterm 1: task35. ahn67 Wed Feb 8 00:53:11 EST 2017  Total:  25 of 50



-------------------------------------------------
CS240 Midterm 1: task35. ahn67   
Wed Feb  8 00:54:47 EST 2017
-------------------------------------------------
task35 t                            : 5   of 5  
task35 ttt                          : 0   of 5  
task35 tight                        : 5   of 5  
task35 racecar                      : 0   of 5  
task35 are we not drawn onward we few drawn onward to new era : 0   of 5  
task35 armadillo ollidamra          : 0   of 5  
task35 t hiht                       : 0   of 5  
task35 tig                          : 5   of 5  
task35 t	igit                       : 0   of 5  
task35 asdfasdfasdfasdfasdffdsafdsafdsafdsafdsaG : 5   of 5  
-------------------------------------------------
CS240 - Midterm 1: task35. ahn67 Wed Feb 8 00:54:47 EST 2017  Total:  20 of 50



-------------------------------------------------
CS240 Midterm 1: task35. ahn67   
Wed Feb  8 00:55:20 EST 2017
-------------------------------------------------
task35 t                            : 5   of 5  
task35 ttt                          : 0   of 5  
task35 tight                        : 5   of 5  
task35 racecar                      : 0   of 5  
task35 are we not drawn onward we few drawn onward to new era : 0   of 5  
task35 armadillo ollidamra          : 0   of 5  
task35 t hiht                       : 0   of 5  
task35 tig                          : 5   of 5  
task35 t	igit                       : 0   of 5  
task35 asdfasdfasdfasdfasdffdsafdsafdsafdsafdsaG : 5   of 5  
-------------------------------------------------
CS240 - Midterm 1: task35. ahn67 Wed Feb 8 00:55:20 EST 2017  Total:  20 of 50



-------------------------------------------------
CS240 Midterm 1: task35. ahn67   
Wed Feb  8 00:55:35 EST 2017
-------------------------------------------------
task35 t                            : 5   of 5  
task35 ttt                          : 0   of 5  
task35 tight                        : 5   of 5  
task35 racecar                      : 5   of 5  
task35 are we not drawn onward we few drawn onward to new era : 0   of 5  
task35 armadillo ollidamra          : 0   of 5  
task35 t hiht                       : 0   of 5  
task35 tig                          : 5   of 5  
task35 t	igit                       : 0   of 5  
task35 asdfasdfasdfasdfasdffdsafdsafdsafdsafdsaG : 5   of 5  
-------------------------------------------------
CS240 - Midterm 1: task35. ahn67 Wed Feb 8 00:55:35 EST 2017  Total:  25 of 50



-------------------------------------------------
CS240 Midterm 1: task35. ahn67   
Wed Feb  8 00:58:19 EST 2017
-------------------------------------------------
task35 t                            : 5   of 5  
task35 ttt                          : 0   of 5  
task35 tight                        : 5   of 5  
task35 racecar                      : 5   of 5  
task35 are we not drawn onward we few drawn onward to new era : 0   of 5  
task35 armadillo ollidamra          : 0   of 5  
task35 t hiht                       : 0   of 5  
task35 tig                          : 5   of 5  
task35 t	igit                       : 0   of 5  
task35 asdfasdfasdfasdfasdffdsafdsafdsafdsafdsaG : 5   of 5  
-------------------------------------------------
CS240 - Midterm 1: task35. ahn67 Wed Feb 8 00:58:19 EST 2017  Total:  25 of 50



-------------------------------------------------
CS240 Midterm 1: task35. ahn67   
Wed Feb  8 00:59:08 EST 2017
-------------------------------------------------
task35 t                            : 5   of 5  
task35 ttt                          : 0   of 5  
task35 tight                        : 5   of 5  
task35 racecar                      : 5   of 5  
task35 are we not drawn onward we few drawn onward to new era : 0   of 5  
task35 armadillo ollidamra          : 0   of 5  
task35 t hiht                       : 0   of 5  
task35 tig                          : 5   of 5  
task35 t	igit                       : 0   of 5  
task35 asdfasdfasdfasdfasdffdsafdsafdsafdsafdsaG : 5   of 5  
-------------------------------------------------
CS240 - Midterm 1: task35. ahn67 Wed Feb 8 00:59:08 EST 2017  Total:  25 of 50



-------------------------------------------------
CS240 Midterm 1: task35. ahn67   
Wed Feb  8 20:10:44 EST 2017
-------------------------------------------------
task35 t                            : 5   of 5  
task35 ttt                          : 5   of 5  
task35 tight                        : 5   of 5  
task35 racecar                      : 5   of 5  
task35 are we not drawn onward we few drawn onward to new era : 0   of 5  
task35 armadillo ollidamra          : 0   of 5  
task35 t hiht                       : 0   of 5  
task35 tig                          : 5   of 5  
task35 t	igit                       : 0   of 5  
task35 asdfasdfasdfasdfasdffdsafdsafdsafdsafdsaG : 5   of 5  
-------------------------------------------------
CS240 - Midterm 1: task35. ahn67 Wed Feb 8 20:10:44 EST 2017  Total:  30 of 50



-------------------------------------------------
CS240 Midterm 1: task35. ahn67   
Wed Feb  8 21:06:38 EST 2017
-------------------------------------------------
task35 t                            : 5   of 5  
task35 ttt                          : 0   of 5  
task35 tight                        : 5   of 5  
task35 racecar                      : 5   of 5  
task35 are we not drawn onward we few drawn onward to new era : 0   of 5  
task35 armadillo ollidamra          : 0   of 5  
task35 t hiht                       : 0   of 5  
task35 tig                          : 5   of 5  
task35 t	igit                       : 0   of 5  
task35 asdfasdfasdfasdfasdffdsafdsafdsafdsafdsaG : 5   of 5  
-------------------------------------------------
CS240 - Midterm 1: task35. ahn67 Wed Feb 8 21:06:38 EST 2017  Total:  25 of 50



-------------------------------------------------
CS240 Midterm 1: task35. ahn67   
Wed Feb  8 21:07:23 EST 2017
-------------------------------------------------
task35 t                            : 5   of 5  
task35 ttt                          : 0   of 5  
task35 tight                        : 5   of 5  
task35 racecar                      : 5   of 5  
task35 are we not drawn onward we few drawn onward to new era : 0   of 5  
task35 armadillo ollidamra          : 0   of 5  
task35 t hiht                       : 0   of 5  
task35 tig                          : 5   of 5  
task35 t	igit                       : 0   of 5  
task35 asdfasdfasdfasdfasdffdsafdsafdsafdsafdsaG : 5   of 5  
-------------------------------------------------
CS240 - Midterm 1: task35. ahn67 Wed Feb 8 21:07:23 EST 2017  Total:  25 of 50



-------------------------------------------------
CS240 Midterm 1: task35. ahn67   
Wed Feb  8 21:07:41 EST 2017
-------------------------------------------------
task35 t                            : 5   of 5  
task35 ttt                          : 5   of 5  
task35 tight                        : 5   of 5  
task35 racecar                      : 5   of 5  
task35 are we not drawn onward we few drawn onward to new era : 0   of 5  
task35 armadillo ollidamra          : 5   of 5  
task35 t hiht                       : 0   of 5  
task35 tig                          : 5   of 5  
task35 t	igit                       : 0   of 5  
task35 asdfasdfasdfasdfasdffdsafdsafdsafdsafdsaG : 5   of 5  
-------------------------------------------------
CS240 - Midterm 1: task35. ahn67 Wed Feb 8 21:07:41 EST 2017  Total:  35 of 50



-------------------------------------------------
CS240 Midterm 1: task35. ahn67   
Wed Feb  8 21:08:06 EST 2017
-------------------------------------------------
task35 t                            : 5   of 5  
task35 ttt                          : 5   of 5  
task35 tight                        : 5   of 5  
task35 racecar                      : 5   of 5  
task35 are we not drawn onward we few drawn onward to new era : 0   of 5  
task35 armadillo ollidamra          : 5   of 5  
task35 t hiht                       : 0   of 5  
task35 tig                          : 5   of 5  
task35 t	igit                       : 0   of 5  
task35 asdfasdfasdfasdfasdffdsafdsafdsafdsafdsaG : 5   of 5  
-------------------------------------------------
CS240 - Midterm 1: task35. ahn67 Wed Feb 8 21:08:06 EST 2017  Total:  35 of 50



-------------------------------------------------
CS240 Midterm 1: task35. ahn67   
Wed Feb  8 21:10:42 EST 2017
-------------------------------------------------
task35 t                            : 5   of 5  
task35 ttt                          : 5   of 5  
task35 tight                        : 5   of 5  
task35 racecar                      : 5   of 5  
task35 are we not drawn onward we few drawn onward to new era : 0   of 5  
task35 armadillo ollidamra          : 5   of 5  
task35 t hiht                       : 0   of 5  
task35 tig                          : 5   of 5  
task35 t	igit                       : 0   of 5  
task35 asdfasdfasdfasdfasdffdsafdsafdsafdsafdsaG : 5   of 5  
-------------------------------------------------
CS240 - Midterm 1: task35. ahn67 Wed Feb 8 21:10:42 EST 2017  Total:  35 of 50



-------------------------------------------------
CS240 Midterm 1: task35. ahn67   
Wed Feb  8 21:15:07 EST 2017
-------------------------------------------------
task35 t                            : 5   of 5  
task35 ttt                          : 5   of 5  
task35 tight                        : 5   of 5  
task35 racecar                      : 5   of 5  
task35 are we not drawn onward we few drawn onward to new era : 0   of 5  
task35 armadillo ollidamra          : 5   of 5  
task35 t hiht                       : 0   of 5  
task35 tig                          : 5   of 5  
task35 t	igit                       : 0   of 5  
task35 asdfasdfasdfasdfasdffdsafdsafdsafdsafdsaG : 5   of 5  
-------------------------------------------------
CS240 - Midterm 1: task35. ahn67 Wed Feb 8 21:15:07 EST 2017  Total:  35 of 50



-------------------------------------------------
CS240 Midterm 1: task35. ahn67   
Wed Feb  8 21:23:39 EST 2017
-------------------------------------------------
task35 t                            : 5   of 5  
task35 ttt                          : 0   of 5  
task35 tight                        : 5   of 5  
task35 racecar                      : 0   of 5  
task35 are we not drawn onward we few drawn onward to new era : 0   of 5  
task35 armadillo ollidamra          : 0   of 5  
task35 t hiht                       : 0   of 5  
task35 tig                          : 5   of 5  
task35 t	igit                       : 0   of 5  
task35 asdfasdfasdfasdfasdffdsafdsafdsafdsafdsaG : 5   of 5  
-------------------------------------------------
CS240 - Midterm 1: task35. ahn67 Wed Feb 8 21:23:39 EST 2017  Total:  20 of 50



-------------------------------------------------
CS240 Midterm 1: task35. ahn67   
Wed Feb  8 21:23:51 EST 2017
-------------------------------------------------
task35 t                            : 5   of 5  
task35 ttt                          : 5   of 5  
task35 tight                        : 5   of 5  
task35 racecar                      : 5   of 5  
task35 are we not drawn onward we few drawn onward to new era : 0   of 5  
task35 armadillo ollidamra          : 5   of 5  
task35 t hiht                       : 0   of 5  
task35 tig                          : 5   of 5  
task35 t	igit                       : 0   of 5  
task35 asdfasdfasdfasdfasdffdsafdsafdsafdsafdsaG : 5   of 5  
-------------------------------------------------
CS240 - Midterm 1: task35. ahn67 Wed Feb 8 21:23:51 EST 2017  Total:  35 of 50



-------------------------------------------------
CS240 Midterm 1: task35. ahn67   
Wed Feb  8 21:24:08 EST 2017
-------------------------------------------------
task35 t                            : 5   of 5  
task35 ttt                          : 5   of 5  
task35 tight                        : 5   of 5  
task35 racecar                      : 5   of 5  
task35 are we not drawn onward we few drawn onward to new era : 0   of 5  
task35 armadillo ollidamra          : 5   of 5  
task35 t hiht                       : 0   of 5  
task35 tig                          : 5   of 5  
task35 t	igit                       : 0   of 5  
task35 asdfasdfasdfasdfasdffdsafdsafdsafdsafdsaG : 5   of 5  
-------------------------------------------------
CS240 - Midterm 1: task35. ahn67 Wed Feb 8 21:24:08 EST 2017  Total:  35 of 50



-------------------------------------------------
CS240 Midterm 1: task35. ahn67   
Wed Feb  8 21:24:19 EST 2017
-------------------------------------------------
task35 t                            : 5   of 5  
task35 ttt                          : 5   of 5  
task35 tight                        : 5   of 5  
task35 racecar                      : 5   of 5  
task35 are we not drawn onward we few drawn onward to new era : 0   of 5  
task35 armadillo ollidamra          : 5   of 5  
task35 t hiht                       : 0   of 5  
task35 tig                          : 5   of 5  
task35 t	igit                       : 0   of 5  
task35 asdfasdfasdfasdfasdffdsafdsafdsafdsafdsaG : 5   of 5  
-------------------------------------------------
CS240 - Midterm 1: task35. ahn67 Wed Feb 8 21:24:19 EST 2017  Total:  35 of 50



-------------------------------------------------
CS240 Midterm 1: task35. ahn67   
Wed Feb  8 21:25:33 EST 2017
-------------------------------------------------
task35 t                            : 5   of 5  
task35 ttt                          : 5   of 5  
task35 tight                        : 5   of 5  
task35 racecar                      : 5   of 5  
task35 are we not drawn onward we few drawn onward to new era : 5   of 5  
task35 armadillo ollidamra          : 5   of 5  
task35 t hiht                       : 5   of 5  
task35 tig                          : 5   of 5  
task35 t	igit                       : 5   of 5  
task35 asdfasdfasdfasdfasdffdsafdsafdsafdsafdsaG : 5   of 5  
-------------------------------------------------
CS240 - Midterm 1: task35. ahn67 Wed Feb 8 21:25:33 EST 2017  Total:  50 of 50



-------------------------------------------------
CS240 Midterm 1: task35. ahn67   
Wed Feb  8 21:26:14 EST 2017
-------------------------------------------------
task35 t                            : 5   of 5  
task35 ttt                          : 5   of 5  
task35 tight                        : 5   of 5  
task35 racecar                      : 5   of 5  
task35 are we not drawn onward we few drawn onward to new era : 5   of 5  
task35 armadillo ollidamra          : 5   of 5  
task35 t hiht                       : 5   of 5  
task35 tig                          : 5   of 5  
task35 t	igit                       : 5   of 5  
task35 asdfasdfasdfasdfasdffdsafdsafdsafdsafdsaG : 5   of 5  
-------------------------------------------------
CS240 - Midterm 1: task35. ahn67 Wed Feb 8 21:26:14 EST 2017  Total:  50 of 50



-------------------------------------------------
CS240 Midterm 1: task35. ahn67   
Fri Feb 10 15:03:48 EST 2017
-------------------------------------------------
task35 t                            : 5   of 5  
task35 ttt                          : 5   of 5  
task35 tight                        : 5   of 5  
task35 racecar                      : 5   of 5  
task35 are we not drawn onward we few drawn onward to new era : 5   of 5  
task35 armadillo ollidamra          : 5   of 5  
task35 t hiht                       : 5   of 5  
task35 tig                          : 5   of 5  
task35 t	igit                       : 5   of 5  
task35 asdfasdfasdfasdfasdffdsafdsafdsafdsafdsaG : 5   of 5  
-------------------------------------------------
CS240 - Midterm 1: task35. ahn67 Fri Feb 10 15:03:48 EST 2017  Total:  50 of 50

