CS240: Exam3. pheldrin Fri Dec 11 00:41:36 EST 2015  Total:  6 of 25
6
25
CS240: Exam3. pheldrin Fri Dec 11 00:44:50 EST 2015  Total:  25 of 25
25
25
CS240: Exam3. pheldrin Fri Dec 11 00:44:56 EST 2015  Total:  25 of 25
25
25
CS240: Exam3. pheldrin Sun Dec 13 21:19:35 EST 2015  Total:  25 of 25
25
25
CS240: Exam3. pheldrin Sun Dec 13 21:20:11 EST 2015  Total:  25 of 25
25
25
CS240: Exam3. pheldrin Sun Dec 13 21:20:31 EST 2015  Total:  25 of 25
25
25
CS240: Exam3. pheldrin Sun Dec 13 21:39:46 EST 2015  Total:  0 of 25
0
25
CS240: Exam3. pheldrin Sun Dec 13 21:45:11 EST 2015  Total:  0 of 25
0
25
CS240: Exam3. pheldrin Sun Dec 13 21:45:36 EST 2015  Total:  0 of 25
0
25
CS240: Exam3. pheldrin Sun Dec 13 21:46:04 EST 2015  Total:  0 of 25
0
25
CS240: Exam3. ahn67 Fri Apr 28 15:52:25 EDT 2017  Total:  0 of 25
0
25
CS240: Exam3. ahn67 Fri Apr 28 15:56:18 EDT 2017  Total:  12 of 25
12
25
CS240: Exam3. ahn67 Fri Apr 28 16:00:58 EDT 2017  Total:  12 of 25
12
25
CS240: Exam3. ahn67 Fri Apr 28 16:01:17 EDT 2017  Total:  12 of 25
12
25
CS240: Exam3. ahn67 Fri Apr 28 16:01:33 EDT 2017  Total:  12 of 25
12
25
CS240: Exam3. ahn67 Fri Apr 28 16:02:14 EDT 2017  Total:  12 of 25
12
25
CS240: Exam3. ahn67 Fri Apr 28 16:02:56 EDT 2017  Total:  12 of 25
12
25
CS240: Exam3. ahn67 Fri Apr 28 16:03:53 EDT 2017  Total:  12 of 25
12
25
CS240: Exam3. ahn67 Fri Apr 28 16:13:23 EDT 2017  Total:  12 of 25
12
25
CS240: Exam3. ahn67 Fri Apr 28 16:17:25 EDT 2017  Total:  12 of 25
12
25
CS240: Exam3. ahn67 Wed May 3 05:14:03 EDT 2017  Total:  12 of 25
12
25
CS240: Exam3. ahn67 Wed May 3 05:19:48 EDT 2017  Total:  12 of 25
12
25
CS240: Exam3. ahn67 Thu May 4 00:01:21 EDT 2017  Total:  12 of 25
12
25
CS240: Exam3. ahn67 Thu May 4 00:05:56 EDT 2017  Total:  25 of 25
25
25
CS240: Exam3. ahn67 Thu May 4 00:11:25 EDT 2017  Total:  25 of 25
25
25
CS240: Exam3. ahn67 Thu May 4 00:11:36 EDT 2017  Total:  25 of 25
25
25
