

-------------------------------------------------
CS240 Midterm 1: emptyLineCount. nguye225   
Tue Feb 23 15:45:28 EST 2016
-------------------------------------------------
task29  : test1                          0   of 5  
task29  : test2                          0   of 5  
task29  : test3                          0   of 5  
task29  : test4                          5   of 5  
task29  : test5                          0   of 5  
task29  : test6                          0   of 5  
-------------------------------------------------
CS240 - Midterm 1: emptyLineCount. nguye225 Tue Feb 23 15:45:28 EST 2016  Total:  5 of 30



-------------------------------------------------
CS240 Midterm 1: emptyLineCount. nguye225   
Tue Feb 23 15:46:04 EST 2016
-------------------------------------------------
task29  : test1                          0   of 5  
task29  : test2                          0   of 5  
task29  : test3                          0   of 5  
task29  : test4                          5   of 5  
task29  : test5                          0   of 5  
task29  : test6                          0   of 5  
-------------------------------------------------
CS240 - Midterm 1: emptyLineCount. nguye225 Tue Feb 23 15:46:04 EST 2016  Total:  5 of 30



-------------------------------------------------
CS240 Midterm 1: emptyLineCount. nguye225   
Tue Feb 23 16:16:55 EST 2016
-------------------------------------------------
task29  : test1                          0   of 5  
task29  : test2                          0   of 5  
task29  : test3                          0   of 5  
task29  : test4                          5   of 5  
task29  : test5                          0   of 5  
task29  : test6                          0   of 5  
-------------------------------------------------
CS240 - Midterm 1: emptyLineCount. nguye225 Tue Feb 23 16:16:55 EST 2016  Total:  5 of 30



-------------------------------------------------
CS240 Midterm 1: emptyLineCount. nguye225   
Tue Feb 23 16:24:24 EST 2016
-------------------------------------------------
task29  : test1                          0   of 5  
task29  : test2                          0   of 5  
task29  : test3                          0   of 5  
task29  : test4                          5   of 5  
task29  : test5                          0   of 5  
task29  : test6                          0   of 5  
-------------------------------------------------
CS240 - Midterm 1: emptyLineCount. nguye225 Tue Feb 23 16:24:24 EST 2016  Total:  5 of 30



-------------------------------------------------
CS240 Midterm 1: emptyLineCount. nguye225   
Tue Feb 23 16:26:35 EST 2016
-------------------------------------------------
task29  : test1                          5   of 5  
task29  : test2                          5   of 5  
task29  : test3                          5   of 5  
task29  : test4                          5   of 5  
task29  : test5                          5   of 5  
task29  : test6                          5   of 5  
-------------------------------------------------
CS240 - Midterm 1: emptyLineCount. nguye225 Tue Feb 23 16:26:35 EST 2016  Total:  30 of 30



-------------------------------------------------
CS240 Midterm 1: emptyLineCount. nguye225   
Tue Feb 23 16:26:53 EST 2016
-------------------------------------------------
task29  : test1                          5   of 5  
task29  : test2                          5   of 5  
task29  : test3                          5   of 5  
task29  : test4                          5   of 5  
task29  : test5                          5   of 5  
task29  : test6                          5   of 5  
-------------------------------------------------
CS240 - Midterm 1: emptyLineCount. nguye225 Tue Feb 23 16:26:53 EST 2016  Total:  30 of 30



-------------------------------------------------
CS240 Midterm 1: emptyLineCount. nguye225   
Tue Feb 23 16:27:01 EST 2016
-------------------------------------------------
task29  : test1                          5   of 5  
task29  : test2                          5   of 5  
task29  : test3                          5   of 5  
task29  : test4                          5   of 5  
task29  : test5                          5   of 5  
task29  : test6                          5   of 5  
-------------------------------------------------
CS240 - Midterm 1: emptyLineCount. nguye225 Tue Feb 23 16:27:01 EST 2016  Total:  30 of 30



-------------------------------------------------
CS240 Midterm 1: emptyLineCount. cs240   
Mon Jan 30 22:26:59 EST 2017
-------------------------------------------------
task29  : test1                          0   of 5  
task29  : test2                          0   of 5  
task29  : test3                          0   of 5  
task29  : test4                          5   of 5  
task29  : test5                          0   of 5  
task29  : test6                          0   of 5  
-------------------------------------------------
CS240 - Midterm 1: emptyLineCount. cs240 Mon Jan 30 22:26:59 EST 2017  Total:  5 of 30



-------------------------------------------------
CS240 Midterm 1: emptyLineCount. cs240   
Mon Jan 30 22:27:44 EST 2017
-------------------------------------------------
task29  : test1                          0   of 5  
task29  : test2                          0   of 5  
task29  : test3                          0   of 5  
task29  : test4                          5   of 5  
task29  : test5                          0   of 5  
task29  : test6                          0   of 5  
-------------------------------------------------
CS240 - Midterm 1: emptyLineCount. cs240 Mon Jan 30 22:27:44 EST 2017  Total:  5 of 30



-------------------------------------------------
CS240 Midterm 1: emptyLineCount. cs240   
Mon Jan 30 22:30:34 EST 2017
-------------------------------------------------
task29  : test1                          0   of 5  
task29  : test2                          0   of 5  
task29  : test3                          0   of 5  
task29  : test4                          5   of 5  
task29  : test5                          0   of 5  
task29  : test6                          0   of 5  
-------------------------------------------------
CS240 - Midterm 1: emptyLineCount. cs240 Mon Jan 30 22:30:34 EST 2017  Total:  5 of 30



-------------------------------------------------
CS240 Midterm 1: emptyLineCount. cs240   
Mon Jan 30 22:37:46 EST 2017
-------------------------------------------------
task29  : test1                          0   of 5  
task29  : test2                          0   of 5  
task29  : test3                          0   of 5  
task29  : test4                          5   of 5  
task29  : test5                          0   of 5  
task29  : test6                          0   of 5  
-------------------------------------------------
CS240 - Midterm 1: emptyLineCount. cs240 Mon Jan 30 22:37:46 EST 2017  Total:  5 of 30



-------------------------------------------------
CS240 Midterm 1: emptyLineCount. cs240   
Mon Jan 30 22:40:44 EST 2017
-------------------------------------------------
task29  : test1                          0   of 5  
task29  : test2                          0   of 5  
task29  : test3                          0   of 5  
task29  : test4                          5   of 5  
task29  : test5                          0   of 5  
task29  : test6                          0   of 5  
-------------------------------------------------
CS240 - Midterm 1: emptyLineCount. cs240 Mon Jan 30 22:40:44 EST 2017  Total:  5 of 30



-------------------------------------------------
CS240 Midterm 1: emptyLineCount. cs240   
Mon Jan 30 22:41:11 EST 2017
-------------------------------------------------
task29  : test1                          0   of 5  
task29  : test2                          0   of 5  
task29  : test3                          0   of 5  
task29  : test4                          5   of 5  
task29  : test5                          0   of 5  
task29  : test6                          0   of 5  
-------------------------------------------------
CS240 - Midterm 1: emptyLineCount. cs240 Mon Jan 30 22:41:11 EST 2017  Total:  5 of 30



-------------------------------------------------
CS240 Midterm 1: emptyLineCount. cs240   
Mon Jan 30 22:41:45 EST 2017
-------------------------------------------------
task29  : test1                          0   of 5  
task29  : test2                          0   of 5  
task29  : test3                          0   of 5  
task29  : test4                          5   of 5  
task29  : test5                          0   of 5  
task29  : test6                          0   of 5  
-------------------------------------------------
CS240 - Midterm 1: emptyLineCount. cs240 Mon Jan 30 22:41:45 EST 2017  Total:  5 of 30



-------------------------------------------------
CS240 Midterm 1: emptyLineCount. cs240   
Mon Jan 30 22:42:29 EST 2017
-------------------------------------------------
task29  : test1                          0   of 5  
task29  : test2                          0   of 5  
task29  : test3                          0   of 5  
task29  : test4                          5   of 5  
task29  : test5                          0   of 5  
task29  : test6                          0   of 5  
-------------------------------------------------
CS240 - Midterm 1: emptyLineCount. cs240 Mon Jan 30 22:42:29 EST 2017  Total:  5 of 30



-------------------------------------------------
CS240 Midterm 1: emptyLineCount. cs240   
Mon Jan 30 22:42:49 EST 2017
-------------------------------------------------
task29  : test1                          0   of 5  
task29  : test2                          0   of 5  
task29  : test3                          0   of 5  
task29  : test4                          5   of 5  
task29  : test5                          0   of 5  
task29  : test6                          0   of 5  
-------------------------------------------------
CS240 - Midterm 1: emptyLineCount. cs240 Mon Jan 30 22:42:49 EST 2017  Total:  5 of 30



-------------------------------------------------
CS240 Midterm 1: emptyLineCount. ahn67   
Thu Feb  2 22:24:57 EST 2017
-------------------------------------------------
task29  : test1                          0   of 5  
task29  : test2                          0   of 5  
task29  : test3                          0   of 5  
task29  : test4                          0   of 5  
task29  : test5                          0   of 5  
task29  : test6                          0   of 5  
-------------------------------------------------
CS240 - Midterm 1: emptyLineCount. ahn67 Thu Feb 2 22:24:57 EST 2017  Total:  0 of 30



-------------------------------------------------
CS240 Midterm 1: emptyLineCount. ahn67   
Fri Feb  3 16:37:45 EST 2017
-------------------------------------------------
task29  : test1                          0   of 5  
task29  : test2                          0   of 5  
task29  : test3                          0   of 5  
task29  : test4                          5   of 5  
task29  : test5                          0   of 5  
task29  : test6                          0   of 5  
-------------------------------------------------
CS240 - Midterm 1: emptyLineCount. ahn67 Fri Feb 3 16:37:45 EST 2017  Total:  5 of 30



-------------------------------------------------
CS240 Midterm 1: emptyLineCount. ahn67   
Fri Feb  3 16:38:25 EST 2017
-------------------------------------------------
task29  : test1                          0   of 5  
task29  : test2                          5   of 5  
task29  : test3                          0   of 5  
task29  : test4                          5   of 5  
task29  : test5                          0   of 5  
task29  : test6                          5   of 5  
-------------------------------------------------
CS240 - Midterm 1: emptyLineCount. ahn67 Fri Feb 3 16:38:25 EST 2017  Total:  15 of 30



-------------------------------------------------
CS240 Midterm 1: emptyLineCount. ahn67   
Fri Feb  3 16:44:24 EST 2017
-------------------------------------------------
task29  : test1                          0   of 5  
task29  : test2                          0   of 5  
task29  : test3                          5   of 5  
task29  : test4                          0   of 5  
task29  : test5                          0   of 5  
task29  : test6                          0   of 5  
-------------------------------------------------
CS240 - Midterm 1: emptyLineCount. ahn67 Fri Feb 3 16:44:24 EST 2017  Total:  5 of 30



-------------------------------------------------
CS240 Midterm 1: emptyLineCount. ahn67   
Fri Feb  3 16:44:58 EST 2017
-------------------------------------------------
task29  : test1                          0   of 5  
task29  : test2                          5   of 5  
task29  : test3                          0   of 5  
task29  : test4                          5   of 5  
task29  : test5                          0   of 5  
task29  : test6                          5   of 5  
-------------------------------------------------
CS240 - Midterm 1: emptyLineCount. ahn67 Fri Feb 3 16:44:58 EST 2017  Total:  15 of 30



-------------------------------------------------
CS240 Midterm 1: emptyLineCount. ahn67   
Sat Feb  4 16:47:40 EST 2017
-------------------------------------------------
task29  : test1                          0   of 5  
task29  : test2                          5   of 5  
task29  : test3                          0   of 5  
task29  : test4                          5   of 5  
task29  : test5                          0   of 5  
task29  : test6                          5   of 5  
-------------------------------------------------
CS240 - Midterm 1: emptyLineCount. ahn67 Sat Feb 4 16:47:40 EST 2017  Total:  15 of 30



-------------------------------------------------
CS240 Midterm 1: emptyLineCount. ahn67   
Sat Feb  4 17:13:34 EST 2017
-------------------------------------------------
task29  : test1                          0   of 5  
task29  : test2                          0   of 5  
task29  : test3                          0   of 5  
task29  : test4                          5   of 5  
task29  : test5                          0   of 5  
task29  : test6                          0   of 5  
-------------------------------------------------
CS240 - Midterm 1: emptyLineCount. ahn67 Sat Feb 4 17:13:34 EST 2017  Total:  5 of 30



-------------------------------------------------
CS240 Midterm 1: emptyLineCount. ahn67   
Wed Feb  8 17:28:13 EST 2017
-------------------------------------------------
task29  : test1                          0   of 5  
task29  : test4                          5   of 5  
task29  : test6                          0   of 5  
-------------------------------------------------
CS240 - Midterm 1: emptyLineCount. ahn67 Wed Feb 8 17:28:13 EST 2017  Total:  5 of 30



-------------------------------------------------
CS240 Midterm 1: emptyLineCount. ahn67   
Wed Feb  8 17:36:50 EST 2017
-------------------------------------------------
task29  : test1                          0   of 5  
task29  : test4                          5   of 5  
task29  : test6                          5   of 5  
-------------------------------------------------
CS240 - Midterm 1: emptyLineCount. ahn67 Wed Feb 8 17:36:50 EST 2017  Total:  10 of 30



-------------------------------------------------
CS240 Midterm 1: emptyLineCount. ahn67   
Wed Feb  8 17:52:51 EST 2017
-------------------------------------------------
task29  : test1                          0   of 5  
task29  : test4                          5   of 5  
task29  : test6                          5   of 5  
-------------------------------------------------
CS240 - Midterm 1: emptyLineCount. ahn67 Wed Feb 8 17:52:51 EST 2017  Total:  10 of 30



-------------------------------------------------
CS240 Midterm 1: emptyLineCount. ahn67   
Wed Feb  8 17:53:10 EST 2017
-------------------------------------------------
task29  : test1                          0   of 5  
task29  : test4                          5   of 5  
task29  : test6                          5   of 5  
-------------------------------------------------
CS240 - Midterm 1: emptyLineCount. ahn67 Wed Feb 8 17:53:10 EST 2017  Total:  10 of 30



-------------------------------------------------
CS240 Midterm 1: emptyLineCount. ahn67   
Wed Feb  8 17:54:11 EST 2017
-------------------------------------------------
task29  : test1                          0   of 5  
task29  : test4                          5   of 5  
task29  : test6                          5   of 5  
-------------------------------------------------
CS240 - Midterm 1: emptyLineCount. ahn67 Wed Feb 8 17:54:11 EST 2017  Total:  10 of 30



-------------------------------------------------
CS240 Midterm 1: emptyLineCount. ahn67   
Wed Feb  8 19:58:05 EST 2017
-------------------------------------------------
task29  : test1                          0   of 5  
task29  : test4                          5   of 5  
task29  : test6                          5   of 5  
-------------------------------------------------
CS240 - Midterm 1: emptyLineCount. ahn67 Wed Feb 8 19:58:05 EST 2017  Total:  10 of 30



-------------------------------------------------
CS240 Midterm 1: emptyLineCount. ahn67   
Wed Feb  8 20:03:39 EST 2017
-------------------------------------------------
task29  : test1                          0   of 5  
task29  : test4                          5   of 5  
task29  : test6                          5   of 5  
-------------------------------------------------
CS240 - Midterm 1: emptyLineCount. ahn67 Wed Feb 8 20:03:39 EST 2017  Total:  10 of 30



-------------------------------------------------
CS240 Midterm 1: emptyLineCount. ahn67   
Wed Feb  8 20:04:48 EST 2017
-------------------------------------------------
task29  : test1                          0   of 5  
task29  : test4                          5   of 5  
task29  : test6                          5   of 5  
-------------------------------------------------
CS240 - Midterm 1: emptyLineCount. ahn67 Wed Feb 8 20:04:48 EST 2017  Total:  10 of 30



-------------------------------------------------
CS240 Midterm 1: emptyLineCount. ahn67   
Wed Feb  8 20:08:43 EST 2017
-------------------------------------------------
task29  : test1                          5   of 5  
task29  : test2                          0   of 5  
task29  : test3                          0   of 5  
task29  : test4                          5   of 5  
task29  : test5                          0   of 5  
task29  : test6                          5   of 5  
-------------------------------------------------
CS240 - Midterm 1: emptyLineCount. ahn67 Wed Feb 8 20:08:43 EST 2017  Total:  15 of 30



-------------------------------------------------
CS240 Midterm 1: emptyLineCount. ahn67   
Wed Feb  8 20:09:09 EST 2017
-------------------------------------------------
task29  : test1                          5   of 5  
task29  : test2                          5   of 5  
task29  : test4                          5   of 5  
task29  : test5                          5   of 5  
task29  : test6                          5   of 5  
-------------------------------------------------
CS240 - Midterm 1: emptyLineCount. ahn67 Wed Feb 8 20:09:09 EST 2017  Total:  25 of 30



-------------------------------------------------
CS240 Midterm 1: emptyLineCount. ahn67   
Wed Feb  8 20:10:44 EST 2017
-------------------------------------------------
task29  : test1                          5   of 5  
task29  : test2                          5   of 5  
task29  : test4                          5   of 5  
task29  : test5                          5   of 5  
task29  : test6                          5   of 5  
-------------------------------------------------
CS240 - Midterm 1: emptyLineCount. ahn67 Wed Feb 8 20:10:44 EST 2017  Total:  25 of 30



-------------------------------------------------
CS240 Midterm 1: emptyLineCount. ahn67   
Wed Feb  8 20:11:06 EST 2017
-------------------------------------------------
task29  : test1                          5   of 5  
task29  : test2                          5   of 5  
task29  : test4                          5   of 5  
task29  : test5                          5   of 5  
task29  : test6                          5   of 5  
-------------------------------------------------
CS240 - Midterm 1: emptyLineCount. ahn67 Wed Feb 8 20:11:06 EST 2017  Total:  25 of 30



-------------------------------------------------
CS240 Midterm 1: emptyLineCount. ahn67   
Wed Feb  8 20:18:01 EST 2017
-------------------------------------------------
task29  : test1                          5   of 5  
task29  : test2                          5   of 5  
task29  : test4                          5   of 5  
task29  : test5                          5   of 5  
task29  : test6                          5   of 5  
-------------------------------------------------
CS240 - Midterm 1: emptyLineCount. ahn67 Wed Feb 8 20:18:01 EST 2017  Total:  25 of 30



-------------------------------------------------
CS240 Midterm 1: emptyLineCount. ahn67   
Wed Feb  8 20:19:56 EST 2017
-------------------------------------------------
task29  : test1                          5   of 5  
task29  : test2                          5   of 5  
task29  : test4                          5   of 5  
task29  : test5                          5   of 5  
task29  : test6                          5   of 5  
-------------------------------------------------
CS240 - Midterm 1: emptyLineCount. ahn67 Wed Feb 8 20:19:56 EST 2017  Total:  25 of 30



-------------------------------------------------
CS240 Midterm 1: emptyLineCount. ahn67   
Wed Feb  8 20:45:39 EST 2017
-------------------------------------------------
task29  : test1                          5   of 5  
task29  : test2                          5   of 5  
task29  : test3                          0   of 5  
task29  : test4                          5   of 5  
task29  : test5                          5   of 5  
task29  : test6                          5   of 5  
-------------------------------------------------
CS240 - Midterm 1: emptyLineCount. ahn67 Wed Feb 8 20:45:39 EST 2017  Total:  25 of 30



-------------------------------------------------
CS240 Midterm 1: emptyLineCount. ahn67   
Wed Feb  8 20:46:41 EST 2017
-------------------------------------------------
task29  : test1                          5   of 5  
task29  : test2                          5   of 5  
task29  : test3                          0   of 5  
task29  : test4                          5   of 5  
task29  : test5                          5   of 5  
task29  : test6                          5   of 5  
-------------------------------------------------
CS240 - Midterm 1: emptyLineCount. ahn67 Wed Feb 8 20:46:41 EST 2017  Total:  25 of 30



-------------------------------------------------
CS240 Midterm 1: emptyLineCount. ahn67   
Wed Feb  8 21:05:45 EST 2017
-------------------------------------------------
task29  : test1                          5   of 5  
task29  : test2                          5   of 5  
task29  : test3                          0   of 5  
task29  : test4                          5   of 5  
task29  : test5                          5   of 5  
task29  : test6                          5   of 5  
-------------------------------------------------
CS240 - Midterm 1: emptyLineCount. ahn67 Wed Feb 8 21:05:45 EST 2017  Total:  25 of 30



-------------------------------------------------
CS240 Midterm 1: emptyLineCount. ahn67   
Wed Feb  8 21:06:00 EST 2017
-------------------------------------------------
task29  : test1                          5   of 5  
task29  : test2                          5   of 5  
task29  : test3                          5   of 5  
task29  : test4                          5   of 5  
task29  : test5                          5   of 5  
task29  : test6                          5   of 5  
-------------------------------------------------
CS240 - Midterm 1: emptyLineCount. ahn67 Wed Feb 8 21:06:00 EST 2017  Total:  30 of 30



-------------------------------------------------
CS240 Midterm 1: emptyLineCount. ahn67   
Wed Feb  8 21:26:13 EST 2017
-------------------------------------------------
task29  : test1                          5   of 5  
task29  : test2                          5   of 5  
task29  : test3                          5   of 5  
task29  : test4                          5   of 5  
task29  : test5                          5   of 5  
task29  : test6                          5   of 5  
-------------------------------------------------
CS240 - Midterm 1: emptyLineCount. ahn67 Wed Feb 8 21:26:13 EST 2017  Total:  30 of 30



-------------------------------------------------
CS240 Midterm 1: emptyLineCount. ahn67   
Fri Feb 10 15:03:48 EST 2017
-------------------------------------------------
task29  : test1                          5   of 5  
task29  : test2                          5   of 5  
task29  : test3                          5   of 5  
task29  : test4                          5   of 5  
task29  : test5                          5   of 5  
task29  : test6                          5   of 5  
-------------------------------------------------
CS240 - Midterm 1: emptyLineCount. ahn67 Fri Feb 10 15:03:48 EST 2017  Total:  30 of 30

