CS240: lab4. cs240 Tue Oct 13 21:53:11 EDT 2015  Total:  9 of 100

CS240: lab4. cs240 Tue Oct 13 21:57:46 EDT 2015  Total:  10 of 100

CS240: lab4. cs240 Tue Oct 13 21:58:16 EDT 2015  Total:  -11 of 79

CS240: lab4. cs240 Tue Oct 13 22:00:08 EDT 2015  Total:  -14 of 64

CS240: lab4. cs240 Tue Oct 13 22:00:41 EDT 2015  Total:  -14 of 64

CS240: lab5. cs240 Tue Oct 13 22:01:11 EDT 2015  Total:  6 of 64

CS240: lab5. cs240 Sun Feb 26 17:26:15 EST 2017  Total:  6 of 64

CS240: lab7. cs240 Tue Feb 28 10:29:18 EST 2017  Total:  0 of 28

CS240: lab7. cs240 Tue Feb 28 10:29:22 EST 2017  Total:  0 of 28

CS240: lab7. ahn67 Thu Mar 2 15:16:54 EST 2017  Total:  0 of 28

CS240: lab7. ahn67 Thu Mar 2 17:07:46 EST 2017  Total:  0 of 28

CS240: lab7. ahn67 Thu Mar 2 17:13:08 EST 2017  Total:  8 of 28

CS240: lab7. ahn67 Thu Mar 2 17:22:50 EST 2017  Total:  8 of 28

CS240: lab7. ahn67 Thu Mar 2 17:24:01 EST 2017  Total:  8 of 28

CS240: lab7. ahn67 Thu Mar 2 17:25:20 EST 2017  Total:  8 of 28

CS240: lab7. ahn67 Thu Mar 2 17:38:29 EST 2017  Total:  8 of 28

CS240: lab7. ahn67 Thu Mar 2 17:38:37 EST 2017  Total:  8 of 28

CS240: lab7. ahn67 Thu Mar 2 17:51:46 EST 2017  Total:  8 of 28

CS240: lab7. ahn67 Thu Mar 2 17:57:42 EST 2017  Total:  8 of 28

CS240: lab7. ahn67 Thu Mar 2 17:57:57 EST 2017  Total:  8 of 28

CS240: lab7. ahn67 Thu Mar 2 18:06:45 EST 2017  Total:  8 of 28

CS240: lab7. ahn67 Thu Mar 2 18:13:08 EST 2017  Total:  8 of 28

CS240: lab7. ahn67 Thu Mar 2 18:27:06 EST 2017  Total:  8 of 28

CS240: lab7. ahn67 Thu Mar 2 20:05:44 EST 2017  Total:  0 of 28

CS240: lab7. ahn67 Thu Mar 2 20:06:31 EST 2017  Total:  0 of 28

CS240: lab7. ahn67 Thu Mar 2 20:08:45 EST 2017  Total:  0 of 28

CS240: lab7. ahn67 Thu Mar 2 20:09:39 EST 2017  Total:  8 of 28

CS240: lab7. ahn67 Thu Mar 2 20:14:23 EST 2017  Total:  8 of 28

CS240: lab7. ahn67 Thu Mar 2 20:15:01 EST 2017  Total:  8 of 28

CS240: lab7. ahn67 Thu Mar 2 20:16:05 EST 2017  Total:  8 of 28

CS240: lab7. ahn67 Thu Mar 2 20:16:31 EST 2017  Total:  8 of 28

CS240: lab7. ahn67 Thu Mar 2 20:16:49 EST 2017  Total:  8 of 28

CS240: lab7. ahn67 Thu Mar 2 20:17:31 EST 2017  Total:  8 of 28

CS240: lab7. ahn67 Thu Mar 2 20:18:05 EST 2017  Total:  8 of 28

CS240: lab7. ahn67 Thu Mar 2 20:33:51 EST 2017  Total:  8 of 28

CS240: lab7. ahn67 Thu Mar 2 20:35:30 EST 2017  Total:  8 of 28

CS240: lab7. ahn67 Thu Mar 2 20:41:25 EST 2017  Total:  8 of 28

CS240: lab7. ahn67 Thu Mar 2 20:42:53 EST 2017  Total:  8 of 28

CS240: lab7. ahn67 Thu Mar 2 20:43:25 EST 2017  Total:  8 of 28

CS240: lab7. ahn67 Thu Mar 2 20:44:17 EST 2017  Total:  8 of 28

CS240: lab7. ahn67 Thu Mar 2 20:45:12 EST 2017  Total:  8 of 28

CS240: lab7. ahn67 Thu Mar 2 20:45:48 EST 2017  Total:  8 of 28

CS240: lab7. ahn67 Thu Mar 2 20:46:12 EST 2017  Total:  8 of 28

CS240: lab7. ahn67 Thu Mar 2 20:46:58 EST 2017  Total:  8 of 28

CS240: lab7. ahn67 Thu Mar 2 20:47:13 EST 2017  Total:  8 of 28

CS240: lab7. ahn67 Thu Mar 2 20:55:08 EST 2017  Total:  8 of 28

CS240: lab7. ahn67 Thu Mar 2 20:55:21 EST 2017  Total:  8 of 28

CS240: lab7. ahn67 Thu Mar 2 20:57:45 EST 2017  Total:  8 of 28

CS240: lab7. ahn67 Thu Mar 2 20:58:16 EST 2017  Total:  8 of 28

CS240: lab7. ahn67 Thu Mar 2 21:00:42 EST 2017  Total:  8 of 28

CS240: lab7. ahn67 Thu Mar 2 21:01:16 EST 2017  Total:  8 of 28

CS240: lab7. ahn67 Thu Mar 2 21:11:44 EST 2017  Total:  8 of 28

CS240: lab7. ahn67 Thu Mar 2 21:12:18 EST 2017  Total:  8 of 28

CS240: lab7. ahn67 Thu Mar 2 21:13:01 EST 2017  Total:  8 of 28

CS240: lab7. ahn67 Thu Mar 2 21:14:51 EST 2017  Total:  8 of 28

CS240: lab7. ahn67 Thu Mar 2 21:18:42 EST 2017  Total:  8 of 28

CS240: lab7. ahn67 Thu Mar 2 21:21:14 EST 2017  Total:  8 of 28

CS240: lab7. ahn67 Thu Mar 2 21:22:00 EST 2017  Total:  8 of 28

CS240: lab7. ahn67 Thu Mar 2 21:22:31 EST 2017  Total:  8 of 28

CS240: lab7. ahn67 Thu Mar 2 21:22:42 EST 2017  Total:  8 of 28

CS240: lab7. ahn67 Thu Mar 2 21:24:12 EST 2017  Total:  8 of 28

CS240: lab7. ahn67 Thu Mar 2 21:26:25 EST 2017  Total:  8 of 28

CS240: lab7. ahn67 Thu Mar 2 21:28:54 EST 2017  Total:  8 of 28

CS240: lab7. ahn67 Thu Mar 2 21:32:29 EST 2017  Total:  8 of 28

CS240: lab7. ahn67 Thu Mar 2 21:34:13 EST 2017  Total:  8 of 28

CS240: lab7. ahn67 Thu Mar 2 21:34:24 EST 2017  Total:  8 of 28

CS240: lab7. ahn67 Thu Mar 2 21:34:50 EST 2017  Total:  8 of 28

CS240: lab7. ahn67 Thu Mar 2 21:35:10 EST 2017  Total:  8 of 28

CS240: lab7. ahn67 Thu Mar 2 21:35:31 EST 2017  Total:  8 of 28

CS240: lab7. ahn67 Thu Mar 2 21:35:50 EST 2017  Total:  8 of 28

CS240: lab7. ahn67 Thu Mar 2 21:36:47 EST 2017  Total:  8 of 28

CS240: lab7. ahn67 Thu Mar 2 21:37:15 EST 2017  Total:  8 of 28

CS240: lab7. ahn67 Thu Mar 2 21:38:55 EST 2017  Total:  8 of 28

CS240: lab7. ahn67 Fri Mar 3 15:37:30 EST 2017  Total:  8 of 28

CS240: lab7. ahn67 Fri Mar 3 15:38:23 EST 2017  Total:  8 of 28

CS240: lab7. ahn67 Fri Mar 3 15:43:51 EST 2017  Total:  8 of 28

CS240: lab7. ahn67 Fri Mar 3 15:58:31 EST 2017  Total:  8 of 28

CS240: lab7. ahn67 Fri Mar 3 15:59:07 EST 2017  Total:  8 of 28

CS240: lab7. ahn67 Fri Mar 3 16:02:22 EST 2017  Total:  8 of 28

CS240: lab7. ahn67 Fri Mar 3 16:10:59 EST 2017  Total:  8 of 28

CS240: lab7. ahn67 Fri Mar 3 16:12:16 EST 2017  Total:  8 of 28

CS240: lab7. ahn67 Fri Mar 3 16:14:44 EST 2017  Total:  8 of 28

CS240: lab7. ahn67 Fri Mar 3 16:15:10 EST 2017  Total:  8 of 28

CS240: lab7. ahn67 Fri Mar 3 16:15:49 EST 2017  Total:  8 of 28

CS240: lab7. ahn67 Fri Mar 3 16:17:44 EST 2017  Total:  8 of 28

CS240: lab7. ahn67 Fri Mar 3 16:18:01 EST 2017  Total:  8 of 28

CS240: lab7. ahn67 Fri Mar 3 16:22:07 EST 2017  Total:  8 of 28

CS240: lab7. ahn67 Fri Mar 3 16:22:34 EST 2017  Total:  8 of 28

CS240: lab7. ahn67 Fri Mar 3 16:24:06 EST 2017  Total:  8 of 28

CS240: lab7. ahn67 Fri Mar 3 16:26:49 EST 2017  Total:  8 of 28

CS240: lab7. ahn67 Fri Mar 3 16:30:16 EST 2017  Total:  8 of 28

CS240: lab7. ahn67 Fri Mar 3 16:31:11 EST 2017  Total:  8 of 28

CS240: lab7. ahn67 Fri Mar 3 16:31:28 EST 2017  Total:  8 of 28

CS240: lab7. ahn67 Fri Mar 3 16:32:09 EST 2017  Total:  8 of 28

CS240: lab7. ahn67 Fri Mar 3 16:34:18 EST 2017  Total:  8 of 28

CS240: lab7. ahn67 Fri Mar 3 16:36:18 EST 2017  Total:  8 of 28

CS240: lab7. ahn67 Fri Mar 3 16:40:41 EST 2017  Total:  8 of 28

CS240: lab7. ahn67 Fri Mar 3 16:41:17 EST 2017  Total:  8 of 28

CS240: lab7. ahn67 Fri Mar 3 16:42:05 EST 2017  Total:  8 of 28

CS240: lab7. ahn67 Fri Mar 3 16:43:15 EST 2017  Total:  8 of 28

CS240: lab7. ahn67 Fri Mar 3 16:43:58 EST 2017  Total:  8 of 28

CS240: lab7. ahn67 Fri Mar 3 16:47:19 EST 2017  Total:  8 of 28

CS240: lab7. ahn67 Fri Mar 3 16:55:46 EST 2017  Total:  8 of 28

CS240: lab7. ahn67 Fri Mar 3 16:57:39 EST 2017  Total:  8 of 28

CS240: lab7. ahn67 Fri Mar 3 17:02:51 EST 2017  Total:  8 of 28

CS240: lab7. ahn67 Fri Mar 3 17:04:25 EST 2017  Total:  8 of 28

CS240: lab7. ahn67 Fri Mar 3 17:04:58 EST 2017  Total:  8 of 28

CS240: lab7. ahn67 Fri Mar 3 17:05:42 EST 2017  Total:  8 of 28

CS240: lab7. ahn67 Fri Mar 3 17:08:43 EST 2017  Total:  8 of 28

CS240: lab7. ahn67 Fri Mar 3 17:11:21 EST 2017  Total:  8 of 28

CS240: lab7. ahn67 Fri Mar 3 17:19:20 EST 2017  Total:  8 of 28

CS240: lab7. ahn67 Fri Mar 3 17:19:52 EST 2017  Total:  8 of 28

CS240: lab7. ahn67 Fri Mar 3 17:20:49 EST 2017  Total:  8 of 28

CS240: lab7. ahn67 Fri Mar 3 17:21:03 EST 2017  Total:  12 of 28

CS240: lab7. ahn67 Sat Mar 4 21:36:10 EST 2017  Total:  12 of 28

CS240: lab7. ahn67 Sat Mar 4 21:42:41 EST 2017  Total:  4 of 28

CS240: lab7. ahn67 Sat Mar 4 21:43:12 EST 2017  Total:  12 of 28

CS240: lab7. ahn67 Sat Mar 4 21:53:40 EST 2017  Total:  12 of 28

CS240: lab7. ahn67 Sat Mar 4 21:54:46 EST 2017  Total:  4 of 28

CS240: lab7. ahn67 Sat Mar 4 21:54:57 EST 2017  Total:  12 of 28

CS240: lab7. ahn67 Sat Mar 4 21:55:40 EST 2017  Total:  12 of 28

CS240: lab7. ahn67 Sat Mar 4 21:57:03 EST 2017  Total:  12 of 28

CS240: lab7. ahn67 Sat Mar 4 21:57:08 EST 2017  Total:  12 of 28

CS240: lab7. ahn67 Sat Mar 4 21:57:32 EST 2017  Total:  16 of 28

CS240: lab7. ahn67 Sat Mar 4 22:08:18 EST 2017  Total:  16 of 28

CS240: lab7. ahn67 Sat Mar 4 22:13:17 EST 2017  Total:  16 of 28

CS240: lab7. ahn67 Sat Mar 4 22:13:54 EST 2017  Total:  16 of 28

CS240: lab7. ahn67 Sat Mar 4 22:52:17 EST 2017  Total:  16 of 28

CS240: lab7. ahn67 Sat Mar 4 22:52:33 EST 2017  Total:  16 of 28

CS240: lab7. ahn67 Sat Mar 4 22:52:45 EST 2017  Total:  16 of 28

CS240: lab7. ahn67 Sat Mar 4 22:52:56 EST 2017  Total:  16 of 28

CS240: lab7. ahn67 Sat Mar 4 22:58:20 EST 2017  Total:  16 of 28

CS240: lab7. ahn67 Sat Mar 4 22:58:47 EST 2017  Total:  16 of 28

CS240: lab7. ahn67 Sat Mar 4 23:03:07 EST 2017  Total:  16 of 28

CS240: lab7. ahn67 Sat Mar 4 23:03:41 EST 2017  Total:  16 of 28

CS240: lab7. ahn67 Sat Mar 4 23:04:45 EST 2017  Total:  25 of 28

CS240: lab7. ahn67 Sat Mar 4 23:05:26 EST 2017  Total:  25 of 28

CS240: lab7. ahn67 Wed Mar 8 16:35:10 EST 2017  Total:  25 of 28

CS240: lab7. ahn67 Wed Mar 8 16:35:34 EST 2017  Total:  25 of 28

CS240: lab7. ahn67 Wed Mar 8 16:40:37 EST 2017  Total:  25 of 28

CS240: lab7. ahn67 Wed Mar 8 16:42:26 EST 2017  Total:  28 of 28

CS240: lab7. ahn67 Thu Mar 9 13:25:19 EST 2017  Total:  28 of 28

CS240: lab7. ahn67 Fri Mar 10 15:13:54 EST 2017  Total:  28 of 28

CS240: lab7. ahn67 Fri Mar 10 15:14:34 EST 2017  Total:  28 of 28

CS240: lab7. ahn67 Fri Mar 10 15:16:31 EST 2017  Total:  28 of 28

CS240: lab7. ahn67 Fri Mar 10 15:16:35 EST 2017  Total:  28 of 28

CS240: lab7. ahn67 Fri Mar 10 15:33:09 EST 2017  Total:  28 of 28

CS240: lab7. ahn67 Tue Mar 21 21:45:23 EDT 2017  Total:  28 of 28

CS240: lab7. ahn67 Tue Mar 21 21:45:30 EDT 2017  Total:  28 of 28

