[master 7005999] 6 of 36
 Committer: CS24000 Account <cs240@data.cs.purdue.edu>
Your name and email address were configured automatically based
on your username and hostname. Please check that they are accurate.
You can suppress this message by setting them explicitly. Run the
following command and follow the instructions in your editor to edit
your configuration file:

    git config --global --edit

After doing this, you may fix the identity used for this commit with:

    git commit --amend --reset-author

 11 files changed, 164 insertions(+)
 create mode 100644 .local.git.out
 create mode 100644 .local.total.out
 create mode 100644 diff.out
 create mode 100644 mytable.ll
 create mode 100755 ptr-simple
 create mode 100755 simple_list
 create mode 100755 test_linked_list
 create mode 100644 test_linked_list.org.out
 create mode 100644 test_linked_list.out
 create mode 100644 total.out
 create mode 100644 total.txt
[master c8b13dc] 6 of 36
 8 files changed, 43 insertions(+), 1 deletion(-)
 create mode 100644 QuestiontoAnswer.txt
 create mode 100644 table1.ll
[master 59b540e] 6 of 36
 5 files changed, 14 insertions(+), 1 deletion(-)
[master 0e81f81] 6 of 36
 5 files changed, 7 insertions(+), 3 deletions(-)
[master a00ba7e] 6 of 36
 5 files changed, 7 insertions(+), 3 deletions(-)
[master d190529] 6 of 36
 5 files changed, 6 insertions(+), 2 deletions(-)
[master f5d5f3e] 6 of 36
 5 files changed, 8 insertions(+), 3 deletions(-)
[master 318134c] 6 of 36
 4 files changed, 42 insertions(+), 38 deletions(-)
[master 4dd317d] 6 of 36
 5 files changed, 6 insertions(+), 2 deletions(-)
[master e164360] 6 of 36
 5 files changed, 6 insertions(+), 2 deletions(-)
[master 40eb300] 6 of 36
 5 files changed, 6 insertions(+), 2 deletions(-)
[master 8c7f391] 6 of 36
 3 files changed, 5 insertions(+), 1 deletion(-)
[master 77fdf02] 6 of 36
 5 files changed, 6 insertions(+), 1 deletion(-)
[master 090f6a0] 6 of 36
 5 files changed, 8 insertions(+), 3 deletions(-)
[master c0dfb46] 6 of 36
 5 files changed, 8 insertions(+), 4 deletions(-)
[master c6043e7] 6 of 36
 5 files changed, 8 insertions(+), 5 deletions(-)
[master 5321fbb] 9 of 36
 6 files changed, 6 insertions(+), 3 deletions(-)
[master 1ef7a33] 9 of 36
 5 files changed, 16 insertions(+), 3 deletions(-)
[master e6f8e2b] 9 of 36
 5 files changed, 6 insertions(+), 2 deletions(-)
[master c06e4c7] 9 of 36
 5 files changed, 7 insertions(+), 2 deletions(-)
[master f1bd032] 9 of 36
 5 files changed, 10 insertions(+), 3 deletions(-)
[master 78d4cff] 9 of 36
 5 files changed, 16 insertions(+), 1 deletion(-)
[master 65e0da4] 9 of 36
 5 files changed, 6 insertions(+), 2 deletions(-)
[master a16d9cf] 9 of 36
 4 files changed, 6 insertions(+), 2 deletions(-)
[master 7d425fa] 9 of 36
 5 files changed, 6 insertions(+), 2 deletions(-)
[master 8c25e36] 12 of 36
 6 files changed, 67 insertions(+), 8 deletions(-)
 rewrite test_linked_list (79%)
[master 0d3342c] 12 of 36
 3 files changed, 6 insertions(+), 1 deletion(-)
[master 17817b0] 12 of 36
 5 files changed, 10 insertions(+), 5 deletions(-)
 rewrite test_linked_list (61%)
[master 9e33c7d] 12 of 36
 5 files changed, 9 insertions(+), 8 deletions(-)
[master 10f17a1] 15 of 36
 6 files changed, 7 insertions(+), 5 deletions(-)
[master beb7438] 15 of 36
 5 files changed, 6 insertions(+), 2 deletions(-)
[master 99d24a9] 15 of 36
 5 files changed, 6 insertions(+), 2 deletions(-)
[master 79cdae6] 15 of 36
 5 files changed, 7 insertions(+), 2 deletions(-)
[master b65b24f] 15 of 36
 5 files changed, 11 insertions(+), 3 deletions(-)
 rewrite test_linked_list (69%)
[master 27bae66] 18 of 36
 6 files changed, 18 insertions(+), 3 deletions(-)
[master dbf3722] 18 of 36
 5 files changed, 8 insertions(+), 3 deletions(-)
[master f71f97d] 18 of 36
 5 files changed, 12 insertions(+), 1 deletion(-)
[master b3e76da] 18 of 36
 5 files changed, 6 insertions(+), 2 deletions(-)
[master 87808aa] 18 of 36
 6 files changed, 396 insertions(+), 408 deletions(-)
 rewrite test_linked_list.c (94%)
[master 461f8cb] 18 of 36
 5 files changed, 14 insertions(+), 2 deletions(-)
[master 787b8ac] 18 of 36
 5 files changed, 5 insertions(+), 2 deletions(-)
[master cd9be19] 21 of 36
 6 files changed, 10 insertions(+), 3 deletions(-)
[master 6ff5624] 21 of 36
 5 files changed, 6 insertions(+), 2 deletions(-)
[master fd1e700] 21 of 36
 3 files changed, 5 insertions(+), 1 deletion(-)
[master 8e96baf] 24 of 36
 6 files changed, 7 insertions(+), 3 deletions(-)
[master 3de5e49] 24 of 36
 5 files changed, 9 insertions(+), 2 deletions(-)
[master 6150408] 24 of 36
 5 files changed, 9 insertions(+), 2 deletions(-)
 rewrite test_linked_list (72%)
[master 5eb4490] 24 of 36
 5 files changed, 8 insertions(+), 2 deletions(-)
 rewrite test_linked_list (65%)
[master d2b017d] 24 of 36
 5 files changed, 8 insertions(+), 4 deletions(-)
 rewrite test_linked_list (72%)
[master a5daadc] 24 of 36
 5 files changed, 7 insertions(+), 2 deletions(-)
[master b468eaf] 24 of 36
 5 files changed, 10 insertions(+), 5 deletions(-)
 rewrite test_linked_list (65%)
[master 116aa42] 24 of 36
 5 files changed, 8 insertions(+), 4 deletions(-)
[master eb324a0] 24 of 36
 5 files changed, 6 insertions(+), 2 deletions(-)
[master 2f6ffe8] 24 of 36
 5 files changed, 11 insertions(+), 8 deletions(-)
[master ca9d16b] 24 of 36
 5 files changed, 12 insertions(+), 7 deletions(-)
[master 9692cd0] 24 of 36
 3 files changed, 5 insertions(+), 1 deletion(-)
[master 7b809df] 24 of 36
 5 files changed, 8 insertions(+), 1 deletion(-)
[master 26423f8] 24 of 36
 5 files changed, 6 insertions(+), 2 deletions(-)
[master cdbf5e0] 27 of 36
 6 files changed, 8 insertions(+), 8 deletions(-)
 rewrite test_linked_list (67%)
[master cc0fc56] 30 of 36
 6 files changed, 30 insertions(+), 20 deletions(-)
[master 83ceab0] 30 of 36
 5 files changed, 6 insertions(+), 2 deletions(-)
[master 86ef81f] 30 of 36
 5 files changed, 5 insertions(+), 2 deletions(-)
[master a9f3b72] 30 of 36
 5 files changed, 6 insertions(+), 1 deletion(-)
[master 2c5a8e5] 30 of 36
 5 files changed, 6 insertions(+), 1 deletion(-)
[master e2d88e4] 30 of 36
 5 files changed, 7 insertions(+), 3 deletions(-)
[master f2d45ac] 30 of 36
 5 files changed, 6 insertions(+), 4 deletions(-)
[master 885b905] 30 of 36
 5 files changed, 7 insertions(+), 2 deletions(-)
[master 4e1ad85] 30 of 36
 5 files changed, 7 insertions(+), 2 deletions(-)
[master 9e895db] 30 of 36
 5 files changed, 6 insertions(+), 2 deletions(-)
[master 342b4a1] 30 of 36
 5 files changed, 6 insertions(+), 2 deletions(-)
[master 9a3979c] 30 of 36
 5 files changed, 7 insertions(+), 3 deletions(-)
[master a3a1eaa] 30 of 36
 7 files changed, 14 insertions(+), 8 deletions(-)
[master b52ac49] 30 of 36
 5 files changed, 10 insertions(+), 1 deletion(-)
[master fe4ce1f] 30 of 36
 7 files changed, 65 insertions(+), 63 deletions(-)
 rewrite test_linked_list.out (100%)
[master 7527af9] 30 of 36
 5 files changed, 7 insertions(+), 2 deletions(-)
[master 3c3fcfa] 30 of 36
 5 files changed, 8 insertions(+), 3 deletions(-)
[master 416d043] 30 of 36
 5 files changed, 8 insertions(+), 1 deletion(-)
[master 68c4400] 30 of 36
 5 files changed, 14 insertions(+), 1 deletion(-)
[master 476006a] 30 of 36
 5 files changed, 6 insertions(+), 2 deletions(-)
[master bb6ff64] 30 of 36
 2 files changed, 4 insertions(+)
[master 1f9941e] 30 of 36
 7 files changed, 66 insertions(+), 59 deletions(-)
 rewrite diff.out (75%)
[master 11b1d19] 30 of 36
 2 files changed, 5 insertions(+)
[master 43ddf3c] 30 of 36
 5 files changed, 7 insertions(+), 4 deletions(-)
[master 99c14d8] 30 of 36
 2 files changed, 4 insertions(+)
[master 2ba9a8e] 30 of 36
 5 files changed, 7 insertions(+), 2 deletions(-)
[master 23cf01e] 30 of 36
 2 files changed, 4 insertions(+)
[master 2db9771] 30 of 36
 5 files changed, 7 insertions(+), 3 deletions(-)
[master 8d4fbd4] 30 of 36
 2 files changed, 4 insertions(+)
[master 0f7466c] 30 of 36
 5 files changed, 6 insertions(+), 4 deletions(-)
[master f3d5863] 30 of 36
 3 files changed, 5 insertions(+), 1 deletion(-)
[master 204c63d] 30 of 36
 5 files changed, 9 insertions(+), 3 deletions(-)
[master 2fd268b] 30 of 36
 5 files changed, 11 insertions(+), 4 deletions(-)
[master 558718b] 30 of 36
 5 files changed, 6 insertions(+), 2 deletions(-)
[master c2d79c0] 30 of 36
 5 files changed, 20 insertions(+), 2 deletions(-)
[master fdfe779] 30 of 36
 5 files changed, 6 insertions(+), 2 deletions(-)
[master 05d72ab] 30 of 36
 5 files changed, 5 insertions(+), 2 deletions(-)
[master 5e9d176] 30 of 36
 5 files changed, 8 insertions(+), 3 deletions(-)
[master 750a454] 30 of 36
 5 files changed, 6 insertions(+), 1 deletion(-)
[master 4221ee8] 30 of 36
 5 files changed, 6 insertions(+), 2 deletions(-)
[master 33f6078] 30 of 36
 6 files changed, 6 insertions(+), 3 deletions(-)
[master b1b9618] 30 of 36
 5 files changed, 14 insertions(+), 5 deletions(-)
[master e1e998b] 30 of 36
 5 files changed, 10 insertions(+), 10 deletions(-)
[master d3974a4] 30 of 36
 3 files changed, 5 insertions(+), 1 deletion(-)
[master f044750] 30 of 36
 4 files changed, 15 insertions(+), 5 deletions(-)
[master 064c609] 30 of 36
 4 files changed, 5 insertions(+), 1 deletion(-)
[master 2b6169f] 30 of 36
 7 files changed, 66 insertions(+), 71 deletions(-)
 rewrite test_linked_list.out (100%)
[master 2aebd19] 30 of 36
 7 files changed, 72 insertions(+), 59 deletions(-)
 rewrite diff.out (73%)
[master 20ef1f1] 30 of 36
 7 files changed, 20 insertions(+), 12 deletions(-)
[master 62d712e] 30 of 36
 5 files changed, 7 insertions(+), 2 deletions(-)
[master 8bfd2c7] 30 of 36
 7 files changed, 61 insertions(+), 62 deletions(-)
 rewrite test_linked_list.out (100%)
[master a616df1] 30 of 36
 5 files changed, 7 insertions(+), 2 deletions(-)
[master 9af9c6d] 30 of 36
 3 files changed, 5 insertions(+), 1 deletion(-)
[master 9629799] 30 of 36
 7 files changed, 67 insertions(+), 58 deletions(-)
 rewrite diff.out (75%)
[master e224501] 30 of 36
 7 files changed, 62 insertions(+), 60 deletions(-)
 rewrite test_linked_list.out (100%)
[master d2549f6] 30 of 36
 7 files changed, 66 insertions(+), 58 deletions(-)
 rewrite diff.out (75%)
[master cdea7ce] 30 of 36
 5 files changed, 7 insertions(+), 2 deletions(-)
[master 1c82cb0] 30 of 36
 5 files changed, 6 insertions(+), 2 deletions(-)
[master 67d4236] 30 of 36
 7 files changed, 62 insertions(+), 61 deletions(-)
 rewrite test_linked_list.out (100%)
[master 203d7c1] 30 of 36
 7 files changed, 67 insertions(+), 59 deletions(-)
 rewrite diff.out (75%)
[master 0bba7f2] 30 of 36
 5 files changed, 10 insertions(+), 3 deletions(-)
[master 008e36e] 30 of 36
 3 files changed, 5 insertions(+), 1 deletion(-)
[master cce42bc] 30 of 36
 5 files changed, 27 insertions(+), 11 deletions(-)
[master e0f23df] 30 of 36
 5 files changed, 6 insertions(+), 4 deletions(-)
[master 89007ec] 30 of 36
 5 files changed, 21 insertions(+), 5 deletions(-)
[master bde38a5] 33 of 36
 6 files changed, 15 insertions(+), 5 deletions(-)
[master 1de21a5] 33 of 36
 7 files changed, 70 insertions(+), 60 deletions(-)
 rewrite test_linked_list.out (100%)
[master d952222] 33 of 36
 7 files changed, 64 insertions(+), 59 deletions(-)
 rewrite diff.out (74%)
[master 9028926] 33 of 36
 7 files changed, 54 insertions(+), 49 deletions(-)
 rewrite test_linked_list.out (100%)
[master 09e3ecb] 36 of 36
 8 files changed, 122 insertions(+), 68 deletions(-)
 rewrite diff.out (100%)
[master 3892fb0] 36 of 36
 3 files changed, 6 insertions(+), 1 deletion(-)
[master 4ea946c] 36 of 36
 3 files changed, 5 insertions(+), 1 deletion(-)
[master 38e998a] 36 of 36
 5 files changed, 12 insertions(+), 1 deletion(-)
[master 37ab0b5] 36 of 36
 3 files changed, 5 insertions(+), 1 deletion(-)
[master 50ab51e] 33 of 36
 6 files changed, 9 insertions(+), 28 deletions(-)
[master 5ecd03e] 33 of 36
 8 files changed, 96 insertions(+), 75 deletions(-)
 rewrite test_linked_list.out (100%)
