CS240: lab6. cs240 Sun Feb 19 22:56:05 EST 2017  Total:  6 of 36

CS240: lab6. ahn67 Fri Feb 24 16:18:59 EST 2017  Total:  6 of 36

CS240: lab6. ahn67 Fri Feb 24 16:38:48 EST 2017  Total:  6 of 36

CS240: lab6. ahn67 Fri Feb 24 16:39:44 EST 2017  Total:  6 of 36

CS240: lab6. ahn67 Fri Feb 24 16:40:36 EST 2017  Total:  6 of 36

CS240: lab6. ahn67 Fri Feb 24 16:40:54 EST 2017  Total:  6 of 36

CS240: lab6. ahn67 Fri Feb 24 16:44:27 EST 2017  Total:  6 of 36

CS240: lab6. ahn67 Fri Feb 24 16:45:23 EST 2017  Total:  6 of 36

CS240: lab6. ahn67 Fri Feb 24 16:45:50 EST 2017  Total:  6 of 36

CS240: lab6. ahn67 Fri Feb 24 16:46:04 EST 2017  Total:  6 of 36

CS240: lab6. ahn67 Fri Feb 24 16:46:42 EST 2017  Total:  6 of 36

CS240: lab6. ahn67 Fri Feb 24 16:46:51 EST 2017  Total:  6 of 36

CS240: lab6. ahn67 Fri Feb 24 16:48:45 EST 2017  Total:  6 of 36

CS240: lab6. ahn67 Fri Feb 24 16:50:04 EST 2017  Total:  6 of 36

CS240: lab6. ahn67 Fri Feb 24 16:50:27 EST 2017  Total:  6 of 36

CS240: lab6. ahn67 Fri Feb 24 16:51:12 EST 2017  Total:  6 of 36

CS240: lab6. ahn67 Fri Feb 24 16:51:26 EST 2017  Total:  9 of 36

CS240: lab6. ahn67 Fri Feb 24 16:56:20 EST 2017  Total:  9 of 36

CS240: lab6. ahn67 Fri Feb 24 16:56:50 EST 2017  Total:  9 of 36

CS240: lab6. ahn67 Fri Feb 24 16:57:40 EST 2017  Total:  9 of 36

CS240: lab6. ahn67 Fri Feb 24 16:59:16 EST 2017  Total:  9 of 36

CS240: lab6. ahn67 Fri Feb 24 17:01:00 EST 2017  Total:  9 of 36

CS240: lab6. ahn67 Fri Feb 24 17:03:34 EST 2017  Total:  9 of 36

CS240: lab6. ahn67 Fri Feb 24 17:04:38 EST 2017  Total:  9 of 36

CS240: lab6. ahn67 Fri Feb 24 17:05:54 EST 2017  Total:  9 of 36

CS240: lab6. ahn67 Tue Feb 28 14:05:29 EST 2017  Total:  12 of 36

CS240: lab6. ahn67 Tue Feb 28 20:05:27 EST 2017  Total:  12 of 36

CS240: lab6. ahn67 Tue Feb 28 20:10:42 EST 2017  Total:  12 of 36

CS240: lab6. ahn67 Tue Feb 28 20:14:26 EST 2017  Total:  12 of 36

CS240: lab6. ahn67 Tue Feb 28 20:14:49 EST 2017  Total:  15 of 36

CS240: lab6. ahn67 Tue Feb 28 20:18:39 EST 2017  Total:  15 of 36

CS240: lab6. ahn67 Tue Feb 28 20:19:35 EST 2017  Total:  15 of 36

CS240: lab6. ahn67 Tue Feb 28 20:20:36 EST 2017  Total:  15 of 36

CS240: lab6. ahn67 Tue Feb 28 20:24:23 EST 2017  Total:  15 of 36

CS240: lab6. ahn67 Tue Feb 28 20:32:44 EST 2017  Total:  18 of 36

CS240: lab6. ahn67 Tue Feb 28 20:35:15 EST 2017  Total:  18 of 36

CS240: lab6. ahn67 Tue Feb 28 20:40:16 EST 2017  Total:  18 of 36

CS240: lab6. ahn67 Tue Feb 28 20:41:08 EST 2017  Total:  18 of 36

CS240: lab6. ahn67 Tue Feb 28 20:56:08 EST 2017  Total:  18 of 36

CS240: lab6. ahn67 Tue Feb 28 21:04:45 EST 2017  Total:  18 of 36

CS240: lab6. ahn67 Tue Feb 28 21:08:53 EST 2017  Total:  18 of 36

CS240: lab6. ahn67 Tue Feb 28 21:14:13 EST 2017  Total:  21 of 36

CS240: lab6. ahn67 Tue Feb 28 21:15:24 EST 2017  Total:  21 of 36

CS240: lab6. ahn67 Tue Feb 28 21:15:27 EST 2017  Total:  21 of 36

CS240: lab6. ahn67 Tue Feb 28 21:17:42 EST 2017  Total:  24 of 36

CS240: lab6. ahn67 Tue Feb 28 21:19:32 EST 2017  Total:  24 of 36

CS240: lab6. ahn67 Tue Feb 28 21:20:45 EST 2017  Total:  24 of 36

CS240: lab6. ahn67 Tue Feb 28 21:22:40 EST 2017  Total:  24 of 36

CS240: lab6. ahn67 Tue Feb 28 21:27:20 EST 2017  Total:  24 of 36

CS240: lab6. ahn67 Tue Feb 28 21:28:26 EST 2017  Total:  24 of 36

CS240: lab6. ahn67 Tue Feb 28 21:31:21 EST 2017  Total:  24 of 36

CS240: lab6. ahn67 Tue Feb 28 21:32:08 EST 2017  Total:  24 of 36

CS240: lab6. ahn67 Tue Feb 28 21:32:37 EST 2017  Total:  24 of 36

CS240: lab6. ahn67 Tue Feb 28 21:35:49 EST 2017  Total:  24 of 36

CS240: lab6. ahn67 Tue Feb 28 21:36:09 EST 2017  Total:  24 of 36

CS240: lab6. ahn67 Tue Feb 28 21:48:03 EST 2017  Total:  24 of 36

CS240: lab6. ahn67 Tue Feb 28 22:00:45 EST 2017  Total:  24 of 36

CS240: lab6. ahn67 Tue Feb 28 22:01:21 EST 2017  Total:  24 of 36

CS240: lab6. ahn67 Tue Feb 28 22:02:11 EST 2017  Total:  27 of 36

CS240: lab6. ahn67 Wed Mar 1 17:55:44 EST 2017  Total:  30 of 36

CS240: lab6. ahn67 Wed Mar 1 17:57:13 EST 2017  Total:  30 of 36

CS240: lab6. ahn67 Wed Mar 1 17:58:21 EST 2017  Total:  30 of 36

CS240: lab6. ahn67 Wed Mar 1 17:59:26 EST 2017  Total:  30 of 36

CS240: lab6. ahn67 Wed Mar 1 17:59:47 EST 2017  Total:  30 of 36

CS240: lab6. ahn67 Wed Mar 1 18:00:32 EST 2017  Total:  30 of 36

CS240: lab6. ahn67 Wed Mar 1 18:01:42 EST 2017  Total:  30 of 36

CS240: lab6. ahn67 Wed Mar 1 18:53:20 EST 2017  Total:  30 of 36

CS240: lab6. ahn67 Wed Mar 1 18:54:56 EST 2017  Total:  30 of 36

CS240: lab6. ahn67 Wed Mar 1 18:55:33 EST 2017  Total:  30 of 36

CS240: lab6. ahn67 Wed Mar 1 18:55:54 EST 2017  Total:  30 of 36

CS240: lab6. ahn67 Wed Mar 1 18:56:06 EST 2017  Total:  30 of 36

CS240: lab6. ahn67 Wed Mar 1 18:57:55 EST 2017  Total:  30 of 36

CS240: lab6. ahn67 Wed Mar 1 19:01:36 EST 2017  Total:  30 of 36

CS240: lab6. ahn67 Wed Mar 1 19:02:27 EST 2017  Total:  30 of 36

CS240: lab6. ahn67 Wed Mar 1 19:02:59 EST 2017  Total:  30 of 36

CS240: lab6. ahn67 Wed Mar 1 19:03:51 EST 2017  Total:  30 of 36

CS240: lab6. ahn67 Wed Mar 1 19:07:35 EST 2017  Total:  30 of 36

CS240: lab6. ahn67 Wed Mar 1 19:09:05 EST 2017  Total:  30 of 36

CS240: lab6. ahn67 Wed Mar 1 19:09:30 EST 2017  Total:  30 of 36

CS240: lab6. ahn67 Wed Mar 1 19:09:30 EST 2017  Total:  30 of 36

CS240: lab6. ahn67 Wed Mar 1 19:10:03 EST 2017  Total:  30 of 36

CS240: lab6. ahn67 Wed Mar 1 19:10:03 EST 2017  Total:  30 of 36

CS240: lab6. ahn67 Wed Mar 1 19:17:35 EST 2017  Total:  30 of 36

CS240: lab6. ahn67 Wed Mar 1 19:17:35 EST 2017  Total:  30 of 36

CS240: lab6. ahn67 Wed Mar 1 19:18:59 EST 2017  Total:  30 of 36

CS240: lab6. ahn67 Wed Mar 1 19:18:59 EST 2017  Total:  30 of 36

CS240: lab6. ahn67 Wed Mar 1 19:19:53 EST 2017  Total:  30 of 36

CS240: lab6. ahn67 Wed Mar 1 19:19:53 EST 2017  Total:  30 of 36

CS240: lab6. ahn67 Wed Mar 1 19:22:14 EST 2017  Total:  30 of 36

CS240: lab6. ahn67 Wed Mar 1 19:22:15 EST 2017  Total:  30 of 36

CS240: lab6. ahn67 Wed Mar 1 19:26:09 EST 2017  Total:  30 of 36

CS240: lab6. ahn67 Wed Mar 1 19:29:41 EST 2017  Total:  30 of 36

CS240: lab6. ahn67 Wed Mar 1 19:30:49 EST 2017  Total:  30 of 36

CS240: lab6. ahn67 Wed Mar 1 19:34:37 EST 2017  Total:  30 of 36

CS240: lab6. ahn67 Wed Mar 1 19:35:39 EST 2017  Total:  30 of 36

CS240: lab6. ahn67 Wed Mar 1 19:35:49 EST 2017  Total:  30 of 36

CS240: lab6. ahn67 Wed Mar 1 19:40:06 EST 2017  Total:  30 of 36

CS240: lab6. ahn67 Wed Mar 1 19:42:02 EST 2017  Total:  30 of 36

CS240: lab6. ahn67 Wed Mar 1 19:43:22 EST 2017  Total:  30 of 36

CS240: lab6. ahn67 Wed Mar 1 19:49:29 EST 2017  Total:  30 of 36

CS240: lab6. ahn67 Wed Mar 1 19:52:31 EST 2017  Total:  30 of 36

CS240: lab6. ahn67 Wed Mar 1 19:53:05 EST 2017  Total:  30 of 36

CS240: lab6. ahn67 Wed Mar 1 19:53:15 EST 2017  Total:  30 of 36

CS240: lab6. ahn67 Wed Mar 1 19:54:56 EST 2017  Total:  30 of 36

CS240: lab6. ahn67 Wed Mar 1 19:54:58 EST 2017  Total:  30 of 36

CS240: lab6. ahn67 Wed Mar 1 19:55:43 EST 2017  Total:  30 of 36

CS240: lab6. ahn67 Wed Mar 1 19:57:24 EST 2017  Total:  30 of 36

CS240: lab6. ahn67 Wed Mar 1 19:58:16 EST 2017  Total:  30 of 36

CS240: lab6. ahn67 Wed Mar 1 20:01:09 EST 2017  Total:  30 of 36

CS240: lab6. ahn67 Wed Mar 1 20:03:07 EST 2017  Total:  30 of 36

CS240: lab6. ahn67 Wed Mar 1 20:03:14 EST 2017  Total:  30 of 36

CS240: lab6. ahn67 Wed Mar 1 20:03:17 EST 2017  Total:  30 of 36

CS240: lab6. ahn67 Wed Mar 1 20:03:31 EST 2017  Total:  30 of 36

CS240: lab6. ahn67 Wed Mar 1 20:03:56 EST 2017  Total:  30 of 36

CS240: lab6. ahn67 Wed Mar 1 20:04:02 EST 2017  Total:  30 of 36

CS240: lab6. ahn67 Wed Mar 1 20:05:08 EST 2017  Total:  30 of 36

CS240: lab6. ahn67 Wed Mar 1 20:05:19 EST 2017  Total:  30 of 36

CS240: lab6. ahn67 Wed Mar 1 20:07:50 EST 2017  Total:  30 of 36

CS240: lab6. ahn67 Wed Mar 1 20:09:43 EST 2017  Total:  30 of 36

CS240: lab6. ahn67 Wed Mar 1 20:16:01 EST 2017  Total:  30 of 36

CS240: lab6. ahn67 Wed Mar 1 20:16:24 EST 2017  Total:  30 of 36

CS240: lab6. ahn67 Wed Mar 1 20:18:40 EST 2017  Total:  30 of 36

CS240: lab6. ahn67 Wed Mar 1 20:19:45 EST 2017  Total:  30 of 36

CS240: lab6. ahn67 Wed Mar 1 20:24:03 EST 2017  Total:  30 of 36

CS240: lab6. ahn67 Wed Mar 1 20:30:41 EST 2017  Total:  33 of 36

CS240: lab6. ahn67 Wed Mar 1 20:31:43 EST 2017  Total:  33 of 36

CS240: lab6. ahn67 Wed Mar 1 20:32:17 EST 2017  Total:  33 of 36

CS240: lab6. ahn67 Wed Mar 1 20:32:23 EST 2017  Total:  33 of 36

CS240: lab6. ahn67 Wed Mar 1 21:19:44 EST 2017  Total:  36 of 36

CS240: lab6. ahn67 Fri Mar 3 14:56:12 EST 2017  Total:  36 of 36

CS240: lab6. ahn67 Fri Mar 3 15:33:11 EST 2017  Total:  36 of 36

CS240: lab6. ahn67 Wed Mar 22 01:08:44 EDT 2017  Total:  36 of 36

CS240: lab6. ahn67 Wed Mar 22 01:08:52 EDT 2017  Total:  36 of 36

CS240: lab6. ahn67 Wed Mar 22 19:35:19 EDT 2017  Total:  33 of 36

CS240: lab6. ahn67 Wed Mar 22 19:42:16 EDT 2017  Total:  33 of 36

