CS240: Exam3. pheldrin Thu Dec 10 20:12:55 EST 2015  Total:  25 of 25
25
25
CS240: Exam3. pheldrin Thu Dec 10 20:13:53 EST 2015  Total:  25 of 25
25
25
CS240: Exam3. pheldrin Fri Dec 11 00:41:36 EST 2015  Total:  25 of 25
25
25
CS240: Exam3. pheldrin Fri Dec 11 00:44:55 EST 2015  Total:  25 of 25
25
25
CS240: Exam3. pheldrin Fri Dec 11 22:03:10 EST 2015  Total:  25 of 25
25
25
CS240: Exam3. pheldrin Fri Dec 11 22:12:25 EST 2015  Total:  25 of 25
25
25
CS240: Exam3. pheldrin Fri Dec 11 22:13:32 EST 2015  Total:  25 of 25
25
25
CS240: Exam3. pheldrin Fri Dec 11 22:13:43 EST 2015  Total:  25 of 25
25
25
CS240: Exam3. pheldrin Fri Dec 11 22:20:51 EST 2015  Total:  25 of 25
25
25
CS240: Exam3. pheldrin Fri Dec 11 22:28:36 EST 2015  Total:  25 of 25
25
25
CS240: Exam3. pheldrin Fri Dec 11 22:40:19 EST 2015  Total:  25 of 25
25
25
CS240: Exam3. pheldrin Fri Dec 11 22:41:18 EST 2015  Total:  3 of 25
3
25
CS240: Exam3. pheldrin Fri Dec 11 22:41:24 EST 2015  Total:  3 of 25
3
25
CS240: Exam3. pheldrin Sun Dec 13 21:44:23 EST 2015  Total:  3 of 25
3
25
CS240: Exam3. pheldrin Sun Dec 13 21:44:34 EST 2015  Total:  3 of 25
3
25
CS240: Exam3. pheldrin Sun Dec 13 21:44:54 EST 2015  Total:  3 of 25
3
25
CS240: Exam3. ahn67 Wed May 3 05:20:14 EDT 2017  Total:  3 of 25
3
25
CS240: Exam3. ahn67 Wed May 3 05:23:10 EDT 2017  Total:  3 of 25
3
25
CS240: Exam3. ahn67 Wed May 3 05:29:37 EDT 2017  Total:  3 of 25
3
25
CS240: Exam3. ahn67 Wed May 3 05:30:54 EDT 2017  Total:  3 of 25
3
25
CS240: Exam3. ahn67 Wed May 3 05:32:12 EDT 2017  Total:  3 of 25
3
25
CS240: Exam3. ahn67 Wed May 3 05:32:15 EDT 2017  Total:  3 of 25
3
25
CS240: Exam3. ahn67 Wed May 3 05:33:03 EDT 2017  Total:  3 of 25
3
25
CS240: Exam3. ahn67 Wed May 3 05:33:13 EDT 2017  Total:  3 of 25
3
25
CS240: Exam3. ahn67 Wed May 3 05:37:03 EDT 2017  Total:  3 of 25
3
25
CS240: Exam3. ahn67 Wed May 3 05:39:37 EDT 2017  Total:  3 of 25
3
25
CS240: Exam3. ahn67 Wed May 3 05:42:39 EDT 2017  Total:  3 of 25
3
25
CS240: Exam3. ahn67 Wed May 3 05:45:00 EDT 2017  Total:  3 of 25
3
25
CS240: Exam3. ahn67 Wed May 3 05:45:31 EDT 2017  Total:  3 of 25
3
25
CS240: Exam3. ahn67 Wed May 3 05:45:57 EDT 2017  Total:  3 of 25
3
25
CS240: Exam3. ahn67 Wed May 3 05:46:31 EDT 2017  Total:  3 of 25
3
25
CS240: Exam3. ahn67 Wed May 3 05:46:43 EDT 2017  Total:  3 of 25
3
25
CS240: Exam3. ahn67 Wed May 3 05:47:01 EDT 2017  Total:  3 of 25
3
25
CS240: Exam3. ahn67 Wed May 3 05:47:14 EDT 2017  Total:  3 of 25
3
25
CS240: Exam3. ahn67 Wed May 3 05:47:52 EDT 2017  Total:  3 of 25
3
25
CS240: Exam3. ahn67 Wed May 3 23:47:07 EDT 2017  Total:  3 of 25
3
25
CS240: Exam3. ahn67 Wed May 3 23:47:30 EDT 2017  Total:  3 of 25
3
25
CS240: Exam3. ahn67 Thu May 4 00:01:22 EDT 2017  Total:  3 of 25
3
25
CS240: Exam3. ahn67 Thu May 4 00:11:36 EDT 2017  Total:  22 of 25
22
25
CS240: Exam3. ahn67 Thu May 4 00:11:51 EDT 2017  Total:  22 of 25
22
25
CS240: Exam3. ahn67 Thu May 4 00:13:43 EDT 2017  Total:  25 of 25
25
25
