CS240: lab6. cs240 Tue Mar 31 00:09:52 EDT 2015  Total:  0 of 12

CS240: lab6. cs240 Tue Mar 31 00:10:08 EDT 2015  Total:  12 of 12

CS240: lab6. cs240 Tue Mar 31 00:11:07 EDT 2015  Total:  0 of 12

CS240: lab6. cs240 Tue Mar 31 00:11:39 EDT 2015  Total:  0 of 12

CS240: lab6. cs240 Tue Mar 31 00:13:58 EDT 2015  Total:  0 of 12

CS240: lab6. cs240 Mon Apr 13 14:14:57 EDT 2015  Total:  0 of 62

CS240: lab10. cs240 Sun Apr 2 19:37:56 EDT 2017  Total:  0 of 50

CS240: lab10. cs240 Sun Apr 2 19:40:33 EDT 2017  Total:  0 of 50

CS240: lab10. ahn67 Fri Apr 14 14:52:57 EDT 2017  Total:  20 of 50

CS240: lab10. ahn67 Fri Apr 14 15:38:55 EDT 2017  Total:  20 of 50

CS240: lab10. ahn67 Tue Apr 18 12:23:54 EDT 2017  Total:  20 of 50

CS240: lab10. ahn67 Tue Apr 18 12:47:43 EDT 2017  Total:  20 of 50

CS240: lab10. ahn67 Tue Apr 18 18:02:00 EDT 2017  Total:  25 of 50

CS240: lab10. ahn67 Tue Apr 18 18:11:32 EDT 2017  Total:  25 of 50

CS240: lab10. ahn67 Tue Apr 18 18:28:00 EDT 2017  Total:  25 of 50

CS240: lab10. ahn67 Tue Apr 18 18:56:18 EDT 2017  Total:  25 of 50

CS240: lab10. ahn67 Tue Apr 18 19:02:56 EDT 2017  Total:  35 of 50

CS240: lab10. ahn67 Tue Apr 18 19:08:02 EDT 2017  Total:  25 of 50

CS240: lab10. ahn67 Tue Apr 18 19:09:52 EDT 2017  Total:  35 of 50

CS240: lab10. ahn67 Tue Apr 18 19:12:22 EDT 2017  Total:  35 of 50

CS240: lab10. ahn67 Tue Apr 18 19:18:53 EDT 2017  Total:  35 of 50

CS240: lab10. ahn67 Wed Apr 19 00:45:28 EDT 2017  Total:  35 of 50

CS240: lab10. ahn67 Wed Apr 19 01:03:57 EDT 2017  Total:  40 of 50

CS240: lab10. ahn67 Wed Apr 19 01:08:25 EDT 2017  Total:  40 of 50

CS240: lab10. ahn67 Wed Apr 19 01:10:15 EDT 2017  Total:  40 of 50

CS240: lab10. ahn67 Wed Apr 19 01:12:36 EDT 2017  Total:  30 of 50

CS240: lab10. ahn67 Wed Apr 19 01:15:07 EDT 2017  Total:  30 of 50

CS240: lab10. ahn67 Wed Apr 19 01:16:47 EDT 2017  Total:  40 of 50

CS240: lab10. ahn67 Fri Apr 21 17:23:41 EDT 2017  Total:  40 of 50

CS240: lab10. ahn67 Mon Apr 24 16:41:55 EDT 2017  Total:  40 of 50

CS240: lab10. ahn67 Mon Apr 24 17:07:01 EDT 2017  Total:  0 of 50

CS240: lab10. ahn67 Mon Apr 24 17:10:03 EDT 2017  Total:  40 of 50

CS240: lab10. ahn67 Wed Apr 26 17:02:15 EDT 2017  Total:  40 of 50

CS240: lab10. ahn67 Fri Apr 28 01:59:45 EDT 2017  Total:  40 of 50

CS240: lab10. ahn67 Fri Apr 28 14:44:20 EDT 2017  Total:  40 of 50

CS240: lab10. ahn67 Fri Apr 28 15:30:56 EDT 2017  Total:  40 of 50

CS240: lab10. ahn67 Fri Apr 28 16:22:50 EDT 2017  Total:  40 of 50

