CS240: Exam2. pheldrin Fri Oct 16 02:35:47 EDT 2015  Total:  24 of 24
24
24
CS240: Exam2. pheldrin Fri Oct 16 02:36:21 EDT 2015  Total:  24 of 24
24
24
CS240: Exam2. pheldrin Fri Oct 16 02:36:43 EDT 2015  Total:  24 of 24
24
24
CS240: Exam2. pheldrin Sun Oct 18 00:27:35 EDT 2015  Total:  24 of 24
24
24
CS240: Exam2. pheldrin Sun Oct 18 16:37:54 EDT 2015  Total:  24 of 24
24
24
CS240: Exam2. pheldrin Sun Oct 18 16:38:34 EDT 2015  Total:  24 of 24
24
24
CS240: Exam2. pheldrin Sun Oct 18 16:38:55 EDT 2015  Total:  24 of 24
24
24
CS240: Exam2. pheldrin Sun Oct 18 16:39:20 EDT 2015  Total:  24 of 24
24
24
CS240: Exam2. pheldrin Sun Oct 18 16:39:38 EDT 2015  Total:  24 of 24
24
24
CS240: Exam2. pheldrin Sun Oct 18 17:36:05 EDT 2015  Total:  24 of 24
24
24
CS240: Exam2. pheldrin Sun Oct 18 19:29:30 EDT 2015  Total:  24 of 24
24
24
CS240: Exam2. pheldrin Sun Oct 18 19:41:04 EDT 2015  Total:  24 of 24
24
24
CS240: Exam2. pheldrin Mon Oct 19 00:08:22 EDT 2015  Total:  24 of 24
24
24
CS240: Exam2. cs240 Mon Oct 19 02:25:22 EDT 2015  Total:  24 of 24
24
24
CS240: Exam2. cs240 Mon Oct 19 02:27:00 EDT 2015  Total:  24 of 24
24
24
CS240: Exam2. cs240 Mon Oct 19 02:27:09 EDT 2015  Total:  26 of 26
26
26
CS240: Exam2. cs240 Mon Oct 19 02:27:34 EDT 2015  Total:  30 of 30
30
30
CS240: Exam2. cs240 Mon Oct 19 02:27:53 EDT 2015  Total:  30 of 30
30
30
CS240: Exam2. cs240 Mon Oct 19 02:28:29 EDT 2015  Total:  20 of 20
20
20
CS240: Exam2. cs240 Mon Oct 19 04:35:36 EDT 2015  Total:  20 of 20
20
20
CS240: Exam2. cs240 Mon Oct 19 04:43:03 EDT 2015  Total:  0 of 20
0
20
CS240: Exam2. cs240 Mon Oct 19 04:44:19 EDT 2015  Total:  0 of 20
0
20
CS240: Exam2. cs240 Mon Oct 19 04:48:00 EDT 2015  Total:  0 of 20
0
20
CS240: Exam2. cs240 Mon Oct 19 04:53:57 EDT 2015  Total:  0 of 20
0
20
CS240: Exam2. cs240 Mon Oct 19 12:58:09 EDT 2015  Total:  0 of 20
0
20
CS240: Exam2. cs240 Mon Mar 6 22:13:34 EST 2017  Total:  0 of 20
0
20
CS240: Exam2. ahn67 Fri Mar 10 16:00:06 EST 2017  Total:  0 of 20
0
20
CS240: Exam2. ahn67 Fri Mar 10 16:00:53 EST 2017  Total:  0 of 20
0
20
CS240: Exam2. ahn67 Thu Mar 16 23:35:20 EDT 2017  Total:  5 of 20
5
20
CS240: Exam2. ahn67 Thu Mar 16 23:35:57 EDT 2017  Total:  5 of 20
5
20
CS240: Exam2. ahn67 Fri Mar 17 00:10:26 EDT 2017  Total:  10 of 20
10
20
CS240: Exam2. ahn67 Fri Mar 17 00:15:07 EDT 2017  Total:  10 of 20
10
20
CS240: Exam2. ahn67 Fri Mar 17 00:16:47 EDT 2017  Total:  10 of 20
10
20
CS240: Exam2. ahn67 Fri Mar 17 00:19:55 EDT 2017  Total:  15 of 20
15
20
CS240: Exam2. ahn67 Fri Mar 17 00:21:44 EDT 2017  Total:  15 of 20
15
20
CS240: Exam2. ahn67 Fri Mar 17 00:21:53 EDT 2017  Total:  15 of 20
15
20
CS240: Exam2. ahn67 Fri Mar 17 00:22:38 EDT 2017  Total:  15 of 20
15
20
CS240: Exam2. ahn67 Fri Mar 17 00:22:43 EDT 2017  Total:  15 of 20
15
20
CS240: Exam2. ahn67 Fri Mar 17 00:23:38 EDT 2017  Total:  15 of 20
15
20
CS240: Exam2. ahn67 Sun Mar 19 17:26:31 EDT 2017  Total:  15 of 20
15
20
CS240: Exam2. ahn67 Sun Mar 19 17:31:45 EDT 2017  Total:  15 of 20
15
20
CS240: Exam2. ahn67 Sun Mar 19 17:32:49 EDT 2017  Total:  15 of 20
15
20
CS240: Exam2. ahn67 Sun Mar 19 22:20:35 EDT 2017  Total:  15 of 20
15
20
CS240: Exam2. ahn67 Sun Mar 19 22:20:54 EDT 2017  Total:  15 of 20
15
20
CS240: Exam2. ahn67 Sun Mar 19 22:21:17 EDT 2017  Total:  15 of 20
15
20
CS240: Exam2. ahn67 Sun Mar 19 22:27:15 EDT 2017  Total:  15 of 20
15
20
CS240: Exam2. ahn67 Tue Mar 21 19:32:20 EDT 2017  Total:  20 of 20
20
20
CS240: Exam2. ahn67 Fri Mar 24 01:36:41 EDT 2017  Total:  20 of 20
20
20
